Change Component Designator: Old Designator=C101 New Designator=C81
Change Component Designator: Old Designator=C102 New Designator=C82
Change Component Designator: Old Designator=C103 New Designator=C83
Change Component Designator: Old Designator=C104 New Designator=C84
Change Component Designator: Old Designator=C105 New Designator=C85
Change Component Designator: Old Designator=C106 New Designator=C86
Change Component Designator: Old Designator=C107 New Designator=C87
Change Component Designator: Old Designator=C108 New Designator=C88
Change Component Designator: Old Designator=C109 New Designator=C89
Change Component Designator: Old Designator=C110 New Designator=C90
Change Component Designator: Old Designator=C111 New Designator=C91
Change Component Designator: Old Designator=C112 New Designator=C92
Change Component Designator: Old Designator=C113 New Designator=C93
Change Component Designator: Old Designator=C114 New Designator=C94
Change Component Designator: Old Designator=C115 New Designator=C95
Change Component Designator: Old Designator=C116 New Designator=C96
Change Component Designator: Old Designator=IC7 New Designator=IC9
Change Component Designator: Old Designator=IC11 New Designator=IC10
Change Component Designator: Old Designator=R68 New Designator=R59
Change Component Designator: Old Designator=R69 New Designator=R60
Change Component Designator: Old Designator=R70 New Designator=R61
Change Component Designator: Old Designator=R71 New Designator=R62
Change Component Designator: Old Designator=R72 New Designator=R63
Change Component Designator: Old Designator=R73 New Designator=R64
Change Component Designator: Old Designator=RN2 New Designator=RN3
Change Component Designator: Old Designator=RN4 New Designator=RN2
Change Component Designator: Old Designator=U3 New Designator=U4
Change Component Designator: Old Designator=U4 New Designator=U5
