Change Physical Footprint: Designator=C26 Old Footprint=MURATA_HI_DENSITY_0201 New Footprint=MURATA_HI_DENSITY_0201
Change Physical Footprint: Designator=C27 Old Footprint=CAPC1608X87N New Footprint=CAPC1608X87N
Change Physical Footprint: Designator=C28 Old Footprint=CAPC1608X87N New Footprint=CAPC1608X87N
Change Physical Footprint: Designator=C29 Old Footprint=CAPC1005X55N New Footprint=CAPC1005X55N
Change Physical Footprint: Designator=C30 Old Footprint=MURATA_HI_DENSITY_0402_CAP New Footprint=MURATA_HI_DENSITY_0402_CAP
Change Physical Footprint: Designator=C31 Old Footprint=CAPC0510X04N New Footprint=CAPC0510X04N
Change Physical Footprint: Designator=C32 Old Footprint=CAPC1005X55N New Footprint=CAPC1005X55N
Change Physical Footprint: Designator=C34 Old Footprint=CAPC2012X135N New Footprint=CAPC2012X135N
Change Physical Footprint: Designator=C35 Old Footprint=MURATA_HI_DENSITY_0201 New Footprint=MURATA_HI_DENSITY_0201
Change Physical Footprint: Designator=C37 Old Footprint=MURATA_HI_DENSITY_0402_CAP New Footprint=MURATA_HI_DENSITY_0402_CAP
Change Physical Footprint: Designator=C38 Old Footprint=MURATA_HI_DENSITY_0402_CAP New Footprint=MURATA_HI_DENSITY_0402_CAP
Change Physical Footprint: Designator=C41 Old Footprint=CAPC1005X55N New Footprint=CAPC1005X55N
Change Physical Footprint: Designator=C54 Old Footprint=MURATA_HI_DENSITY_0402_CAP New Footprint=MURATA_HI_DENSITY_0402_CAP
Change Physical Footprint: Designator=C60 Old Footprint=CAPC1005X55N New Footprint=CAPC1005X55N
Change Physical Footprint: Designator=C61 Old Footprint=MURATA_HI_DENSITY_0402_CAP New Footprint=MURATA_HI_DENSITY_0402_CAP
Change Physical Footprint: Designator=C63 Old Footprint=CAPC1005X55N New Footprint=CAPC1005X55N
Change Physical Footprint: Designator=C112 Old Footprint=MURATA_HI_DENSITY_0201 New Footprint=MURATA_HI_DENSITY_0201
Change Physical Footprint: Designator=C114 Old Footprint=MURATA_HI_DENSITY_0201 New Footprint=MURATA_HI_DENSITY_0201
Change Physical Footprint: Designator=D2 Old Footprint=LED_APHHS1005LZGCK-V New Footprint=LED_APHHS1005LZGCK-V
Change Physical Footprint: Designator=IC1_Ch0 Old Footprint=QFN50P300X300X100-17N New Footprint=QFN50P300X300X100-17N
Change Physical Footprint: Designator=IC1_Ch1 Old Footprint=QFN50P300X300X100-17N New Footprint=QFN50P300X300X100-17N
Change Physical Footprint: Designator=IC1_Ch2 Old Footprint=QFN50P300X300X100-17N New Footprint=QFN50P300X300X100-17N
Change Physical Footprint: Designator=IC1_Ch3 Old Footprint=QFN50P300X300X100-17N New Footprint=QFN50P300X300X100-17N
Change Physical Footprint: Designator=IC7 Old Footprint=SOIC127P600X175-8N New Footprint=SOIC127P600X175-8N
Change Physical Footprint: Designator=IC11 Old Footprint=SOP50P490X110-24N New Footprint=SOP50P490X110-24N
Change Physical Footprint: Designator=Q2 Old Footprint=CSD15380F3 New Footprint=CSD15380F3
Change Physical Footprint: Designator=R10 Old Footprint=MURATA_HI_DENSITY_0201 New Footprint=MURATA_HI_DENSITY_0201
Change Physical Footprint: Designator=R13 Old Footprint=RESC1005X40N New Footprint=RESC1005X40N
Change Physical Footprint: Designator=R14 Old Footprint=RESC1005X40N New Footprint=RESC1005X40N
Change Physical Footprint: Designator=R16 Old Footprint=RESC1005X40N New Footprint=RESC1005X40N
Change Physical Footprint: Designator=R19 Old Footprint=RESC1005X40N New Footprint=RESC1005X40N
Change Physical Footprint: Designator=R22 Old Footprint=MURATA_HI_DENSITY_0201 New Footprint=MURATA_HI_DENSITY_0201
Change Physical Footprint: Designator=R67 Old Footprint=RESC0603X28N New Footprint=RESC0603X28N
Change Physical Footprint: Designator=RN2 Old Footprint=EXBU18 New Footprint=EXBU18
Change Physical Footprint: Designator=U6 Old Footprint=YZP8 New Footprint=YZP8
