Remove Class Member: Failed to remove class member
Remove Class Member: Failed to remove class member
Remove Class Member: Failed to remove class member
Remove Class Member: Failed to remove class member
Added Pin To Net: NetName=GND Pin=*1-1
Added Pin To Net: NetName=FPGA_TX1_C_P Pin=*1-2
Added Pin To Net: NetName=GND Pin=*1-3
Added Pin To Net: NetName=FPGA_TX1_C_N Pin=*1-4
Added Pin To Net: NetName=GND Pin=*1-5
Added Pin To Net: NetName=GND Pin=*1-6
Added Pin To Net: NetName=PSC_IN_N Pin=*1-7
Added Pin To Net: NetName=GND Pin=*1-8
Added Pin To Net: NetName=PSC_IN_P Pin=*1-9
Added Pin To Net: NetName=GND Pin=*1-10
Added Pin To Net: NetName=GND Pin=*1-12
Added Pin To Net: NetName=*RST_1V Pin=*1-13
Added Pin To Net: NetName=SCL_1V Pin=*1-14
Added Pin To Net: NetName=SDA_1V Pin=*1-15
Added Pin To Net: NetName=SDA_O Pin=*1-16
Added Pin To Net: NetName=CLK40_1V Pin=*1-17
Added Pin To Net: NetName=GND Pin=*1-18
Added Pin To Net: NetName=1VPSF Pin=*1-19
Added Pin To Net: NetName=GND Pin=C14_Ch0-1
Added Pin To Net: NetName=3V3CDR Pin=C14_Ch0-2
Added Pin To Net: NetName=GND Pin=C14_Ch1-1
Added Pin To Net: NetName=3V3CDR Pin=C14_Ch1-2
Added Pin To Net: NetName=GND Pin=C14_Ch2-1
Added Pin To Net: NetName=3V3CDR Pin=C14_Ch2-2
Added Pin To Net: NetName=GND Pin=C14_Ch3-1
Added Pin To Net: NetName=3V3CDR Pin=C14_Ch3-2
Added Pin To Net: NetName=GND Pin=C15_Ch0-1
Added Pin To Net: NetName=3V3CDR Pin=C15_Ch0-2
Added Pin To Net: NetName=GND Pin=C15_Ch1-1
Added Pin To Net: NetName=3V3CDR Pin=C15_Ch1-2
Added Pin To Net: NetName=GND Pin=C15_Ch2-1
Added Pin To Net: NetName=3V3CDR Pin=C15_Ch2-2
Added Pin To Net: NetName=GND Pin=C15_Ch3-1
Added Pin To Net: NetName=3V3CDR Pin=C15_Ch3-2
Added Pin To Net: NetName=GND Pin=C16_Ch0-1
Added Pin To Net: NetName=3V3CDR Pin=C16_Ch0-2
Added Pin To Net: NetName=GND Pin=C16_Ch1-1
Added Pin To Net: NetName=3V3CDR Pin=C16_Ch1-2
Added Pin To Net: NetName=GND Pin=C16_Ch2-1
Added Pin To Net: NetName=3V3CDR Pin=C16_Ch2-2
Added Pin To Net: NetName=GND Pin=C16_Ch3-1
Added Pin To Net: NetName=3V3CDR Pin=C16_Ch3-2
Added Pin To Net: NetName=CLOCK_OUT_Ch0_P Pin=C17_Ch0-1
Added Pin To Net: NetName=CLOCK_OUT_C_Ch0_P Pin=C17_Ch0-2
Added Pin To Net: NetName=CLOCK_OUT_Ch1_P Pin=C17_Ch1-1
Added Pin To Net: NetName=CLOCK_OUT_C_Ch1_P Pin=C17_Ch1-2
Added Pin To Net: NetName=CLOCK_OUT_Ch2_P Pin=C17_Ch2-1
Added Pin To Net: NetName=CLOCK_OUT_C_Ch2_P Pin=C17_Ch2-2
Added Pin To Net: NetName=CLOCK_OUT_Ch3_P Pin=C17_Ch3-1
Added Pin To Net: NetName=CLOCK_OUT_C_Ch3_P Pin=C17_Ch3-2
Added Pin To Net: NetName=CLOCK_OUT_Ch0_N Pin=C18_Ch0-1
Added Pin To Net: NetName=CLOCK_OUT_C_Ch0_N Pin=C18_Ch0-2
Added Pin To Net: NetName=CLOCK_OUT_Ch1_N Pin=C18_Ch1-1
Added Pin To Net: NetName=CLOCK_OUT_C_Ch1_N Pin=C18_Ch1-2
Added Pin To Net: NetName=CLOCK_OUT_Ch2_N Pin=C18_Ch2-1
Added Pin To Net: NetName=CLOCK_OUT_C_Ch2_N Pin=C18_Ch2-2
Added Pin To Net: NetName=CLOCK_OUT_Ch3_N Pin=C18_Ch3-1
Added Pin To Net: NetName=CLOCK_OUT_C_Ch3_N Pin=C18_Ch3-2
Added Pin To Net: NetName=GND Pin=C19_Ch0-1
Added Pin To Net: NetName=VREFAC Pin=C19_Ch0-2
Added Pin To Net: NetName=GND Pin=C19_Ch1-1
Added Pin To Net: NetName=VREFAC Pin=C19_Ch1-2
Added Pin To Net: NetName=GND Pin=C19_Ch2-1
Added Pin To Net: NetName=VREFAC Pin=C19_Ch2-2
Added Pin To Net: NetName=GND Pin=C19_Ch3-1
Added Pin To Net: NetName=VREFAC Pin=C19_Ch3-2
Added Pin To Net: NetName=GND Pin=C20_Ch0-1
Added Pin To Net: NetName=3V3CDR Pin=C20_Ch0-2
Added Pin To Net: NetName=GND Pin=C20_Ch1-1
Added Pin To Net: NetName=3V3CDR Pin=C20_Ch1-2
Added Pin To Net: NetName=GND Pin=C20_Ch2-1
Added Pin To Net: NetName=3V3CDR Pin=C20_Ch2-2
Added Pin To Net: NetName=GND Pin=C20_Ch3-1
Added Pin To Net: NetName=3V3CDR Pin=C20_Ch3-2
Added Pin To Net: NetName=GND Pin=C21_Ch0-1
Added Pin To Net: NetName=3V3CDR Pin=C21_Ch0-2
Added Pin To Net: NetName=GND Pin=C21_Ch1-1
Added Pin To Net: NetName=3V3CDR Pin=C21_Ch1-2
Added Pin To Net: NetName=GND Pin=C21_Ch2-1
Added Pin To Net: NetName=3V3CDR Pin=C21_Ch2-2
Added Pin To Net: NetName=GND Pin=C21_Ch3-1
Added Pin To Net: NetName=3V3CDR Pin=C21_Ch3-2
Added Pin To Net: NetName=GND Pin=C22_Ch0-1
Added Pin To Net: NetName=NetC22_Ch0_2 Pin=C22_Ch0-2
Added Pin To Net: NetName=GND Pin=C22_Ch1-1
Added Pin To Net: NetName=NetC22_Ch1_2 Pin=C22_Ch1-2
Added Pin To Net: NetName=GND Pin=C22_Ch2-1
Added Pin To Net: NetName=NetC22_Ch2_2 Pin=C22_Ch2-2
Added Pin To Net: NetName=GND Pin=C22_Ch3-1
Added Pin To Net: NetName=NetC22_Ch3_2 Pin=C22_Ch3-2
Added Pin To Net: NetName=IN_Ch0_N Pin=C23_Ch0-1
Added Pin To Net: NetName=DATA_IN_C_Ch0_N Pin=C23_Ch0-2
Added Pin To Net: NetName=IN_Ch1_N Pin=C23_Ch1-1
Added Pin To Net: NetName=DATA_IN_C_Ch1_N Pin=C23_Ch1-2
Added Pin To Net: NetName=IN_Ch2_N Pin=C23_Ch2-1
Added Pin To Net: NetName=DATA_IN_C_Ch2_N Pin=C23_Ch2-2
Added Pin To Net: NetName=IN_Ch3_N Pin=C23_Ch3-1
Added Pin To Net: NetName=DATA_IN_C_Ch3_N Pin=C23_Ch3-2
Added Pin To Net: NetName=IN_Ch0_P Pin=C24_Ch0-1
Added Pin To Net: NetName=DATA_IN_C_Ch0_P Pin=C24_Ch0-2
Added Pin To Net: NetName=IN_Ch1_P Pin=C24_Ch1-1
Added Pin To Net: NetName=DATA_IN_C_Ch1_P Pin=C24_Ch1-2
Added Pin To Net: NetName=IN_Ch2_P Pin=C24_Ch2-1
Added Pin To Net: NetName=DATA_IN_C_Ch2_P Pin=C24_Ch2-2
Added Pin To Net: NetName=IN_Ch3_P Pin=C24_Ch3-1
Added Pin To Net: NetName=DATA_IN_C_Ch3_P Pin=C24_Ch3-2
Added Pin To Net: NetName=NetC25_Ch0_1 Pin=C25_Ch0-1
Added Pin To Net: NetName=NetC25_Ch0_2 Pin=C25_Ch0-2
Added Pin To Net: NetName=NetC25_Ch1_1 Pin=C25_Ch1-1
Added Pin To Net: NetName=NetC25_Ch1_2 Pin=C25_Ch1-2
Added Pin To Net: NetName=NetC25_Ch2_1 Pin=C25_Ch2-1
Added Pin To Net: NetName=NetC25_Ch2_2 Pin=C25_Ch2-2
Added Pin To Net: NetName=NetC25_Ch3_1 Pin=C25_Ch3-1
Added Pin To Net: NetName=NetC25_Ch3_2 Pin=C25_Ch3-2
Added Pin To Net: NetName=3V3APLL_EN Pin=C26-2
Added Pin To Net: NetName=NetC33_1 Pin=C33-1
Added Pin To Net: NetName=P12V Pin=C34-2
Added Pin To Net: NetName=P12V Pin=C35-2
Added Pin To Net: NetName=P3V6 Pin=C36-2
Added Pin To Net: NetName=P3V6 Pin=C38-2
Added Pin To Net: NetName=P3V6 Pin=C39-2
Added Pin To Net: NetName=3V3CDR Pin=C40-2
Added Pin To Net: NetName=NetC41_2 Pin=C41-2
Added Pin To Net: NetName=GND Pin=C54-1
Added Pin To Net: NetName=NetC54_2 Pin=C54-2
Added Pin To Net: NetName=GND Pin=C55-1
Added Pin To Net: NetName=NetC54_2 Pin=C55-2
Added Pin To Net: NetName=GND Pin=C56-1
Added Pin To Net: NetName=NetC56_2 Pin=C56-2
Added Pin To Net: NetName=P3V6 Pin=C57-1
Added Pin To Net: NetName=NetC57_2 Pin=C57-2
Added Pin To Net: NetName=GND Pin=C58-1
Added Pin To Net: NetName=P3V3 Pin=C58-2
Added Pin To Net: NetName=GND Pin=C59-1
Added Pin To Net: NetName=1V8 Pin=C59-2
Added Pin To Net: NetName=GND Pin=C60-1
Added Pin To Net: NetName=NetC60_2 Pin=C60-2
Added Pin To Net: NetName=GND Pin=C61-1
Added Pin To Net: NetName=NetC61_2 Pin=C61-2
Added Pin To Net: NetName=NetC61_2 Pin=C62-2
Added Pin To Net: NetName=NetC63_2 Pin=C63-2
Added Pin To Net: NetName=GND Pin=C64-1
Added Pin To Net: NetName=3V3CDR_EN Pin=C64-2
Added Pin To Net: NetName=GND Pin=C65-1
Added Pin To Net: NetName=P3V3 Pin=C65-2
Added Pin To Net: NetName=1VPSF Pin=C96-2
Added Pin To Net: NetName=1VPSF Pin=C97-2
Added Pin To Net: NetName=1V8_EN Pin=C98-2
Added Pin To Net: NetName=NetC99_2 Pin=C99-2
Added Pin To Net: NetName=NetC99_2 Pin=C100-2
Added Pin To Net: NetName=FPGA_TX0_C_P Pin=C101-1
Added Pin To Net: NetName=FPGA_TX0_P Pin=C101-2
Added Pin To Net: NetName=FPGA_TX0_C_N Pin=C102-1
Added Pin To Net: NetName=FPGA_TX0_N Pin=C102-2
Added Pin To Net: NetName=FPGA_TX1_C_P Pin=C103-1
Added Pin To Net: NetName=FPGA_TX1_P Pin=C103-2
Added Pin To Net: NetName=FPGA_TX1_C_N Pin=C104-1
Added Pin To Net: NetName=FPGA_TX1_N Pin=C104-2
Added Pin To Net: NetName=FPGA_RX0_C_P Pin=C105-1
Added Pin To Net: NetName=FPGA_RX0_P Pin=C105-2
Added Pin To Net: NetName=FPGA_RX0_C_N Pin=C106-1
Added Pin To Net: NetName=FPGA_RX0_N Pin=C106-2
Added Pin To Net: NetName=FPGA_RX1_C_P Pin=C107-1
Added Pin To Net: NetName=FPGA_RX1_P Pin=C107-2
Added Pin To Net: NetName=FPGA_RX1_C_N Pin=C108-1
Added Pin To Net: NetName=FPGA_RX1_N Pin=C108-2
Added Pin To Net: NetName=GND Pin=C109-1
Added Pin To Net: NetName=P3V3A Pin=C109-2
Added Pin To Net: NetName=GND Pin=C110-1
Added Pin To Net: NetName=P3V3 Pin=C110-2
Added Pin To Net: NetName=GT_REFCLK_AUX_P Pin=C111-1
Added Pin To Net: NetName=NetC111_2 Pin=C111-2
Added Pin To Net: NetName=GND Pin=C112-1
Added Pin To Net: NetName=VADJ Pin=C112-2
Added Pin To Net: NetName=GND Pin=C113-1
Added Pin To Net: NetName=P3V3 Pin=C113-2
Added Pin To Net: NetName=GND Pin=C114-1
Added Pin To Net: NetName=VADJ Pin=C114-2
Added Pin To Net: NetName=GND Pin=C115-1
Added Pin To Net: NetName=P3V3 Pin=C115-2
Added Pin To Net: NetName=GT_REFCLK_AUX_N Pin=C116-1
Added Pin To Net: NetName=NetC116_2 Pin=C116-2
Added Pin To Net: NetName=GND Pin=C117-1
Added Pin To Net: NetName=3V3CDR Pin=C117-2
Added Pin To Net: NetName=GND Pin=C118-1
Added Pin To Net: NetName=3V3CDR Pin=C118-2
Added Pin To Net: NetName=GND Pin=C119-1
Added Pin To Net: NetName=3V3CDR Pin=C119-2
Added Pin To Net: NetName=GND Pin=C120-1
Added Pin To Net: NetName=3V3CDR Pin=C120-2
Added Pin To Net: NetName=GND Pin=C121-1
Added Pin To Net: NetName=3V3CDR Pin=C121-2
Added Pin To Net: NetName=GND Pin=C122-1
Added Pin To Net: NetName=3V3CDR Pin=C122-2
Added Pin To Net: NetName=GND Pin=C123-1
Added Pin To Net: NetName=1VPSF Pin=C123-2
Added Pin To Net: NetName=GND Pin=C124-1
Added Pin To Net: NetName=1VPSF Pin=C124-2
Added Pin To Net: NetName=GND Pin=C125-1
Added Pin To Net: NetName=1VPSF Pin=C125-2
Added Pin To Net: NetName=PSC_IN_P Pin=C126-1
Added Pin To Net: NetName=PSC_IN_C_P Pin=C126-2
Added Pin To Net: NetName=PSC_OUT_P Pin=C127-1
Added Pin To Net: NetName=FPGA_TX1_PS_P Pin=C127-2
Added Pin To Net: NetName=PSC_IN_N Pin=C128-1
Added Pin To Net: NetName=PSC_IN_C_N Pin=C128-2
Added Pin To Net: NetName=PSC_OUT_N Pin=C129-1
Added Pin To Net: NetName=FPGA_TX1_PS_N Pin=C129-2
Added Pin To Net: NetName=GND Pin=C130-1
Added Pin To Net: NetName=VADJ Pin=C130-2
Added Pin To Net: NetName=3V3CDR Pin=C131-1
Added Pin To Net: NetName=NetC131_2 Pin=C131-2
Added Pin To Net: NetName=3V3CDR Pin=C132-1
Added Pin To Net: NetName=NetC131_2 Pin=C132-2
Added Pin To Net: NetName=1VPSF Pin=C133-1
Added Pin To Net: NetName=GND Pin=C133-2
Added Pin To Net: NetName=GND Pin=C134-1
Added Pin To Net: NetName=VADJ Pin=C134-2
Added Pin To Net: NetName=GND Pin=C135-1
Added Pin To Net: NetName=P3V3 Pin=C135-2
Added Pin To Net: NetName=OE_SN74 Pin=C136-1
Added Pin To Net: NetName=GND Pin=C136-2
Added Pin To Net: NetName=1VPSF Pin=C137-1
Added Pin To Net: NetName=GND Pin=C137-2
Added Pin To Net: NetName=GND Pin=C138-1
Added Pin To Net: NetName=NetC138_2 Pin=C138-2
Added Pin To Net: NetName=GND Pin=C139-1
Added Pin To Net: NetName=1VPSF Pin=C139-2
Added Pin To Net: NetName=NetD4_1 Pin=D4-1
Added Pin To Net: NetName=NetD4_2 Pin=D4-2
Added Pin To Net: NetName=VADJ Pin=D6-1
Added Pin To Net: NetName=OE_LS Pin=D6-2
Added Pin To Net: NetName=P3V3 Pin=IC6-1
Added Pin To Net: NetName=P3V3 Pin=IC6-2
Added Pin To Net: NetName=P3V3 Pin=IC6-3
Added Pin To Net: NetName=pg Pin=IC6-4
Added Pin To Net: NetName=NetIC6_5 Pin=IC6-5
Added Pin To Net: NetName=NetIC6_6 Pin=IC6-6
Added Pin To Net: NetName=NetC99_2 Pin=IC6-7
Added Pin To Net: NetName=GND Pin=IC6-8
Added Pin To Net: NetName=1VPSF Pin=IC6-9
Added Pin To Net: NetName=1VPSF Pin=IC6-10
Added Pin To Net: NetName=GND Pin=IC6-11
Added Pin To Net: NetName=FMC_GA1 Pin=IC7-1
Added Pin To Net: NetName=FMC_GA0 Pin=IC7-2
Added Pin To Net: NetName=GND Pin=IC7-3
Added Pin To Net: NetName=GND Pin=IC7-4
Added Pin To Net: NetName=FMC_SDA Pin=IC7-5
Added Pin To Net: NetName=FMC_SCL Pin=IC7-6
Added Pin To Net: NetName=NetIC7_7 Pin=IC7-7
Added Pin To Net: NetName=P3V3A Pin=IC7-8
Added Pin To Net: NetName=P3V3 Pin=IC11-1
Added Pin To Net: NetName=P3V3 Pin=IC11-2
Added Pin To Net: NetName=NetIC11_3 Pin=IC11-3
Added Pin To Net: NetName=SDA0 Pin=IC11-4
Added Pin To Net: NetName=SCL0 Pin=IC11-5
Added Pin To Net: NetName=SDA1 Pin=IC11-6
Added Pin To Net: NetName=SCL1 Pin=IC11-7
Added Pin To Net: NetName=SDA_CDR_0 Pin=IC11-8
Added Pin To Net: NetName=SCL_CDR_0 Pin=IC11-9
Added Pin To Net: NetName=SDA_CDR_1 Pin=IC11-10
Added Pin To Net: NetName=SCL_CDR_1 Pin=IC11-11
Added Pin To Net: NetName=SDA_CDR_2 Pin=IC11-13
Added Pin To Net: NetName=SCL_CDR_2 Pin=IC11-14
Added Pin To Net: NetName=SDA_CDR_3 Pin=IC11-15
Added Pin To Net: NetName=SCL_CDR_3 Pin=IC11-16
Added Pin To Net: NetName=P3V3 Pin=IC11-21
Added Pin To Net: NetName=ADJ_SCL Pin=IC11-22
Added Pin To Net: NetName=ADJ_SDA Pin=IC11-23
Added Pin To Net: NetName=P3V3 Pin=IC11-24
Added Pin To Net: NetName=GND Pin=IC12-1
Added Pin To Net: NetName=CLK40_P Pin=IC12-2
Added Pin To Net: NetName=CLK40_N Pin=IC12-3
Added Pin To Net: NetName=VADJ Pin=IC12-5
Added Pin To Net: NetName=GND Pin=IC12-7
Added Pin To Net: NetName=CLK40 Pin=IC12-8
Added Pin To Net: NetName=VADJ Pin=IC12-10
Added Pin To Net: NetName=NetLED5_Ch0_1 Pin=LED5_Ch0-1
Added Pin To Net: NetName=NetLED5_Ch0_2 Pin=LED5_Ch0-2
Added Pin To Net: NetName=NetLED5_Ch1_1 Pin=LED5_Ch1-1
Added Pin To Net: NetName=NetLED5_Ch1_2 Pin=LED5_Ch1-2
Added Pin To Net: NetName=NetLED5_Ch2_1 Pin=LED5_Ch2-1
Added Pin To Net: NetName=NetLED5_Ch2_2 Pin=LED5_Ch2-2
Added Pin To Net: NetName=NetLED5_Ch3_1 Pin=LED5_Ch3-1
Added Pin To Net: NetName=NetLED5_Ch3_2 Pin=LED5_Ch3-2
Added Pin To Net: NetName=NetQ1_Ch0_1 Pin=Q1_Ch0-1
Added Pin To Net: NetName=GND Pin=Q1_Ch0-2
Added Pin To Net: NetName=NetLED5_Ch0_1 Pin=Q1_Ch0-3
Added Pin To Net: NetName=NetQ1_Ch1_1 Pin=Q1_Ch1-1
Added Pin To Net: NetName=GND Pin=Q1_Ch1-2
Added Pin To Net: NetName=NetLED5_Ch1_1 Pin=Q1_Ch1-3
Added Pin To Net: NetName=NetQ1_Ch2_1 Pin=Q1_Ch2-1
Added Pin To Net: NetName=GND Pin=Q1_Ch2-2
Added Pin To Net: NetName=NetLED5_Ch2_1 Pin=Q1_Ch2-3
Added Pin To Net: NetName=NetQ1_Ch3_1 Pin=Q1_Ch3-1
Added Pin To Net: NetName=GND Pin=Q1_Ch3-2
Added Pin To Net: NetName=NetLED5_Ch3_1 Pin=Q1_Ch3-3
Added Pin To Net: NetName=1V8_DIS Pin=Q11-1
Added Pin To Net: NetName=GND Pin=Q11-2
Added Pin To Net: NetName=NetQ11_3 Pin=Q11-3
Added Pin To Net: NetName=pg Pin=Q12-1
Added Pin To Net: NetName=GND Pin=Q12-2
Added Pin To Net: NetName=NetD4_1 Pin=Q12-3
Added Pin To Net: NetName=OE_SN74 Pin=Q13-1
Added Pin To Net: NetName=GND Pin=Q13-2
Added Pin To Net: NetName=*OE_SN74 Pin=Q13-3
Added Pin To Net: NetName=CLOCK_OUT_Ch0_P Pin=R1_Ch0-1
Added Pin To Net: NetName=3V3CDR Pin=R1_Ch0-2
Added Pin To Net: NetName=CLOCK_OUT_Ch1_P Pin=R1_Ch1-1
Added Pin To Net: NetName=3V3CDR Pin=R1_Ch1-2
Added Pin To Net: NetName=CLOCK_OUT_Ch2_P Pin=R1_Ch2-1
Added Pin To Net: NetName=3V3CDR Pin=R1_Ch2-2
Added Pin To Net: NetName=CLOCK_OUT_Ch3_P Pin=R1_Ch3-1
Added Pin To Net: NetName=3V3CDR Pin=R1_Ch3-2
Added Pin To Net: NetName=CLOCK_OUT_Ch0_N Pin=R2_Ch0-1
Added Pin To Net: NetName=3V3CDR Pin=R2_Ch0-2
Added Pin To Net: NetName=CLOCK_OUT_Ch1_N Pin=R2_Ch1-1
Added Pin To Net: NetName=3V3CDR Pin=R2_Ch1-2
Added Pin To Net: NetName=CLOCK_OUT_Ch2_N Pin=R2_Ch2-1
Added Pin To Net: NetName=3V3CDR Pin=R2_Ch2-2
Added Pin To Net: NetName=CLOCK_OUT_Ch3_N Pin=R2_Ch3-1
Added Pin To Net: NetName=3V3CDR Pin=R2_Ch3-2
Added Pin To Net: NetName=NetR3_Ch0_1 Pin=R3_Ch0-1
Added Pin To Net: NetName=3V3CDR Pin=R3_Ch0-2
Added Pin To Net: NetName=NetR3_Ch1_1 Pin=R3_Ch1-1
Added Pin To Net: NetName=3V3CDR Pin=R3_Ch1-2
Added Pin To Net: NetName=NetR3_Ch2_1 Pin=R3_Ch2-1
Added Pin To Net: NetName=3V3CDR Pin=R3_Ch2-2
Added Pin To Net: NetName=NetR3_Ch3_1 Pin=R3_Ch3-1
Added Pin To Net: NetName=3V3CDR Pin=R3_Ch3-2
Added Pin To Net: NetName=NetR4_Ch0_1 Pin=R4_Ch0-1
Added Pin To Net: NetName=3V3CDR Pin=R4_Ch0-2
Added Pin To Net: NetName=NetR4_Ch1_1 Pin=R4_Ch1-1
Added Pin To Net: NetName=3V3CDR Pin=R4_Ch1-2
Added Pin To Net: NetName=NetR4_Ch2_1 Pin=R4_Ch2-1
Added Pin To Net: NetName=3V3CDR Pin=R4_Ch2-2
Added Pin To Net: NetName=NetR4_Ch3_1 Pin=R4_Ch3-1
Added Pin To Net: NetName=3V3CDR Pin=R4_Ch3-2
Added Pin To Net: NetName=NetLED5_Ch0_2 Pin=R5_Ch0-1
Added Pin To Net: NetName=3V3CDR Pin=R5_Ch0-2
Added Pin To Net: NetName=NetLED5_Ch1_2 Pin=R5_Ch1-1
Added Pin To Net: NetName=3V3CDR Pin=R5_Ch1-2
Added Pin To Net: NetName=NetLED5_Ch2_2 Pin=R5_Ch2-1
Added Pin To Net: NetName=3V3CDR Pin=R5_Ch2-2
Added Pin To Net: NetName=NetLED5_Ch3_2 Pin=R5_Ch3-1
Added Pin To Net: NetName=3V3CDR Pin=R5_Ch3-2
Added Pin To Net: NetName=GND Pin=R6_Ch0-1
Added Pin To Net: NetName=NetR6_Ch0_2 Pin=R6_Ch0-2
Added Pin To Net: NetName=GND Pin=R6_Ch1-1
Added Pin To Net: NetName=NetR6_Ch1_2 Pin=R6_Ch1-2
Added Pin To Net: NetName=GND Pin=R6_Ch2-1
Added Pin To Net: NetName=NetR6_Ch2_2 Pin=R6_Ch2-2
Added Pin To Net: NetName=GND Pin=R6_Ch3-1
Added Pin To Net: NetName=NetR6_Ch3_2 Pin=R6_Ch3-2
Added Pin To Net: NetName=CDR_LOS_0 Pin=R7_Ch0-1
Added Pin To Net: NetName=NetQ1_Ch0_1 Pin=R7_Ch0-2
Added Pin To Net: NetName=CDR_LOS_1 Pin=R7_Ch1-1
Added Pin To Net: NetName=NetQ1_Ch1_1 Pin=R7_Ch1-2
Added Pin To Net: NetName=CDR_LOS_2 Pin=R7_Ch2-1
Added Pin To Net: NetName=NetQ1_Ch2_1 Pin=R7_Ch2-2
Added Pin To Net: NetName=CDR_LOS_3 Pin=R7_Ch3-1
Added Pin To Net: NetName=NetQ1_Ch3_1 Pin=R7_Ch3-2
Added Pin To Net: NetName=CDR_LOL_0 Pin=R8_Ch0-1
Added Pin To Net: NetName=NetQ1_Ch0_1 Pin=R8_Ch0-2
Added Pin To Net: NetName=CDR_LOL_1 Pin=R8_Ch1-1
Added Pin To Net: NetName=NetQ1_Ch1_1 Pin=R8_Ch1-2
Added Pin To Net: NetName=CDR_LOL_2 Pin=R8_Ch2-1
Added Pin To Net: NetName=NetQ1_Ch2_1 Pin=R8_Ch2-2
Added Pin To Net: NetName=CDR_LOL_3 Pin=R8_Ch3-1
Added Pin To Net: NetName=NetQ1_Ch3_1 Pin=R8_Ch3-2
Added Pin To Net: NetName=NetQ2_3 Pin=R10-1
Added Pin To Net: NetName=3V3APLL_EN Pin=R10-2
Added Pin To Net: NetName=3V3_APLL_DIS Pin=R12-2
Added Pin To Net: NetName=GND Pin=R14-1
Added Pin To Net: NetName=NetIC3_6 Pin=R14-2
Added Pin To Net: NetName=NetD2_2 Pin=R16-1
Added Pin To Net: NetName=3V3CDR Pin=R16-2
Added Pin To Net: NetName=P3V6 Pin=R18-1
Added Pin To Net: NetName=NetC57_2 Pin=R18-2
Added Pin To Net: NetName=P3V6 Pin=R20-2
Added Pin To Net: NetName=3V3CDR_EN Pin=R23-1
Added Pin To Net: NetName=P3V6 Pin=R23-2
Added Pin To Net: NetName=NetQ4_3 Pin=R24-1
Added Pin To Net: NetName=3V3CDR_EN Pin=R24-2
Added Pin To Net: NetName=GND Pin=R25-1
Added Pin To Net: NetName=VREFAC Pin=R25-2
Added Pin To Net: NetName=NetC60_2 Pin=R26-1
Added Pin To Net: NetName=NetIC5_6 Pin=R26-2
Added Pin To Net: NetName=1V8 Pin=R43-1
Added Pin To Net: NetName=NetQ3_1 Pin=R43-2
Added Pin To Net: NetName=GND Pin=R44-1
Added Pin To Net: NetName=NetIC5_6 Pin=R44-2
Added Pin To Net: NetName=GND Pin=R45-1
Added Pin To Net: NetName=3V3_CDR_DIS Pin=R45-2
Added Pin To Net: NetName=GND Pin=R46-1
Added Pin To Net: NetName=NetIC6_5 Pin=R46-2
Added Pin To Net: NetName=NetD4_2 Pin=R47-1
Added Pin To Net: NetName=P3V3 Pin=R47-2
Added Pin To Net: NetName=1V8_EN Pin=R48-1
Added Pin To Net: NetName=P3V3 Pin=R48-2
Added Pin To Net: NetName=NetQ11_3 Pin=R49-1
Added Pin To Net: NetName=1V8_EN Pin=R49-2
Added Pin To Net: NetName=NetIC6_6 Pin=R62-1
Added Pin To Net: NetName=1VPSF Pin=R62-2
Added Pin To Net: NetName=pg Pin=R63-1
Added Pin To Net: NetName=P3V3 Pin=R63-2
Added Pin To Net: NetName=GND Pin=R64-1
Added Pin To Net: NetName=1V8_DIS Pin=R64-2
Added Pin To Net: NetName=OE_LS Pin=R65-1
Added Pin To Net: NetName=GND Pin=R65-2
Added Pin To Net: NetName=P3V3 Pin=R66-1
Added Pin To Net: NetName=OE_LS Pin=R66-2
Added Pin To Net: NetName=GND Pin=R67-1
Added Pin To Net: NetName=NetIC6_6 Pin=R67-2
Added Pin To Net: NetName=P3V3A Pin=R68-1
Added Pin To Net: NetName=FMC_SCL Pin=R68-2
Added Pin To Net: NetName=P3V3A Pin=R69-1
Added Pin To Net: NetName=FMC_SDA Pin=R69-2
Added Pin To Net: NetName=NetIC7_7 Pin=R70-1
Added Pin To Net: NetName=GND Pin=R70-2
Added Pin To Net: NetName=ADJ_SCL Pin=R71-1
Added Pin To Net: NetName=VADJ Pin=R71-2
Added Pin To Net: NetName=ADJ_SDA Pin=R72-1
Added Pin To Net: NetName=VADJ Pin=R72-2
Added Pin To Net: NetName=VADJ Pin=R73-1
Added Pin To Net: NetName=NetIC11_3 Pin=R73-2
Added Pin To Net: NetName=SDA_O Pin=R74-1
Added Pin To Net: NetName=SDA_1V Pin=R74-2
Added Pin To Net: NetName=CLK40_P Pin=R75-1
Added Pin To Net: NetName=GND Pin=R75-2
Added Pin To Net: NetName=CLK40_N Pin=R76-1
Added Pin To Net: NetName=CLK40_P Pin=R76-2
Added Pin To Net: NetName=GND Pin=R77-1
Added Pin To Net: NetName=CLK40_N Pin=R77-2
Added Pin To Net: NetName=NetR78_1 Pin=R78-1
Added Pin To Net: NetName=3V3CDR Pin=R78-2
Added Pin To Net: NetName=*OE_SN74 Pin=R79-1
Added Pin To Net: NetName=1VPSF Pin=R79-2
Added Pin To Net: NetName=1VPSF Pin=R80-1
Added Pin To Net: NetName=OE_SN74 Pin=R80-2
Added Pin To Net: NetName=GND Pin=R81-1
Added Pin To Net: NetName=*RST_PSF Pin=R81-2
Added Pin To Net: NetName=NetC138_2 Pin=R82-1
Added Pin To Net: NetName=VADJ Pin=R82-2
Added Pin To Net: NetName=SDA_1V Pin=R83-1
Added Pin To Net: NetName=1VPSF Pin=R83-2
Added Pin To Net: NetName=SCL_1V Pin=R84-1
Added Pin To Net: NetName=1VPSF Pin=R84-2
Added Pin To Net: NetName=SDA_PSF Pin=R85-1
Added Pin To Net: NetName=VADJ Pin=R85-2
Added Pin To Net: NetName=SCL_PSF Pin=R86-1
Added Pin To Net: NetName=VADJ Pin=R86-2
Added Pin To Net: NetName=SDA_CDR_0 Pin=RN1-1
Added Pin To Net: NetName=SCL_CDR_0 Pin=RN1-2
Added Pin To Net: NetName=SDA_CDR_1 Pin=RN1-3
Added Pin To Net: NetName=SCL_CDR_1 Pin=RN1-4
Added Pin To Net: NetName=SDA_CDR_2 Pin=RN1-5
Added Pin To Net: NetName=SCL_CDR_2 Pin=RN1-6
Added Pin To Net: NetName=SDA_CDR_3 Pin=RN1-7
Added Pin To Net: NetName=SCL_CDR_3 Pin=RN1-8
Added Pin To Net: NetName=P3V3 Pin=RN1-9
Added Pin To Net: NetName=P3V3 Pin=RN1-10
Added Pin To Net: NetName=P3V3 Pin=RN1-11
Added Pin To Net: NetName=P3V3 Pin=RN1-12
Added Pin To Net: NetName=P3V3 Pin=RN1-13
Added Pin To Net: NetName=P3V3 Pin=RN1-14
Added Pin To Net: NetName=P3V3 Pin=RN1-15
Added Pin To Net: NetName=P3V3 Pin=RN1-16
Added Pin To Net: NetName=P3V3 Pin=RN2-1
Added Pin To Net: NetName=P3V3 Pin=RN2-2
Added Pin To Net: NetName=P3V3 Pin=RN2-3
Added Pin To Net: NetName=P3V3 Pin=RN2-4
Added Pin To Net: NetName=SCL1 Pin=RN2-5
Added Pin To Net: NetName=SDA1 Pin=RN2-6
Added Pin To Net: NetName=SCL0 Pin=RN2-7
Added Pin To Net: NetName=SDA0 Pin=RN2-8
Added Pin To Net: NetName=GND Pin=RN3-1
Added Pin To Net: NetName=GND Pin=RN3-2
Added Pin To Net: NetName=GND Pin=RN3-3
Added Pin To Net: NetName=GND Pin=RN3-4
Added Pin To Net: NetName=SDA_PSC Pin=RN3-5
Added Pin To Net: NetName=SCL_PSC Pin=RN3-6
Added Pin To Net: NetName=SLOAD_PSC Pin=RN3-7
Added Pin To Net: NetName=SOUT_PSC Pin=RN3-8
Added Pin To Net: NetName=NetR4_Ch0_1 Pin=U1_Ch0-1
Added Pin To Net: NetName=3V3CDR Pin=U1_Ch0-2
Added Pin To Net: NetName=NetC22_Ch0_2 Pin=U1_Ch0-3
Added Pin To Net: NetName=DATA_IN_C_Ch0_N Pin=U1_Ch0-4
Added Pin To Net: NetName=DATA_IN_C_Ch0_P Pin=U1_Ch0-5
Added Pin To Net: NetName=GND Pin=U1_Ch0-6
Added Pin To Net: NetName=GND Pin=U1_Ch0-7
Added Pin To Net: NetName=GND Pin=U1_Ch0-8
Added Pin To Net: NetName=NetR6_Ch0_2 Pin=U1_Ch0-9
Added Pin To Net: NetName=3V3CDR Pin=U1_Ch0-10
Added Pin To Net: NetName=3V3CDR Pin=U1_Ch0-12
Added Pin To Net: NetName=GND Pin=U1_Ch0-13
Added Pin To Net: NetName=NetC25_Ch0_1 Pin=U1_Ch0-14
Added Pin To Net: NetName=NetC25_Ch0_2 Pin=U1_Ch0-15
Added Pin To Net: NetName=CDR_LOL_0 Pin=U1_Ch0-16
Added Pin To Net: NetName=GND Pin=U1_Ch0-17
Added Pin To Net: NetName=3V3CDR Pin=U1_Ch0-18
Added Pin To Net: NetName=GND Pin=U1_Ch0-19
Added Pin To Net: NetName=SDA_CDR_0 Pin=U1_Ch0-21
Added Pin To Net: NetName=GND Pin=U1_Ch0-23
Added Pin To Net: NetName=3V3CDR Pin=U1_Ch0-24
Added Pin To Net: NetName=CLOCK_OUT_Ch0_N Pin=U1_Ch0-25
Added Pin To Net: NetName=CLOCK_OUT_Ch0_P Pin=U1_Ch0-26
Added Pin To Net: NetName=GND Pin=U1_Ch0-27
Added Pin To Net: NetName=GND Pin=U1_Ch0-30
Added Pin To Net: NetName=3V3CDR Pin=U1_Ch0-31
Added Pin To Net: NetName=NetR3_Ch0_1 Pin=U1_Ch0-32
Added Pin To Net: NetName=GND Pin=U1_Ch0-33
Added Pin To Net: NetName=NetR4_Ch1_1 Pin=U1_Ch1-1
Added Pin To Net: NetName=3V3CDR Pin=U1_Ch1-2
Added Pin To Net: NetName=NetC22_Ch1_2 Pin=U1_Ch1-3
Added Pin To Net: NetName=DATA_IN_C_Ch1_N Pin=U1_Ch1-4
Added Pin To Net: NetName=DATA_IN_C_Ch1_P Pin=U1_Ch1-5
Added Pin To Net: NetName=GND Pin=U1_Ch1-6
Added Pin To Net: NetName=GND Pin=U1_Ch1-7
Added Pin To Net: NetName=GND Pin=U1_Ch1-8
Added Pin To Net: NetName=NetR6_Ch1_2 Pin=U1_Ch1-9
Added Pin To Net: NetName=3V3CDR Pin=U1_Ch1-10
Added Pin To Net: NetName=3V3CDR Pin=U1_Ch1-12
Added Pin To Net: NetName=GND Pin=U1_Ch1-13
Added Pin To Net: NetName=NetC25_Ch1_1 Pin=U1_Ch1-14
Added Pin To Net: NetName=NetC25_Ch1_2 Pin=U1_Ch1-15
Added Pin To Net: NetName=CDR_LOL_1 Pin=U1_Ch1-16
Added Pin To Net: NetName=GND Pin=U1_Ch1-17
Added Pin To Net: NetName=3V3CDR Pin=U1_Ch1-18
Added Pin To Net: NetName=GND Pin=U1_Ch1-19
Added Pin To Net: NetName=SCL_CDR_1 Pin=U1_Ch1-20
Added Pin To Net: NetName=SDA_CDR_1 Pin=U1_Ch1-21
Added Pin To Net: NetName=CDR_LOS_1 Pin=U1_Ch1-22
Added Pin To Net: NetName=GND Pin=U1_Ch1-23
Added Pin To Net: NetName=3V3CDR Pin=U1_Ch1-24
Added Pin To Net: NetName=CLOCK_OUT_Ch1_N Pin=U1_Ch1-25
Added Pin To Net: NetName=CLOCK_OUT_Ch1_P Pin=U1_Ch1-26
Added Pin To Net: NetName=GND Pin=U1_Ch1-27
Added Pin To Net: NetName=GND Pin=U1_Ch1-30
Added Pin To Net: NetName=3V3CDR Pin=U1_Ch1-31
Added Pin To Net: NetName=NetR3_Ch1_1 Pin=U1_Ch1-32
Added Pin To Net: NetName=GND Pin=U1_Ch1-33
Added Pin To Net: NetName=NetR4_Ch2_1 Pin=U1_Ch2-1
Added Pin To Net: NetName=3V3CDR Pin=U1_Ch2-2
Added Pin To Net: NetName=NetC22_Ch2_2 Pin=U1_Ch2-3
Added Pin To Net: NetName=DATA_IN_C_Ch2_N Pin=U1_Ch2-4
Added Pin To Net: NetName=DATA_IN_C_Ch2_P Pin=U1_Ch2-5
Added Pin To Net: NetName=GND Pin=U1_Ch2-6
Added Pin To Net: NetName=GND Pin=U1_Ch2-7
Added Pin To Net: NetName=GND Pin=U1_Ch2-8
Added Pin To Net: NetName=NetR6_Ch2_2 Pin=U1_Ch2-9
Added Pin To Net: NetName=3V3CDR Pin=U1_Ch2-10
Added Pin To Net: NetName=3V3CDR Pin=U1_Ch2-12
Added Pin To Net: NetName=GND Pin=U1_Ch2-13
Added Pin To Net: NetName=NetC25_Ch2_1 Pin=U1_Ch2-14
Added Pin To Net: NetName=NetC25_Ch2_2 Pin=U1_Ch2-15
Added Pin To Net: NetName=CDR_LOL_2 Pin=U1_Ch2-16
Added Pin To Net: NetName=GND Pin=U1_Ch2-17
Added Pin To Net: NetName=3V3CDR Pin=U1_Ch2-18
Added Pin To Net: NetName=GND Pin=U1_Ch2-19
Added Pin To Net: NetName=SCL_CDR_2 Pin=U1_Ch2-20
Added Pin To Net: NetName=SDA_CDR_2 Pin=U1_Ch2-21
Added Pin To Net: NetName=CDR_LOS_2 Pin=U1_Ch2-22
Added Pin To Net: NetName=GND Pin=U1_Ch2-23
Added Pin To Net: NetName=3V3CDR Pin=U1_Ch2-24
Added Pin To Net: NetName=CLOCK_OUT_Ch2_N Pin=U1_Ch2-25
Added Pin To Net: NetName=CLOCK_OUT_Ch2_P Pin=U1_Ch2-26
Added Pin To Net: NetName=GND Pin=U1_Ch2-27
Added Pin To Net: NetName=GND Pin=U1_Ch2-30
Added Pin To Net: NetName=3V3CDR Pin=U1_Ch2-31
Added Pin To Net: NetName=NetR3_Ch2_1 Pin=U1_Ch2-32
Added Pin To Net: NetName=GND Pin=U1_Ch2-33
Added Pin To Net: NetName=NetR4_Ch3_1 Pin=U1_Ch3-1
Added Pin To Net: NetName=3V3CDR Pin=U1_Ch3-2
Added Pin To Net: NetName=NetC22_Ch3_2 Pin=U1_Ch3-3
Added Pin To Net: NetName=DATA_IN_C_Ch3_N Pin=U1_Ch3-4
Added Pin To Net: NetName=DATA_IN_C_Ch3_P Pin=U1_Ch3-5
Added Pin To Net: NetName=GND Pin=U1_Ch3-6
Added Pin To Net: NetName=GND Pin=U1_Ch3-7
Added Pin To Net: NetName=GND Pin=U1_Ch3-8
Added Pin To Net: NetName=NetR6_Ch3_2 Pin=U1_Ch3-9
Added Pin To Net: NetName=3V3CDR Pin=U1_Ch3-10
Added Pin To Net: NetName=3V3CDR Pin=U1_Ch3-12
Added Pin To Net: NetName=GND Pin=U1_Ch3-13
Added Pin To Net: NetName=NetC25_Ch3_1 Pin=U1_Ch3-14
Added Pin To Net: NetName=NetC25_Ch3_2 Pin=U1_Ch3-15
Added Pin To Net: NetName=CDR_LOL_3 Pin=U1_Ch3-16
Added Pin To Net: NetName=GND Pin=U1_Ch3-17
Added Pin To Net: NetName=3V3CDR Pin=U1_Ch3-18
Added Pin To Net: NetName=GND Pin=U1_Ch3-19
Added Pin To Net: NetName=SCL_CDR_3 Pin=U1_Ch3-20
Added Pin To Net: NetName=SDA_CDR_3 Pin=U1_Ch3-21
Added Pin To Net: NetName=CDR_LOS_3 Pin=U1_Ch3-22
Added Pin To Net: NetName=GND Pin=U1_Ch3-23
Added Pin To Net: NetName=3V3CDR Pin=U1_Ch3-24
Added Pin To Net: NetName=CLOCK_OUT_Ch3_N Pin=U1_Ch3-25
Added Pin To Net: NetName=CLOCK_OUT_Ch3_P Pin=U1_Ch3-26
Added Pin To Net: NetName=GND Pin=U1_Ch3-27
Added Pin To Net: NetName=GND Pin=U1_Ch3-30
Added Pin To Net: NetName=3V3CDR Pin=U1_Ch3-31
Added Pin To Net: NetName=NetR3_Ch3_1 Pin=U1_Ch3-32
Added Pin To Net: NetName=GND Pin=U1_Ch3-33
Added Pin To Net: NetName=P12V Pin=U2-1
Added Pin To Net: NetName=NetC33_1 Pin=U2-2
Added Pin To Net: NetName=GND Pin=U2-3
Added Pin To Net: NetName=NetC33_2 Pin=U2-4
Added Pin To Net: NetName=NetR15_1 Pin=U2-5
Added Pin To Net: NetName=NetC57_2 Pin=U2-6
Added Pin To Net: NetName=VADJ Pin=U3-1
Added Pin To Net: NetName=LOS_0_ADJ Pin=U3-2
Added Pin To Net: NetName=LOL_0_ADJ Pin=U3-3
Added Pin To Net: NetName=LOS_1_ADJ Pin=U3-4
Added Pin To Net: NetName=LOL_1_ADJ Pin=U3-5
Added Pin To Net: NetName=GND Pin=U3-6
Added Pin To Net: NetName=CDR_LOL_1 Pin=U3-7
Added Pin To Net: NetName=CDR_LOS_1 Pin=U3-8
Added Pin To Net: NetName=CDR_LOL_0 Pin=U3-9
Added Pin To Net: NetName=CDR_LOS_0 Pin=U3-10
Added Pin To Net: NetName=P3V3 Pin=U3-11
Added Pin To Net: NetName=OE_LS Pin=U3-12
Added Pin To Net: NetName=VADJ Pin=U4-1
Added Pin To Net: NetName=LOS_2_ADJ Pin=U4-2
Added Pin To Net: NetName=LOL_2_ADJ Pin=U4-3
Added Pin To Net: NetName=LOS_3_ADJ Pin=U4-4
Added Pin To Net: NetName=LOL_3_ADJ Pin=U4-5
Added Pin To Net: NetName=GND Pin=U4-6
Added Pin To Net: NetName=CDR_LOL_3 Pin=U4-7
Added Pin To Net: NetName=CDR_LOS_3 Pin=U4-8
Added Pin To Net: NetName=CDR_LOL_2 Pin=U4-9
Added Pin To Net: NetName=CDR_LOS_2 Pin=U4-10
Added Pin To Net: NetName=P3V3 Pin=U4-11
Added Pin To Net: NetName=OE_LS Pin=U4-12
Added Pin To Net: NetName=PSC_IN_C_P Pin=U5-1
Added Pin To Net: NetName=PSC_IN_C_N Pin=U5-2
Added Pin To Net: NetName=NetC131_2 Pin=U5-3
Added Pin To Net: NetName=NetC131_2 Pin=U5-7
Added Pin To Net: NetName=GND Pin=U5-8
Added Pin To Net: NetName=GND Pin=U5-9
Added Pin To Net: NetName=NetR78_1 Pin=U5-10
Added Pin To Net: NetName=GND Pin=U5-11
Added Pin To Net: NetName=3V3CDR Pin=U5-12
Added Pin To Net: NetName=3V3CDR Pin=U5-15
Added Pin To Net: NetName=3V3CDR Pin=U5-16
Added Pin To Net: NetName=PSC_OUT_N Pin=U5-17
Added Pin To Net: NetName=PSC_OUT_P Pin=U5-18
Added Pin To Net: NetName=3V3CDR Pin=U5-19
Added Pin To Net: NetName=GND Pin=U5-20
Added Pin To Net: NetName=SOUT_PSC_3V3 Pin=U5-21
Added Pin To Net: NetName=SDA_PSC_3V3 Pin=U5-22
Added Pin To Net: NetName=SCL_PSC_3V3 Pin=U5-23
Added Pin To Net: NetName=SLOAD_PSC_3V3 Pin=U5-24
Added Pin To Net: NetName=GND Pin=U5-25
Added Pin To Net: NetName=*OE_SN74 Pin=U6-1
Added Pin To Net: NetName=CLK40 Pin=U6-2
Added Pin To Net: NetName=*RST_1V Pin=U6-3
Added Pin To Net: NetName=GND Pin=U6-4
Added Pin To Net: NetName=*RST_PSF Pin=U6-5
Added Pin To Net: NetName=CLK40_1V Pin=U6-6
Added Pin To Net: NetName=OE_SN74 Pin=U6-7
Added Pin To Net: NetName=1VPSF Pin=U6-8
Added Pin To Net: NetName=VADJ Pin=U7-1
Added Pin To Net: NetName=SDA_PSC Pin=U7-2
Added Pin To Net: NetName=SCL_PSC Pin=U7-3
Added Pin To Net: NetName=SLOAD_PSC Pin=U7-4
Added Pin To Net: NetName=SOUT_PSC Pin=U7-5
Added Pin To Net: NetName=GND Pin=U7-6
Added Pin To Net: NetName=SOUT_PSC_3V3 Pin=U7-7
Added Pin To Net: NetName=SLOAD_PSC_3V3 Pin=U7-8
Added Pin To Net: NetName=SCL_PSC_3V3 Pin=U7-9
Added Pin To Net: NetName=SDA_PSC_3V3 Pin=U7-10
Added Pin To Net: NetName=P3V3 Pin=U7-11
Added Pin To Net: NetName=OE_LS Pin=U7-12
Added Pin To Net: NetName=GND Pin=U8-1
Added Pin To Net: NetName=1VPSF Pin=U8-2
Added Pin To Net: NetName=SCL_1V Pin=U8-3
Added Pin To Net: NetName=SDA_1V Pin=U8-4
Added Pin To Net: NetName=SDA_PSF Pin=U8-5
Added Pin To Net: NetName=SCL_PSF Pin=U8-6
Added Pin To Net: NetName=NetC138_2 Pin=U8-7
Added Pin To Net: NetName=OE_LS Pin=U8-8
Added Pin To Net: NetName=SDA_O Pin=U9-1
Added Pin To Net: NetName=GND Pin=U9-2
Added Pin To Net: NetName=GND Pin=U9-3
Added Pin To Net: NetName=SDA_1V Pin=U9-4
Added Pin To Net: NetName=1VPSF Pin=U9-5
Add Class Member: Failed to add class member : Ch0 (Channel.SchDoc)
Add Class Member: Failed to add class member : Ch1 (Channel.SchDoc)
Add Class Member: Failed to add class member : Ch2 (Channel.SchDoc)
Add Class Member: Failed to add class member : Ch3 (Channel.SchDoc)
