Removed Pin From Net: NetName=ADJ_SDA Pin=RN5-2
Removed Pin From Net: NetName=ADJ_SCL Pin=RN5-3
Removed Pin From Net: NetName=NetIC11_3 Pin=RN5-4
Removed Pin From Net: NetName=VADJ Pin=RN5-5
Removed Pin From Net: NetName=VADJ Pin=RN5-6
Removed Pin From Net: NetName=VADJ Pin=RN5-7
Removed Pin From Net: NetName=VADJ Pin=RN5-8
Removed Member From Class: ClassName=U_FMC Member=RN5
Remove Class Member: Failed to remove class member
Remove Class Member: Failed to remove class member
Remove Class Member: Failed to remove class member
Remove Class Member: Failed to remove class member
Added Component: Designator=R71(MURATA_HI_DENSITY_0201)
Add component (AddParameter): Name = "Value"; Value = "100O"; VariantName = "[No Variations]"
Added Component: Designator=R72(MURATA_HI_DENSITY_0201)
Add component (AddParameter): Name = "Value"; Value = "100O"; VariantName = "[No Variations]"
Added Component: Designator=R73(MURATA_HI_DENSITY_0201)
Add component (AddParameter): Name = "Value"; Value = "100O"; VariantName = "[No Variations]"
Added Pin To Net: NetName=ADJ_SDA Pin=R71-1
Added Pin To Net: NetName=VADJ Pin=R71-2
Added Pin To Net: NetName=ADJ_SCL Pin=R72-1
Added Pin To Net: NetName=VADJ Pin=R72-2
Added Pin To Net: NetName=NetIC11_3 Pin=R73-1
Added Pin To Net: NetName=VADJ Pin=R73-2
Added Member To Class: ClassName=U_FMC Member=Component R71 10k
Added Member To Class: ClassName=U_FMC Member=Component R72 10k
Added Member To Class: ClassName=U_FMC Member=Component R73 10k
Add Class Member: Failed to add class member : Ch0 (Channel.SchDoc)
Add Class Member: Failed to add class member : Ch1 (Channel.SchDoc)
Add Class Member: Failed to add class member : Ch2 (Channel.SchDoc)
Add Class Member: Failed to add class member : Ch3 (Channel.SchDoc)
