Removed Pin From Net: NetName=3V3APLL Pin=J11-1
Removed Pin From Net: NetName=P3V6 Pin=J12-1
Removed Pin From Net: NetName=3V3CDR Pin=J13-1
Removed Pin From Net: NetName=P2V05 Pin=J14-1
Removed Pin From Net: NetName=1VPSF Pin=J15-1
Added Component: Designator=TP1(TP+195X110)
Add component (AddParameter): Name = "Availability"; Value = "Unavailable"; VariantName = "[No Variations]"
Add component (AddParameter): Name = "MF"; Value = "{'manufacturer': u'TE Connectivity AMP Connectors'}"; VariantName = "[No Variations]"
Add component (AddParameter): Name = "MP"; Value = "RCU-0C"; VariantName = "[No Variations]"
Add component (AddParameter): Name = "Package"; Value = "None"; VariantName = "[No Variations]"
Add component (AddParameter): Name = "Price"; Value = "None"; VariantName = "[No Variations]"
Add component (AddParameter): Name = "Value"; Value = ""; VariantName = "[No Variations]"
Added Component: Designator=TP2(TP+195X110)
Add component (AddParameter): Name = "Availability"; Value = "Unavailable"; VariantName = "[No Variations]"
Add component (AddParameter): Name = "MF"; Value = "{'manufacturer': u'TE Connectivity AMP Connectors'}"; VariantName = "[No Variations]"
Add component (AddParameter): Name = "MP"; Value = "RCU-0C"; VariantName = "[No Variations]"
Add component (AddParameter): Name = "Package"; Value = "None"; VariantName = "[No Variations]"
Add component (AddParameter): Name = "Price"; Value = "None"; VariantName = "[No Variations]"
Add component (AddParameter): Name = "Value"; Value = ""; VariantName = "[No Variations]"
Added Component: Designator=TP3(TP+195X110)
Add component (AddParameter): Name = "Availability"; Value = "Unavailable"; VariantName = "[No Variations]"
Add component (AddParameter): Name = "MF"; Value = "{'manufacturer': u'TE Connectivity AMP Connectors'}"; VariantName = "[No Variations]"
Add component (AddParameter): Name = "MP"; Value = "RCU-0C"; VariantName = "[No Variations]"
Add component (AddParameter): Name = "Package"; Value = "None"; VariantName = "[No Variations]"
Add component (AddParameter): Name = "Price"; Value = "None"; VariantName = "[No Variations]"
Add component (AddParameter): Name = "Value"; Value = ""; VariantName = "[No Variations]"
Added Component: Designator=TP4(TP+195X110)
Add component (AddParameter): Name = "Availability"; Value = "Unavailable"; VariantName = "[No Variations]"
Add component (AddParameter): Name = "MF"; Value = "{'manufacturer': u'TE Connectivity AMP Connectors'}"; VariantName = "[No Variations]"
Add component (AddParameter): Name = "MP"; Value = "RCU-0C"; VariantName = "[No Variations]"
Add component (AddParameter): Name = "Package"; Value = "None"; VariantName = "[No Variations]"
Add component (AddParameter): Name = "Price"; Value = "None"; VariantName = "[No Variations]"
Add component (AddParameter): Name = "Value"; Value = ""; VariantName = "[No Variations]"
Added Component: Designator=TP5(TP+195X110)
Add component (AddParameter): Name = "Availability"; Value = "Unavailable"; VariantName = "[No Variations]"
Add component (AddParameter): Name = "MF"; Value = "{'manufacturer': u'TE Connectivity AMP Connectors'}"; VariantName = "[No Variations]"
Add component (AddParameter): Name = "MP"; Value = "RCU-0C"; VariantName = "[No Variations]"
Add component (AddParameter): Name = "Package"; Value = "None"; VariantName = "[No Variations]"
Add component (AddParameter): Name = "Price"; Value = "None"; VariantName = "[No Variations]"
Add component (AddParameter): Name = "Value"; Value = ""; VariantName = "[No Variations]"
Added Pin To Net: NetName=3V3APLL Pin=TP1-1
Added Pin To Net: NetName=P3V6 Pin=TP2-1
Added Pin To Net: NetName=3V3CDR Pin=TP3-1
Added Pin To Net: NetName=P2V05 Pin=TP4-1
Added Pin To Net: NetName=1VPSF Pin=TP5-1
