Added Component: Designator=U6(QFN-24_MCH-L)
Add component (AddParameter): Name = "Mfr_Name"; Value = "Microchip"; VariantName = "[No Variations]"
Add component (AddParameter): Name = "RefDes"; Value = "RefDes"; VariantName = "[No Variations]"
Add component (AddParameter): Name = "Type"; Value = "Type"; VariantName = "[No Variations]"
Added Pin To Net: NetName=FPGA_TX1_C_P Pin=U6-1
Added Pin To Net: NetName=FPGA_TX1_C_N Pin=U6-2
Added Pin To Net: NetName=NetC143_2 Pin=U6-3
Added Pin To Net: NetName=NetC143_2 Pin=U6-7
Added Pin To Net: NetName=GND Pin=U6-8
Added Pin To Net: NetName=GND Pin=U6-9
Added Pin To Net: NetName=NetR76_2 Pin=U6-10
Added Pin To Net: NetName=GND Pin=U6-11
Added Pin To Net: NetName=3V3CDR Pin=U6-12
Added Pin To Net: NetName=3V3CDR Pin=U6-15
Added Pin To Net: NetName=3V3CDR Pin=U6-16
Added Pin To Net: NetName=PSF_IN_N Pin=U6-17
Added Pin To Net: NetName=PSF_IN_P Pin=U6-18
Added Pin To Net: NetName=3V3CDR Pin=U6-19
Added Pin To Net: NetName=GND Pin=U6-20
Added Pin To Net: NetName=SOUT_PSC_3V3 Pin=U6-21
Added Pin To Net: NetName=SDA_PSC_3V3 Pin=U6-22
Added Pin To Net: NetName=SCL_PSC_3V3 Pin=U6-23
Added Pin To Net: NetName=SLOAD_PSC_3V3 Pin=U6-24
Added Pin To Net: NetName=GND Pin=U6-25
Added Member To Class: ClassName=U_phase-shifters Member=Component U6 SY89297UMG-TR
