Removed Pin From Net: NetName=GND Pin=Q1_Ch0-2
Removed Pin From Net: NetName=GND Pin=Q1_Ch1-2
Removed Pin From Net: NetName=GND Pin=Q1_Ch2-2
Removed Pin From Net: NetName=GND Pin=Q1_Ch3-2
Removed Pin From Net: NetName=3V3CDR Pin=R5_Ch0-2
Removed Pin From Net: NetName=3V3CDR Pin=R5_Ch1-2
Removed Pin From Net: NetName=3V3CDR Pin=R5_Ch2-2
Removed Pin From Net: NetName=3V3CDR Pin=R5_Ch3-2
Removed Pin From Net: NetName=CDR_LOS_0 Pin=R7_Ch0-1
Removed Pin From Net: NetName=CDR_LOS_1 Pin=R7_Ch1-1
Removed Pin From Net: NetName=CDR_LOS_2 Pin=R7_Ch2-1
Removed Pin From Net: NetName=CDR_LOS_3 Pin=R7_Ch3-1
Removed Pin From Net: NetName=CDR_LOL_0 Pin=R8_Ch0-1
Removed Pin From Net: NetName=CDR_LOL_1 Pin=R8_Ch1-1
Removed Pin From Net: NetName=CDR_LOL_2 Pin=R8_Ch2-1
Removed Pin From Net: NetName=CDR_LOL_3 Pin=R8_Ch3-1
Remove Class Member: Failed to remove class member
Remove Class Member: Failed to remove class member
Remove Class Member: Failed to remove class member
Remove Class Member: Failed to remove class member
Change Component Comment : Designator=R7_Ch0 Old Comment=200k New Comment=1k5
Change Component Comment : Designator=R7_Ch1 Old Comment=200k New Comment=1k5
Change Component Comment : Designator=R7_Ch2 Old Comment=200k New Comment=1k5
Change Component Comment : Designator=R7_Ch3 Old Comment=200k New Comment=1k5
Change component parameters: Designator = "R7_Ch0" ("R7"); Footprint = "RESC1005X40N"; UniqueID = "\ZDEZDXAU\XRSIYEEQ" ("\ZDEZDXAU\XRSIYEEQ")
Change component parameters (AddParameter): Name = "Author"; Value = "CERN DEM JLC"; VariantName = "[No Variations]"
Change component parameters (AddParameter): Name = "Case"; Value = "0402"; VariantName = "[No Variations]"
Change component parameters (AddParameter): Name = "Component Type"; Value = "Standard"; VariantName = "[No Variations]"
Change component parameters (AddParameter): Name = "CreateDate"; Value = "12/3/2007"; VariantName = "[No Variations]"
Change component parameters (AddParameter): Name = "HelpURL"; Value = "\\cern.ch\dfs\Applications\Altium\Datasheets\R0402_Phycomp_RC0402.pdf"; VariantName = "[No Variations]"
Change component parameters (AddParameter): Name = "LatestRevisionDate"; Value = "10/17/2012"; VariantName = "[No Variations]"
Change component parameters (AddParameter): Name = "Manufacturer"; Value = "GENERIC"; VariantName = "[No Variations]"
Change component parameters (AddParameter): Name = "Manufacturer1 ComponentHeight"; Value = "0.4mm"; VariantName = "[No Variations]"
Change component parameters (AddParameter): Name = "Manufacturer1 Example"; Value = "YAGEO PHYCOMP"; VariantName = "[No Variations]"
Change component parameters (AddParameter): Name = "Manufacturer1 Part Number"; Value = "232270671502L"; VariantName = "[No Variations]"
Change component parameters (AddParameter): Name = "Manufacturer Part Number"; Value = "R0402_1K5_1%_0.0625W_100PPM"; VariantName = "[No Variations]"
Change component parameters (AddParameter): Name = "Mounted"; Value = "Yes"; VariantName = "[No Variations]"
Change component parameters (AddParameter): Name = "Part Description"; Value = "General Purpose Thick Film Chip Resistor"; VariantName = "[No Variations]"
Change component parameters (AddParameter): Name = "Part Number"; Value = "R0402_1K5_1%_0.0625W_100PPM"; VariantName = "[No Variations]"
Change component parameters (AddParameter): Name = "Pin Count"; Value = "2"; VariantName = "[No Variations]"
Change component parameters (AddParameter): Name = "Power"; Value = "0.0625W"; VariantName = "[No Variations]"
Change component parameters (AddParameter): Name = "PressFit"; Value = "No"; VariantName = "[No Variations]"
Change component parameters (AddParameter): Name = "Sense"; Value = "No"; VariantName = "[No Variations]"
Change component parameters (AddParameter): Name = "SMD"; Value = "Yes"; VariantName = "[No Variations]"
Change component parameters (AddParameter): Name = "Socket"; Value = "No"; VariantName = "[No Variations]"
Change component parameters (AddParameter): Name = "Status"; Value = "Not Recommended"; VariantName = "[No Variations]"
Change component parameters (AddParameter): Name = "TC"; Value = "±100ppm/°C"; VariantName = "[No Variations]"
Change component parameters (AddParameter): Name = "Tolerance"; Value = "±1%"; VariantName = "[No Variations]"
Change component parameters (AddParameter): Name = "Value"; Value = "1k5"; VariantName = "[No Variations]"
Change component parameters: Designator = "R7_Ch1" ("R7"); Footprint = "RESC1005X40N"; UniqueID = "\UBZOXOAD\XRSIYEEQ" ("\UBZOXOAD\XRSIYEEQ")
Change component parameters (AddParameter): Name = "Author"; Value = "CERN DEM JLC"; VariantName = "[No Variations]"
Change component parameters (AddParameter): Name = "Case"; Value = "0402"; VariantName = "[No Variations]"
Change component parameters (AddParameter): Name = "Component Type"; Value = "Standard"; VariantName = "[No Variations]"
Change component parameters (AddParameter): Name = "CreateDate"; Value = "12/3/2007"; VariantName = "[No Variations]"
Change component parameters (AddParameter): Name = "HelpURL"; Value = "\\cern.ch\dfs\Applications\Altium\Datasheets\R0402_Phycomp_RC0402.pdf"; VariantName = "[No Variations]"
Change component parameters (AddParameter): Name = "LatestRevisionDate"; Value = "10/17/2012"; VariantName = "[No Variations]"
Change component parameters (AddParameter): Name = "Manufacturer"; Value = "GENERIC"; VariantName = "[No Variations]"
Change component parameters (AddParameter): Name = "Manufacturer1 ComponentHeight"; Value = "0.4mm"; VariantName = "[No Variations]"
Change component parameters (AddParameter): Name = "Manufacturer1 Example"; Value = "YAGEO PHYCOMP"; VariantName = "[No Variations]"
Change component parameters (AddParameter): Name = "Manufacturer1 Part Number"; Value = "232270671502L"; VariantName = "[No Variations]"
Change component parameters (AddParameter): Name = "Manufacturer Part Number"; Value = "R0402_1K5_1%_0.0625W_100PPM"; VariantName = "[No Variations]"
Change component parameters (AddParameter): Name = "Mounted"; Value = "Yes"; VariantName = "[No Variations]"
Change component parameters (AddParameter): Name = "Part Description"; Value = "General Purpose Thick Film Chip Resistor"; VariantName = "[No Variations]"
Change component parameters (AddParameter): Name = "Part Number"; Value = "R0402_1K5_1%_0.0625W_100PPM"; VariantName = "[No Variations]"
Change component parameters (AddParameter): Name = "Pin Count"; Value = "2"; VariantName = "[No Variations]"
Change component parameters (AddParameter): Name = "Power"; Value = "0.0625W"; VariantName = "[No Variations]"
Change component parameters (AddParameter): Name = "PressFit"; Value = "No"; VariantName = "[No Variations]"
Change component parameters (AddParameter): Name = "Sense"; Value = "No"; VariantName = "[No Variations]"
Change component parameters (AddParameter): Name = "SMD"; Value = "Yes"; VariantName = "[No Variations]"
Change component parameters (AddParameter): Name = "Socket"; Value = "No"; VariantName = "[No Variations]"
Change component parameters (AddParameter): Name = "Status"; Value = "Not Recommended"; VariantName = "[No Variations]"
Change component parameters (AddParameter): Name = "TC"; Value = "±100ppm/°C"; VariantName = "[No Variations]"
Change component parameters (AddParameter): Name = "Tolerance"; Value = "±1%"; VariantName = "[No Variations]"
Change component parameters (AddParameter): Name = "Value"; Value = "1k5"; VariantName = "[No Variations]"
Change component parameters: Designator = "R7_Ch2" ("R7"); Footprint = "RESC1005X40N"; UniqueID = "\TUESWSJY\XRSIYEEQ" ("\TUESWSJY\XRSIYEEQ")
Change component parameters (AddParameter): Name = "Author"; Value = "CERN DEM JLC"; VariantName = "[No Variations]"
Change component parameters (AddParameter): Name = "Case"; Value = "0402"; VariantName = "[No Variations]"
Change component parameters (AddParameter): Name = "Component Type"; Value = "Standard"; VariantName = "[No Variations]"
Change component parameters (AddParameter): Name = "CreateDate"; Value = "12/3/2007"; VariantName = "[No Variations]"
Change component parameters (AddParameter): Name = "HelpURL"; Value = "\\cern.ch\dfs\Applications\Altium\Datasheets\R0402_Phycomp_RC0402.pdf"; VariantName = "[No Variations]"
Change component parameters (AddParameter): Name = "LatestRevisionDate"; Value = "10/17/2012"; VariantName = "[No Variations]"
Change component parameters (AddParameter): Name = "Manufacturer"; Value = "GENERIC"; VariantName = "[No Variations]"
Change component parameters (AddParameter): Name = "Manufacturer1 ComponentHeight"; Value = "0.4mm"; VariantName = "[No Variations]"
Change component parameters (AddParameter): Name = "Manufacturer1 Example"; Value = "YAGEO PHYCOMP"; VariantName = "[No Variations]"
Change component parameters (AddParameter): Name = "Manufacturer1 Part Number"; Value = "232270671502L"; VariantName = "[No Variations]"
Change component parameters (AddParameter): Name = "Manufacturer Part Number"; Value = "R0402_1K5_1%_0.0625W_100PPM"; VariantName = "[No Variations]"
Change component parameters (AddParameter): Name = "Mounted"; Value = "Yes"; VariantName = "[No Variations]"
Change component parameters (AddParameter): Name = "Part Description"; Value = "General Purpose Thick Film Chip Resistor"; VariantName = "[No Variations]"
Change component parameters (AddParameter): Name = "Part Number"; Value = "R0402_1K5_1%_0.0625W_100PPM"; VariantName = "[No Variations]"
Change component parameters (AddParameter): Name = "Pin Count"; Value = "2"; VariantName = "[No Variations]"
Change component parameters (AddParameter): Name = "Power"; Value = "0.0625W"; VariantName = "[No Variations]"
Change component parameters (AddParameter): Name = "PressFit"; Value = "No"; VariantName = "[No Variations]"
Change component parameters (AddParameter): Name = "Sense"; Value = "No"; VariantName = "[No Variations]"
Change component parameters (AddParameter): Name = "SMD"; Value = "Yes"; VariantName = "[No Variations]"
Change component parameters (AddParameter): Name = "Socket"; Value = "No"; VariantName = "[No Variations]"
Change component parameters (AddParameter): Name = "Status"; Value = "Not Recommended"; VariantName = "[No Variations]"
Change component parameters (AddParameter): Name = "TC"; Value = "±100ppm/°C"; VariantName = "[No Variations]"
Change component parameters (AddParameter): Name = "Tolerance"; Value = "±1%"; VariantName = "[No Variations]"
Change component parameters (AddParameter): Name = "Value"; Value = "1k5"; VariantName = "[No Variations]"
Change component parameters: Designator = "R7_Ch3" ("R7"); Footprint = "RESC1005X40N"; UniqueID = "\QPLCYWDJ\XRSIYEEQ" ("\QPLCYWDJ\XRSIYEEQ")
Change component parameters (AddParameter): Name = "Author"; Value = "CERN DEM JLC"; VariantName = "[No Variations]"
Change component parameters (AddParameter): Name = "Case"; Value = "0402"; VariantName = "[No Variations]"
Change component parameters (AddParameter): Name = "Component Type"; Value = "Standard"; VariantName = "[No Variations]"
Change component parameters (AddParameter): Name = "CreateDate"; Value = "12/3/2007"; VariantName = "[No Variations]"
Change component parameters (AddParameter): Name = "HelpURL"; Value = "\\cern.ch\dfs\Applications\Altium\Datasheets\R0402_Phycomp_RC0402.pdf"; VariantName = "[No Variations]"
Change component parameters (AddParameter): Name = "LatestRevisionDate"; Value = "10/17/2012"; VariantName = "[No Variations]"
Change component parameters (AddParameter): Name = "Manufacturer"; Value = "GENERIC"; VariantName = "[No Variations]"
Change component parameters (AddParameter): Name = "Manufacturer1 ComponentHeight"; Value = "0.4mm"; VariantName = "[No Variations]"
Change component parameters (AddParameter): Name = "Manufacturer1 Example"; Value = "YAGEO PHYCOMP"; VariantName = "[No Variations]"
Change component parameters (AddParameter): Name = "Manufacturer1 Part Number"; Value = "232270671502L"; VariantName = "[No Variations]"
Change component parameters (AddParameter): Name = "Manufacturer Part Number"; Value = "R0402_1K5_1%_0.0625W_100PPM"; VariantName = "[No Variations]"
Change component parameters (AddParameter): Name = "Mounted"; Value = "Yes"; VariantName = "[No Variations]"
Change component parameters (AddParameter): Name = "Part Description"; Value = "General Purpose Thick Film Chip Resistor"; VariantName = "[No Variations]"
Change component parameters (AddParameter): Name = "Part Number"; Value = "R0402_1K5_1%_0.0625W_100PPM"; VariantName = "[No Variations]"
Change component parameters (AddParameter): Name = "Pin Count"; Value = "2"; VariantName = "[No Variations]"
Change component parameters (AddParameter): Name = "Power"; Value = "0.0625W"; VariantName = "[No Variations]"
Change component parameters (AddParameter): Name = "PressFit"; Value = "No"; VariantName = "[No Variations]"
Change component parameters (AddParameter): Name = "Sense"; Value = "No"; VariantName = "[No Variations]"
Change component parameters (AddParameter): Name = "SMD"; Value = "Yes"; VariantName = "[No Variations]"
Change component parameters (AddParameter): Name = "Socket"; Value = "No"; VariantName = "[No Variations]"
Change component parameters (AddParameter): Name = "Status"; Value = "Not Recommended"; VariantName = "[No Variations]"
Change component parameters (AddParameter): Name = "TC"; Value = "±100ppm/°C"; VariantName = "[No Variations]"
Change component parameters (AddParameter): Name = "Tolerance"; Value = "±1%"; VariantName = "[No Variations]"
Change component parameters (AddParameter): Name = "Value"; Value = "1k5"; VariantName = "[No Variations]"
Added Component: Designator=LED6_Ch0(LED_APTD1608LSECKJ3-PF_KNB)
Add component (AddParameter): Name = "Mfr_Name"; Value = "Kingbright"; VariantName = "[No Variations]"
Add component (AddParameter): Name = "RefDes"; Value = ""; VariantName = "[No Variations]"
Add component (AddParameter): Name = "Type"; Value = ""; VariantName = "[No Variations]"
Added Component: Designator=LED6_Ch1(LED_APTD1608LSECKJ3-PF_KNB)
Add component (AddParameter): Name = "Mfr_Name"; Value = "Kingbright"; VariantName = "[No Variations]"
Add component (AddParameter): Name = "RefDes"; Value = ""; VariantName = "[No Variations]"
Add component (AddParameter): Name = "Type"; Value = ""; VariantName = "[No Variations]"
Added Component: Designator=LED6_Ch2(LED_APTD1608LSECKJ3-PF_KNB)
Add component (AddParameter): Name = "Mfr_Name"; Value = "Kingbright"; VariantName = "[No Variations]"
Add component (AddParameter): Name = "RefDes"; Value = ""; VariantName = "[No Variations]"
Add component (AddParameter): Name = "Type"; Value = ""; VariantName = "[No Variations]"
Added Component: Designator=LED6_Ch3(LED_APTD1608LSECKJ3-PF_KNB)
Add component (AddParameter): Name = "Mfr_Name"; Value = "Kingbright"; VariantName = "[No Variations]"
Add component (AddParameter): Name = "RefDes"; Value = ""; VariantName = "[No Variations]"
Add component (AddParameter): Name = "Type"; Value = ""; VariantName = "[No Variations]"
Added Pin To Net: NetName=GND Pin=LED5_Ch0-1
Added Pin To Net: NetName=GND Pin=LED5_Ch1-1
Added Pin To Net: NetName=GND Pin=LED5_Ch2-1
Added Pin To Net: NetName=GND Pin=LED5_Ch3-1
Added Pin To Net: NetName=GND Pin=LED6_Ch0-1
Added Pin To Net: NetName=GND Pin=LED6_Ch1-1
Added Pin To Net: NetName=GND Pin=LED6_Ch2-1
Added Pin To Net: NetName=GND Pin=LED6_Ch3-1
Added Pin To Net: NetName=CDR_LOS_0 Pin=R5_Ch0-2
Added Pin To Net: NetName=CDR_LOS_1 Pin=R5_Ch1-2
Added Pin To Net: NetName=CDR_LOS_2 Pin=R5_Ch2-2
Added Pin To Net: NetName=CDR_LOS_3 Pin=R5_Ch3-2
Added Pin To Net: NetName=CDR_LOL_0 Pin=R7_Ch0-2
Added Pin To Net: NetName=CDR_LOL_1 Pin=R7_Ch1-2
Added Pin To Net: NetName=CDR_LOL_2 Pin=R7_Ch2-2
Added Pin To Net: NetName=CDR_LOL_3 Pin=R7_Ch3-2
Added Pin To Net: NetName=NetLED6_Ch0_2 Pin=LED6_Ch0-2
Added Pin To Net: NetName=NetLED6_Ch0_2 Pin=R7_Ch0-1
Added Net: Name=NetLED6_Ch0_2
Added Pin To Net: NetName=NetLED6_Ch1_2 Pin=LED6_Ch1-2
Added Pin To Net: NetName=NetLED6_Ch1_2 Pin=R7_Ch1-1
Added Net: Name=NetLED6_Ch1_2
Added Pin To Net: NetName=NetLED6_Ch2_2 Pin=LED6_Ch2-2
Added Pin To Net: NetName=NetLED6_Ch2_2 Pin=R7_Ch2-1
Added Net: Name=NetLED6_Ch2_2
Added Pin To Net: NetName=NetLED6_Ch3_2 Pin=LED6_Ch3-2
Added Pin To Net: NetName=NetLED6_Ch3_2 Pin=R7_Ch3-1
Added Net: Name=NetLED6_Ch3_2
Add Class Member: Failed to add class member : Ch0 (Channel.SchDoc)
Add Class Member: Failed to add class member : Ch1 (Channel.SchDoc)
Add Class Member: Failed to add class member : Ch2 (Channel.SchDoc)
Add Class Member: Failed to add class member : Ch3 (Channel.SchDoc)
