Removed Pin From Net: NetName=GND Pin=*1-1
Removed Pin From Net: NetName=PSF_IN_C_P Pin=*1-2
Removed Pin From Net: NetName=GND Pin=*1-3
Removed Pin From Net: NetName=PSF_IN_C_N Pin=*1-4
Removed Pin From Net: NetName=GND Pin=*1-5
Removed Pin From Net: NetName=GND Pin=*1-6
Removed Pin From Net: NetName=FPGA_TX1_PS_N Pin=*1-7
Removed Pin From Net: NetName=GND Pin=*1-8
Removed Pin From Net: NetName=FPGA_TX1_PS_P Pin=*1-9
Removed Pin From Net: NetName=GND Pin=*1-10
Removed Pin From Net: NetName=GND Pin=*1-12
Removed Pin From Net: NetName=*RST_1V Pin=*1-13
Removed Pin From Net: NetName=SCL_1V Pin=*1-14
Removed Pin From Net: NetName=SDA_1V Pin=*1-15
Removed Pin From Net: NetName=SDA_O Pin=*1-16
Removed Pin From Net: NetName=CLK40_1V Pin=*1-17
Removed Pin From Net: NetName=GND Pin=*1-18
Removed Pin From Net: NetName=1VPSF Pin=*1-19
Removed Member From Class: ClassName=U_phase-shifters Member=*1
Remove Class Member: Failed to remove class member
Remove Class Member: Failed to remove class member
Remove Class Member: Failed to remove class member
Remove Class Member: Failed to remove class member
Added Component: Designator=ICx(DCPS3-Large)
Added Pin To Net: NetName=GND Pin=ICx-1
Added Pin To Net: NetName=PSF_IN_C_P Pin=ICx-2
Added Pin To Net: NetName=GND Pin=ICx-3
Added Pin To Net: NetName=PSF_IN_C_N Pin=ICx-4
Added Pin To Net: NetName=GND Pin=ICx-5
Added Pin To Net: NetName=GND Pin=ICx-6
Added Pin To Net: NetName=FPGA_TX1_PS_N Pin=ICx-7
Added Pin To Net: NetName=GND Pin=ICx-8
Added Pin To Net: NetName=FPGA_TX1_PS_P Pin=ICx-9
Added Pin To Net: NetName=GND Pin=ICx-10
Added Pin To Net: NetName=GND Pin=ICx-12
Added Pin To Net: NetName=*RST_1V Pin=ICx-13
Added Pin To Net: NetName=SCL_1V Pin=ICx-14
Added Pin To Net: NetName=SDA_1V Pin=ICx-15
Added Pin To Net: NetName=SDA_O Pin=ICx-16
Added Pin To Net: NetName=CLK40_1V Pin=ICx-17
Added Pin To Net: NetName=GND Pin=ICx-18
Added Pin To Net: NetName=1VPSF Pin=ICx-19
Added Member To Class: ClassName=U_phase-shifters Member=Component ICx DCPS3
Add Class Member: Failed to add class member : Ch0 (Channel.SchDoc)
Add Class Member: Failed to add class member : Ch1 (Channel.SchDoc)
Add Class Member: Failed to add class member : Ch2 (Channel.SchDoc)
Add Class Member: Failed to add class member : Ch3 (Channel.SchDoc)
