Change Footprint: Cannot match pads with new footprint in component :L1 Footprint:WE-LHMI_7050
Change Footprint: Cannot match pads with new footprint in component :L2 Footprint:WE-LHMI_7050
Change Footprint: Cannot match pads with new footprint in component :L3 Footprint:WE-LHMI_7050
Change Footprint: Cannot match pads with new footprint in component :L4 Footprint:WE-LHMI_7050
Change Footprint: Cannot match pads with new footprint in component :L5 Footprint:WE-LHMI_7050
Change Physical Footprint: Designator=C1_Ch0 Old Footprint=CAPC0510X04N New Footprint=CAPC0510X04N
Change Physical Footprint: Designator=C1_Ch1 Old Footprint=CAPC0510X04N New Footprint=CAPC0510X04N
Change Physical Footprint: Designator=C1_Ch2 Old Footprint=CAPC0510X04N New Footprint=CAPC0510X04N
Change Physical Footprint: Designator=C1_Ch3 Old Footprint=CAPC0510X04N New Footprint=CAPC0510X04N
Change Physical Footprint: Designator=C2_Ch0 Old Footprint=LLL03TR61E333KE01 New Footprint=LLL03TR61E333KE01
Change Physical Footprint: Designator=C2_Ch1 Old Footprint=LLL03TR61E333KE01 New Footprint=LLL03TR61E333KE01
Change Physical Footprint: Designator=C2_Ch2 Old Footprint=LLL03TR61E333KE01 New Footprint=LLL03TR61E333KE01
Change Physical Footprint: Designator=C2_Ch3 Old Footprint=LLL03TR61E333KE01 New Footprint=LLL03TR61E333KE01
Change Physical Footprint: Designator=C3_Ch0 Old Footprint=CAPC0510X04N New Footprint=CAPC0510X04N
Change Physical Footprint: Designator=C3_Ch1 Old Footprint=CAPC0510X04N New Footprint=CAPC0510X04N
Change Physical Footprint: Designator=C3_Ch2 Old Footprint=CAPC0510X04N New Footprint=CAPC0510X04N
Change Physical Footprint: Designator=C3_Ch3 Old Footprint=CAPC0510X04N New Footprint=CAPC0510X04N
Change Physical Footprint: Designator=C4_Ch0 Old Footprint=LLL03TR61E333KE01 New Footprint=LLL03TR61E333KE01
Change Physical Footprint: Designator=C4_Ch1 Old Footprint=LLL03TR61E333KE01 New Footprint=LLL03TR61E333KE01
Change Physical Footprint: Designator=C4_Ch2 Old Footprint=LLL03TR61E333KE01 New Footprint=LLL03TR61E333KE01
Change Physical Footprint: Designator=C4_Ch3 Old Footprint=LLL03TR61E333KE01 New Footprint=LLL03TR61E333KE01
Change Physical Footprint: Designator=C5_Ch0 Old Footprint=CAPC0510X04N New Footprint=CAPC0510X04N
Change Physical Footprint: Designator=C5_Ch1 Old Footprint=CAPC0510X04N New Footprint=CAPC0510X04N
Change Physical Footprint: Designator=C5_Ch2 Old Footprint=CAPC0510X04N New Footprint=CAPC0510X04N
Change Physical Footprint: Designator=C5_Ch3 Old Footprint=CAPC0510X04N New Footprint=CAPC0510X04N
Change Physical Footprint: Designator=C6_Ch0 Old Footprint=LLL03TR61E333KE01 New Footprint=LLL03TR61E333KE01
Change Physical Footprint: Designator=C6_Ch1 Old Footprint=LLL03TR61E333KE01 New Footprint=LLL03TR61E333KE01
Change Physical Footprint: Designator=C6_Ch2 Old Footprint=LLL03TR61E333KE01 New Footprint=LLL03TR61E333KE01
Change Physical Footprint: Designator=C6_Ch3 Old Footprint=LLL03TR61E333KE01 New Footprint=LLL03TR61E333KE01
Change Physical Footprint: Designator=C7_Ch0 Old Footprint=LLL03TR61E333KE01 New Footprint=LLL03TR61E333KE01
Change Physical Footprint: Designator=C7_Ch1 Old Footprint=LLL03TR61E333KE01 New Footprint=LLL03TR61E333KE01
Change Physical Footprint: Designator=C7_Ch2 Old Footprint=LLL03TR61E333KE01 New Footprint=LLL03TR61E333KE01
Change Physical Footprint: Designator=C7_Ch3 Old Footprint=LLL03TR61E333KE01 New Footprint=LLL03TR61E333KE01
Change Physical Footprint: Designator=C8_Ch0 Old Footprint=CAPC1608X87N New Footprint=CAPC1608X87N
Change Physical Footprint: Designator=C8_Ch1 Old Footprint=CAPC1608X87N New Footprint=CAPC1608X87N
Change Physical Footprint: Designator=C8_Ch2 Old Footprint=CAPC1608X87N New Footprint=CAPC1608X87N
Change Physical Footprint: Designator=C8_Ch3 Old Footprint=CAPC1608X87N New Footprint=CAPC1608X87N
Change Physical Footprint: Designator=C9_Ch0 Old Footprint=CAPC0510X04N New Footprint=CAPC0510X04N
Change Physical Footprint: Designator=C9_Ch1 Old Footprint=CAPC0510X04N New Footprint=CAPC0510X04N
Change Physical Footprint: Designator=C9_Ch2 Old Footprint=CAPC0510X04N New Footprint=CAPC0510X04N
Change Physical Footprint: Designator=C9_Ch3 Old Footprint=CAPC0510X04N New Footprint=CAPC0510X04N
Change Physical Footprint: Designator=C10_Ch0 Old Footprint=LLL03TR61E333KE01 New Footprint=LLL03TR61E333KE01
Change Physical Footprint: Designator=C10_Ch1 Old Footprint=LLL03TR61E333KE01 New Footprint=LLL03TR61E333KE01
Change Physical Footprint: Designator=C10_Ch2 Old Footprint=LLL03TR61E333KE01 New Footprint=LLL03TR61E333KE01
Change Physical Footprint: Designator=C10_Ch3 Old Footprint=LLL03TR61E333KE01 New Footprint=LLL03TR61E333KE01
Change Physical Footprint: Designator=C11_Ch0 Old Footprint=MURATA_HI_DENSITY_0402_CAP New Footprint=MURATA_HI_DENSITY_0402_CAP
Change Physical Footprint: Designator=C11_Ch1 Old Footprint=MURATA_HI_DENSITY_0402_CAP New Footprint=MURATA_HI_DENSITY_0402_CAP
Change Physical Footprint: Designator=C11_Ch2 Old Footprint=MURATA_HI_DENSITY_0402_CAP New Footprint=MURATA_HI_DENSITY_0402_CAP
Change Physical Footprint: Designator=C11_Ch3 Old Footprint=MURATA_HI_DENSITY_0402_CAP New Footprint=MURATA_HI_DENSITY_0402_CAP
Change Physical Footprint: Designator=C12_Ch0 Old Footprint=MURATA_HI_DENSITY_0402_CAP New Footprint=MURATA_HI_DENSITY_0402_CAP
Change Physical Footprint: Designator=C12_Ch1 Old Footprint=MURATA_HI_DENSITY_0402_CAP New Footprint=MURATA_HI_DENSITY_0402_CAP
Change Physical Footprint: Designator=C12_Ch2 Old Footprint=MURATA_HI_DENSITY_0402_CAP New Footprint=MURATA_HI_DENSITY_0402_CAP
Change Physical Footprint: Designator=C12_Ch3 Old Footprint=MURATA_HI_DENSITY_0402_CAP New Footprint=MURATA_HI_DENSITY_0402_CAP
Change Physical Footprint: Designator=C13_Ch0 Old Footprint=LLL03TR61E333KE01 New Footprint=LLL03TR61E333KE01
Change Physical Footprint: Designator=C13_Ch1 Old Footprint=LLL03TR61E333KE01 New Footprint=LLL03TR61E333KE01
Change Physical Footprint: Designator=C13_Ch2 Old Footprint=LLL03TR61E333KE01 New Footprint=LLL03TR61E333KE01
Change Physical Footprint: Designator=C13_Ch3 Old Footprint=LLL03TR61E333KE01 New Footprint=LLL03TR61E333KE01
Change Physical Footprint: Designator=C14_Ch0 Old Footprint=CAPC1608X87N New Footprint=CAPC1608X87N
Change Physical Footprint: Designator=C14_Ch1 Old Footprint=CAPC1608X87N New Footprint=CAPC1608X87N
Change Physical Footprint: Designator=C14_Ch2 Old Footprint=CAPC1608X87N New Footprint=CAPC1608X87N
Change Physical Footprint: Designator=C14_Ch3 Old Footprint=CAPC1608X87N New Footprint=CAPC1608X87N
Change Physical Footprint: Designator=C15_Ch0 Old Footprint=CAPC0510X04N New Footprint=CAPC0510X04N
Change Physical Footprint: Designator=C15_Ch1 Old Footprint=CAPC0510X04N New Footprint=CAPC0510X04N
Change Physical Footprint: Designator=C15_Ch2 Old Footprint=CAPC0510X04N New Footprint=CAPC0510X04N
Change Physical Footprint: Designator=C15_Ch3 Old Footprint=CAPC0510X04N New Footprint=CAPC0510X04N
Change Physical Footprint: Designator=C16_Ch0 Old Footprint=LLL03TR61E333KE01 New Footprint=LLL03TR61E333KE01
Change Physical Footprint: Designator=C16_Ch1 Old Footprint=LLL03TR61E333KE01 New Footprint=LLL03TR61E333KE01
Change Physical Footprint: Designator=C16_Ch2 Old Footprint=LLL03TR61E333KE01 New Footprint=LLL03TR61E333KE01
Change Physical Footprint: Designator=C16_Ch3 Old Footprint=LLL03TR61E333KE01 New Footprint=LLL03TR61E333KE01
Change Physical Footprint: Designator=C17_Ch0 Old Footprint=MURATA_HI_DENSITY_0201 New Footprint=MURATA_HI_DENSITY_0201
Change Physical Footprint: Designator=C17_Ch1 Old Footprint=MURATA_HI_DENSITY_0201 New Footprint=MURATA_HI_DENSITY_0201
Change Physical Footprint: Designator=C17_Ch2 Old Footprint=MURATA_HI_DENSITY_0201 New Footprint=MURATA_HI_DENSITY_0201
Change Physical Footprint: Designator=C17_Ch3 Old Footprint=MURATA_HI_DENSITY_0201 New Footprint=MURATA_HI_DENSITY_0201
Change Physical Footprint: Designator=C18_Ch0 Old Footprint=MURATA_HI_DENSITY_0201 New Footprint=MURATA_HI_DENSITY_0201
Change Physical Footprint: Designator=C18_Ch1 Old Footprint=MURATA_HI_DENSITY_0201 New Footprint=MURATA_HI_DENSITY_0201
Change Physical Footprint: Designator=C18_Ch2 Old Footprint=MURATA_HI_DENSITY_0201 New Footprint=MURATA_HI_DENSITY_0201
Change Physical Footprint: Designator=C18_Ch3 Old Footprint=MURATA_HI_DENSITY_0201 New Footprint=MURATA_HI_DENSITY_0201
Change Physical Footprint: Designator=C19_Ch0 Old Footprint=LLL03TR61E333KE01 New Footprint=LLL03TR61E333KE01
Change Physical Footprint: Designator=C19_Ch1 Old Footprint=LLL03TR61E333KE01 New Footprint=LLL03TR61E333KE01
Change Physical Footprint: Designator=C19_Ch2 Old Footprint=LLL03TR61E333KE01 New Footprint=LLL03TR61E333KE01
Change Physical Footprint: Designator=C19_Ch3 Old Footprint=LLL03TR61E333KE01 New Footprint=LLL03TR61E333KE01
Change Physical Footprint: Designator=C20_Ch0 Old Footprint=CAPC0510X04N New Footprint=CAPC0510X04N
Change Physical Footprint: Designator=C20_Ch1 Old Footprint=CAPC0510X04N New Footprint=CAPC0510X04N
Change Physical Footprint: Designator=C20_Ch2 Old Footprint=CAPC0510X04N New Footprint=CAPC0510X04N
Change Physical Footprint: Designator=C20_Ch3 Old Footprint=CAPC0510X04N New Footprint=CAPC0510X04N
Change Physical Footprint: Designator=C21_Ch0 Old Footprint=LLL03TR61E333KE01 New Footprint=LLL03TR61E333KE01
Change Physical Footprint: Designator=C21_Ch1 Old Footprint=LLL03TR61E333KE01 New Footprint=LLL03TR61E333KE01
Change Physical Footprint: Designator=C21_Ch2 Old Footprint=LLL03TR61E333KE01 New Footprint=LLL03TR61E333KE01
Change Physical Footprint: Designator=C21_Ch3 Old Footprint=LLL03TR61E333KE01 New Footprint=LLL03TR61E333KE01
Change Physical Footprint: Designator=C22_Ch0 Old Footprint=MURATA_HI_DENSITY_0201 New Footprint=MURATA_HI_DENSITY_0201
Change Physical Footprint: Designator=C22_Ch1 Old Footprint=MURATA_HI_DENSITY_0201 New Footprint=MURATA_HI_DENSITY_0201
Change Physical Footprint: Designator=C22_Ch2 Old Footprint=MURATA_HI_DENSITY_0201 New Footprint=MURATA_HI_DENSITY_0201
Change Physical Footprint: Designator=C22_Ch3 Old Footprint=MURATA_HI_DENSITY_0201 New Footprint=MURATA_HI_DENSITY_0201
Change Physical Footprint: Designator=C23_Ch0 Old Footprint=MURATA_HI_DENSITY_0201 New Footprint=MURATA_HI_DENSITY_0201
Change Physical Footprint: Designator=C23_Ch1 Old Footprint=MURATA_HI_DENSITY_0201 New Footprint=MURATA_HI_DENSITY_0201
Change Physical Footprint: Designator=C23_Ch2 Old Footprint=MURATA_HI_DENSITY_0201 New Footprint=MURATA_HI_DENSITY_0201
Change Physical Footprint: Designator=C23_Ch3 Old Footprint=MURATA_HI_DENSITY_0201 New Footprint=MURATA_HI_DENSITY_0201
Change Physical Footprint: Designator=C24_Ch0 Old Footprint=MURATA_HI_DENSITY_0201 New Footprint=MURATA_HI_DENSITY_0201
Change Physical Footprint: Designator=C24_Ch1 Old Footprint=MURATA_HI_DENSITY_0201 New Footprint=MURATA_HI_DENSITY_0201
Change Physical Footprint: Designator=C24_Ch2 Old Footprint=MURATA_HI_DENSITY_0201 New Footprint=MURATA_HI_DENSITY_0201
Change Physical Footprint: Designator=C24_Ch3 Old Footprint=MURATA_HI_DENSITY_0201 New Footprint=MURATA_HI_DENSITY_0201
Change Physical Footprint: Designator=C25_Ch0 Old Footprint=CAPC2013X140N New Footprint=CAPC2013X140N
Change Physical Footprint: Designator=C25_Ch1 Old Footprint=CAPC2013X140N New Footprint=CAPC2013X140N
Change Physical Footprint: Designator=C25_Ch2 Old Footprint=CAPC2013X140N New Footprint=CAPC2013X140N
Change Physical Footprint: Designator=C25_Ch3 Old Footprint=CAPC2013X140N New Footprint=CAPC2013X140N
Change Physical Footprint: Designator=C26 Old Footprint=MURATA_HI_DENSITY_0201 New Footprint=MURATA_HI_DENSITY_0201
Change Physical Footprint: Designator=C27 Old Footprint=CAPC1608X87N New Footprint=CAPC1608X87N
Change Physical Footprint: Designator=C28 Old Footprint=CAPC1608X87N New Footprint=CAPC1608X87N
Change Physical Footprint: Designator=C29 Old Footprint=CAPC1005X55N New Footprint=CAPC1005X55N
Change Physical Footprint: Designator=C30 Old Footprint=MURATA_HI_DENSITY_0402_CAP New Footprint=MURATA_HI_DENSITY_0402_CAP
Change Physical Footprint: Designator=C31 Old Footprint=CAPC0510X04N New Footprint=CAPC0510X04N
Change Physical Footprint: Designator=C32 Old Footprint=CAPC1005X55N New Footprint=CAPC1005X55N
Change Physical Footprint: Designator=C33 Old Footprint=MURATA_HI_DENSITY_0402_CAP New Footprint=MURATA_HI_DENSITY_0402_CAP
Change Physical Footprint: Designator=C34 Old Footprint=CAPC1608X87N New Footprint=CAPC1608X87N
Change Physical Footprint: Designator=C35 Old Footprint=MURATA_HI_DENSITY_0402_CAP New Footprint=MURATA_HI_DENSITY_0402_CAP
Change Physical Footprint: Designator=C36 Old Footprint=MURATA_HI_DENSITY_0402_CAP New Footprint=MURATA_HI_DENSITY_0402_CAP
Change Physical Footprint: Designator=C37 Old Footprint=MURATA_HI_DENSITY_0402_CAP New Footprint=MURATA_HI_DENSITY_0402_CAP
Change Physical Footprint: Designator=C38 Old Footprint=MURATA_HI_DENSITY_0402_CAP New Footprint=MURATA_HI_DENSITY_0402_CAP
Change Physical Footprint: Designator=C39 Old Footprint=CAPC1608X87N New Footprint=CAPC1608X87N
Change Physical Footprint: Designator=C40 Old Footprint=CAPC1608X87N New Footprint=CAPC1608X87N
Change Physical Footprint: Designator=C41 Old Footprint=CAPC1005X55N New Footprint=CAPC1005X55N
Change Physical Footprint: Designator=C42 Old Footprint=MURATA_HI_DENSITY_0201 New Footprint=MURATA_HI_DENSITY_0201
Change Physical Footprint: Designator=C43 Old Footprint=MURATA_HI_DENSITY_0402_CAP New Footprint=MURATA_HI_DENSITY_0402_CAP
Change Physical Footprint: Designator=C44 Old Footprint=MURATA_HI_DENSITY_0201 New Footprint=MURATA_HI_DENSITY_0201
Change Physical Footprint: Designator=C45 Old Footprint=MURATA_HI_DENSITY_0201 New Footprint=MURATA_HI_DENSITY_0201
Change Physical Footprint: Designator=C46 Old Footprint=MURATA_HI_DENSITY_0402_CAP New Footprint=MURATA_HI_DENSITY_0402_CAP
Change Physical Footprint: Designator=C47 Old Footprint=MURATA_HI_DENSITY_0201 New Footprint=MURATA_HI_DENSITY_0201
Change Physical Footprint: Designator=C48 Old Footprint=MURATA_HI_DENSITY_0201 New Footprint=MURATA_HI_DENSITY_0201
Change Physical Footprint: Designator=C49 Old Footprint=MURATA_HI_DENSITY_0402_CAP New Footprint=MURATA_HI_DENSITY_0402_CAP
Change Physical Footprint: Designator=C50 Old Footprint=MURATA_HI_DENSITY_0201 New Footprint=MURATA_HI_DENSITY_0201
Change Physical Footprint: Designator=C51 Old Footprint=MURATA_HI_DENSITY_0201 New Footprint=MURATA_HI_DENSITY_0201
Change Physical Footprint: Designator=C52 Old Footprint=MURATA_HI_DENSITY_0402_CAP New Footprint=MURATA_HI_DENSITY_0402_CAP
Change Physical Footprint: Designator=C53 Old Footprint=MURATA_HI_DENSITY_0201 New Footprint=MURATA_HI_DENSITY_0201
Change Physical Footprint: Designator=C54 Old Footprint=MURATA_HI_DENSITY_0402_CAP New Footprint=MURATA_HI_DENSITY_0402_CAP
Change Physical Footprint: Designator=C55 Old Footprint=CAPC0510X04N New Footprint=CAPC0510X04N
Change Physical Footprint: Designator=C56 Old Footprint=CAPC1005X55N New Footprint=CAPC1005X55N
Change Physical Footprint: Designator=C57 Old Footprint=MURATA_HI_DENSITY_0402_CAP New Footprint=MURATA_HI_DENSITY_0402_CAP
Change Physical Footprint: Designator=C58 Old Footprint=CAPC1608X87N New Footprint=CAPC1608X87N
Change Physical Footprint: Designator=C59 Old Footprint=CAPC1608X87N New Footprint=CAPC1608X87N
Change Physical Footprint: Designator=C60 Old Footprint=CAPC1005X55N New Footprint=CAPC1005X55N
Change Physical Footprint: Designator=C61 Old Footprint=MURATA_HI_DENSITY_0402_CAP New Footprint=MURATA_HI_DENSITY_0402_CAP
Change Physical Footprint: Designator=C62 Old Footprint=CAPC0510X04N New Footprint=CAPC0510X04N
Change Physical Footprint: Designator=C63 Old Footprint=CAPC1005X55N New Footprint=CAPC1005X55N
Change Physical Footprint: Designator=C64 Old Footprint=MURATA_HI_DENSITY_0402_CAP New Footprint=MURATA_HI_DENSITY_0402_CAP
Change Physical Footprint: Designator=C65 Old Footprint=CAPC1608X87N New Footprint=CAPC1608X87N
Change Physical Footprint: Designator=C66 Old Footprint=MURATA_HI_DENSITY_0201 New Footprint=MURATA_HI_DENSITY_0201
Change Physical Footprint: Designator=C67 Old Footprint=MURATA_HI_DENSITY_0201 New Footprint=MURATA_HI_DENSITY_0201
Change Physical Footprint: Designator=C68 Old Footprint=MURATA_HI_DENSITY_0201 New Footprint=MURATA_HI_DENSITY_0201
Change Physical Footprint: Designator=C69 Old Footprint=MURATA_HI_DENSITY_0201 New Footprint=MURATA_HI_DENSITY_0201
Change Physical Footprint: Designator=C70 Old Footprint=MURATA_HI_DENSITY_0201 New Footprint=MURATA_HI_DENSITY_0201
Change Physical Footprint: Designator=C71 Old Footprint=MURATA_HI_DENSITY_0201 New Footprint=MURATA_HI_DENSITY_0201
Change Physical Footprint: Designator=C72 Old Footprint=MURATA_HI_DENSITY_0201 New Footprint=MURATA_HI_DENSITY_0201
Change Physical Footprint: Designator=C73 Old Footprint=MURATA_HI_DENSITY_0201 New Footprint=MURATA_HI_DENSITY_0201
Change Physical Footprint: Designator=C74 Old Footprint=MURATA_HI_DENSITY_0201 New Footprint=MURATA_HI_DENSITY_0201
Change Physical Footprint: Designator=C75 Old Footprint=MURATA_HI_DENSITY_0201 New Footprint=MURATA_HI_DENSITY_0201
Change Physical Footprint: Designator=C76 Old Footprint=MURATA_HI_DENSITY_0201 New Footprint=MURATA_HI_DENSITY_0201
Change Physical Footprint: Designator=C77 Old Footprint=MURATA_HI_DENSITY_0201 New Footprint=MURATA_HI_DENSITY_0201
Change Physical Footprint: Designator=C78 Old Footprint=MURATA_HI_DENSITY_0201 New Footprint=MURATA_HI_DENSITY_0201
Change Physical Footprint: Designator=C79 Old Footprint=CAPC1005X55N New Footprint=CAPC1005X55N
Change Physical Footprint: Designator=C80 Old Footprint=CAPC1005X55N New Footprint=CAPC1005X55N
Change Physical Footprint: Designator=C81 Old Footprint=CAPC1005X55N New Footprint=CAPC1005X55N
Change Physical Footprint: Designator=C82 Old Footprint=CAPC1005X55N New Footprint=CAPC1005X55N
Change Physical Footprint: Designator=C83 Old Footprint=MURATA_HI_DENSITY_0201 New Footprint=MURATA_HI_DENSITY_0201
Change Physical Footprint: Designator=C84 Old Footprint=MURATA_HI_DENSITY_0201 New Footprint=MURATA_HI_DENSITY_0201
Change Physical Footprint: Designator=C85 Old Footprint=CAPC1005X55N New Footprint=CAPC1005X55N
Change Physical Footprint: Designator=C86 Old Footprint=CAPC1005X55N New Footprint=CAPC1005X55N
Change Physical Footprint: Designator=C87 Old Footprint=CAPC1005X55N New Footprint=CAPC1005X55N
Change Physical Footprint: Designator=C88 Old Footprint=CAPC1005X55N New Footprint=CAPC1005X55N
Change Physical Footprint: Designator=C89 Old Footprint=CAPC1005X55N New Footprint=CAPC1005X55N
Change Physical Footprint: Designator=C90 Old Footprint=CAPC1608X87N New Footprint=CAPC1608X87N
Change Physical Footprint: Designator=C91 Old Footprint=MURATA_HI_DENSITY_0201 New Footprint=MURATA_HI_DENSITY_0201
Change Physical Footprint: Designator=C92 Old Footprint=MURATA_HI_DENSITY_0201 New Footprint=MURATA_HI_DENSITY_0201
Change Physical Footprint: Designator=C93 Old Footprint=CAPC1608X87N New Footprint=CAPC1608X87N
Change Physical Footprint: Designator=C94 Old Footprint=MURATA_HI_DENSITY_0201 New Footprint=MURATA_HI_DENSITY_0201
Change Physical Footprint: Designator=C95 Old Footprint=MURATA_HI_DENSITY_0201 New Footprint=MURATA_HI_DENSITY_0201
Change Physical Footprint: Designator=C96 Old Footprint=CAPC0603X33N New Footprint=CAPC0603X33N
Change Physical Footprint: Designator=C97 Old Footprint=CAPC1608X87N New Footprint=CAPC1608X87N
Change Physical Footprint: Designator=C98 Old Footprint=MURATA_HI_DENSITY_0402_CAP New Footprint=MURATA_HI_DENSITY_0402_CAP
Change Physical Footprint: Designator=C99 Old Footprint=LLL03TR61E333KE01 New Footprint=LLL03TR61E333KE01
Change Physical Footprint: Designator=C100 Old Footprint=CAPC1608X87N New Footprint=CAPC1608X87N
Change Physical Footprint: Designator=C101 Old Footprint=MURATA_HI_DENSITY_0201 New Footprint=MURATA_HI_DENSITY_0201
Change Physical Footprint: Designator=C102 Old Footprint=MURATA_HI_DENSITY_0201 New Footprint=MURATA_HI_DENSITY_0201
Change Physical Footprint: Designator=C103 Old Footprint=MURATA_HI_DENSITY_0201 New Footprint=MURATA_HI_DENSITY_0201
Change Physical Footprint: Designator=C104 Old Footprint=MURATA_HI_DENSITY_0201 New Footprint=MURATA_HI_DENSITY_0201
Change Physical Footprint: Designator=C105 Old Footprint=MURATA_HI_DENSITY_0201 New Footprint=MURATA_HI_DENSITY_0201
Change Physical Footprint: Designator=C106 Old Footprint=MURATA_HI_DENSITY_0201 New Footprint=MURATA_HI_DENSITY_0201
Change Physical Footprint: Designator=C107 Old Footprint=MURATA_HI_DENSITY_0201 New Footprint=MURATA_HI_DENSITY_0201
Change Physical Footprint: Designator=C108 Old Footprint=MURATA_HI_DENSITY_0201 New Footprint=MURATA_HI_DENSITY_0201
Change Physical Footprint: Designator=C109 Old Footprint=MURATA_HI_DENSITY_0201 New Footprint=MURATA_HI_DENSITY_0201
Change Physical Footprint: Designator=C110 Old Footprint=MURATA_HI_DENSITY_0201 New Footprint=MURATA_HI_DENSITY_0201
Change Physical Footprint: Designator=C111 Old Footprint=MURATA_HI_DENSITY_0201 New Footprint=MURATA_HI_DENSITY_0201
Change Physical Footprint: Designator=C112 Old Footprint=MURATA_HI_DENSITY_0201 New Footprint=MURATA_HI_DENSITY_0201
Change Physical Footprint: Designator=C113 Old Footprint=MURATA_HI_DENSITY_0201 New Footprint=MURATA_HI_DENSITY_0201
Change Physical Footprint: Designator=C114 Old Footprint=MURATA_HI_DENSITY_0201 New Footprint=MURATA_HI_DENSITY_0201
Change Physical Footprint: Designator=C115 Old Footprint=MURATA_HI_DENSITY_0201 New Footprint=MURATA_HI_DENSITY_0201
Change Physical Footprint: Designator=C116 Old Footprint=MURATA_HI_DENSITY_0201 New Footprint=MURATA_HI_DENSITY_0201
Change Physical Footprint: Designator=C117 Old Footprint=CAPC0510X04N New Footprint=CAPC0510X04N
Change Physical Footprint: Designator=C118 Old Footprint=LLL03TR61E333KE01 New Footprint=LLL03TR61E333KE01
Change Physical Footprint: Designator=C119 Old Footprint=CAPC0510X04N New Footprint=CAPC0510X04N
Change Physical Footprint: Designator=C120 Old Footprint=LLL03TR61E333KE01 New Footprint=LLL03TR61E333KE01
Change Physical Footprint: Designator=C121 Old Footprint=CAPC0510X04N New Footprint=CAPC0510X04N
Change Physical Footprint: Designator=C122 Old Footprint=LLL03TR61E333KE01 New Footprint=LLL03TR61E333KE01
Change Physical Footprint: Designator=C123 Old Footprint=MURATA_HI_DENSITY_0402_CAP New Footprint=MURATA_HI_DENSITY_0402_CAP
Change Physical Footprint: Designator=C124 Old Footprint=CAPC0510X04N New Footprint=CAPC0510X04N
Change Physical Footprint: Designator=C125 Old Footprint=LLL03TR61E333KE01 New Footprint=LLL03TR61E333KE01
Change Physical Footprint: Designator=C126 Old Footprint=MURATA_HI_DENSITY_0201 New Footprint=MURATA_HI_DENSITY_0201
Change Physical Footprint: Designator=C127 Old Footprint=MURATA_HI_DENSITY_0201 New Footprint=MURATA_HI_DENSITY_0201
Change Physical Footprint: Designator=C128 Old Footprint=MURATA_HI_DENSITY_0201 New Footprint=MURATA_HI_DENSITY_0201
Change Physical Footprint: Designator=C129 Old Footprint=CAPC1005X55N New Footprint=CAPC1005X55N
Change Physical Footprint: Designator=C130 Old Footprint=MURATA_HI_DENSITY_0201 New Footprint=MURATA_HI_DENSITY_0201
Change Physical Footprint: Designator=C131 Old Footprint=CAPC0510X04N New Footprint=CAPC0510X04N
Change Physical Footprint: Designator=C132 Old Footprint=LLL03TR61E333KE01 New Footprint=LLL03TR61E333KE01
Change Physical Footprint: Designator=C133 Old Footprint=MURATA_HI_DENSITY_0201 New Footprint=MURATA_HI_DENSITY_0201
Change Physical Footprint: Designator=C134 Old Footprint=MURATA_HI_DENSITY_0201 New Footprint=MURATA_HI_DENSITY_0201
Change Physical Footprint: Designator=C135 Old Footprint=MURATA_HI_DENSITY_0201 New Footprint=MURATA_HI_DENSITY_0201
Change Physical Footprint: Designator=C136 Old Footprint=MURATA_HI_DENSITY_0201 New Footprint=MURATA_HI_DENSITY_0201
Change Physical Footprint: Designator=C137 Old Footprint=MURATA_HI_DENSITY_0201 New Footprint=MURATA_HI_DENSITY_0201
Change Physical Footprint: Designator=C138 Old Footprint=MURATA_HI_DENSITY_0201 New Footprint=MURATA_HI_DENSITY_0201
Change Physical Footprint: Designator=C139 Old Footprint=MURATA_HI_DENSITY_0201 New Footprint=MURATA_HI_DENSITY_0201
Change Physical Footprint: Designator=C140_Ch0 Old Footprint=CAPC0510X04N New Footprint=CAPC0510X04N
Change Physical Footprint: Designator=C140_Ch1 Old Footprint=CAPC0510X04N New Footprint=CAPC0510X04N
Change Physical Footprint: Designator=C140_Ch2 Old Footprint=CAPC0510X04N New Footprint=CAPC0510X04N
Change Physical Footprint: Designator=C140_Ch3 Old Footprint=CAPC0510X04N New Footprint=CAPC0510X04N
Change Physical Footprint: Designator=C141_Ch0 Old Footprint=LLL03TR61E333KE01 New Footprint=LLL03TR61E333KE01
Change Physical Footprint: Designator=C141_Ch1 Old Footprint=LLL03TR61E333KE01 New Footprint=LLL03TR61E333KE01
Change Physical Footprint: Designator=C141_Ch2 Old Footprint=LLL03TR61E333KE01 New Footprint=LLL03TR61E333KE01
Change Physical Footprint: Designator=C141_Ch3 Old Footprint=LLL03TR61E333KE01 New Footprint=LLL03TR61E333KE01
Change Physical Footprint: Designator=C142_Ch0 Old Footprint=CAPC0510X04N New Footprint=CAPC0510X04N
Change Physical Footprint: Designator=C142_Ch1 Old Footprint=CAPC0510X04N New Footprint=CAPC0510X04N
Change Physical Footprint: Designator=C142_Ch2 Old Footprint=CAPC0510X04N New Footprint=CAPC0510X04N
Change Physical Footprint: Designator=C142_Ch3 Old Footprint=CAPC0510X04N New Footprint=CAPC0510X04N
Change Physical Footprint: Designator=C143_Ch0 Old Footprint=LLL03TR61E333KE01 New Footprint=LLL03TR61E333KE01
Change Physical Footprint: Designator=C143_Ch1 Old Footprint=LLL03TR61E333KE01 New Footprint=LLL03TR61E333KE01
Change Physical Footprint: Designator=C143_Ch2 Old Footprint=LLL03TR61E333KE01 New Footprint=LLL03TR61E333KE01
Change Physical Footprint: Designator=C143_Ch3 Old Footprint=LLL03TR61E333KE01 New Footprint=LLL03TR61E333KE01
Change Physical Footprint: Designator=C144_Ch0 Old Footprint=CAPC0510X04N New Footprint=CAPC0510X04N
Change Physical Footprint: Designator=C144_Ch1 Old Footprint=CAPC0510X04N New Footprint=CAPC0510X04N
Change Physical Footprint: Designator=C144_Ch2 Old Footprint=CAPC0510X04N New Footprint=CAPC0510X04N
Change Physical Footprint: Designator=C144_Ch3 Old Footprint=CAPC0510X04N New Footprint=CAPC0510X04N
Change Physical Footprint: Designator=C145_Ch0 Old Footprint=LLL03TR61E333KE01 New Footprint=LLL03TR61E333KE01
Change Physical Footprint: Designator=C145_Ch1 Old Footprint=LLL03TR61E333KE01 New Footprint=LLL03TR61E333KE01
Change Physical Footprint: Designator=C145_Ch2 Old Footprint=LLL03TR61E333KE01 New Footprint=LLL03TR61E333KE01
Change Physical Footprint: Designator=C145_Ch3 Old Footprint=LLL03TR61E333KE01 New Footprint=LLL03TR61E333KE01
Change Physical Footprint: Designator=C146 Old Footprint=CAPC1005X55N New Footprint=CAPC1005X55N
Change Physical Footprint: Designator=C147 Old Footprint=CAPC1005X55N New Footprint=CAPC1005X55N
Change Physical Footprint: Designator=C148_Ch0 Old Footprint=LLL03TR61E333KE01 New Footprint=LLL03TR61E333KE01
Change Physical Footprint: Designator=C148_Ch1 Old Footprint=LLL03TR61E333KE01 New Footprint=LLL03TR61E333KE01
Change Physical Footprint: Designator=C148_Ch2 Old Footprint=LLL03TR61E333KE01 New Footprint=LLL03TR61E333KE01
Change Physical Footprint: Designator=C148_Ch3 Old Footprint=LLL03TR61E333KE01 New Footprint=LLL03TR61E333KE01
Change Physical Footprint: Designator=D1 Old Footprint=LED_APHHS1005LZGCK-V New Footprint=LED_APHHS1005LZGCK-V
Change Physical Footprint: Designator=D2 Old Footprint=LED_APHHS1005LZGCK-V New Footprint=LED_APHHS1005LZGCK-V
Change Physical Footprint: Designator=D3 Old Footprint=LED_APHHS1005LZGCK-V New Footprint=LED_APHHS1005LZGCK-V
Change Physical Footprint: Designator=D4 Old Footprint=LED_APHHS1005LZGCK-V New Footprint=LED_APHHS1005LZGCK-V
Change Physical Footprint: Designator=D5 Old Footprint=LEDC1608X110N New Footprint=LEDC1608X110N
Change Physical Footprint: Designator=D6 Old Footprint=NSR01L30NXT5G New Footprint=NSR01L30NXT5G
Change Physical Footprint: Designator=FTG1 Old Footprint=FIDUCIAL_TOP_C100-200 New Footprint=FIDUCIAL_TOP_C100-200
Change Physical Footprint: Designator=FTG2 Old Footprint=FIDUCIAL_TOP_C100-200 New Footprint=FIDUCIAL_TOP_C100-200
Change Physical Footprint: Designator=FTG3 Old Footprint=FIDUCIAL_TOP_C100-200 New Footprint=FIDUCIAL_TOP_C100-200
Change Physical Footprint: Designator=FTG4 Old Footprint=FIDUCIAL_TOP_C100-200 New Footprint=FIDUCIAL_TOP_C100-200
Change Physical Footprint: Designator=IC1_Ch0 Old Footprint=QFN50P300X300X100-17N New Footprint=QFN50P300X300X100-17N
Change Physical Footprint: Designator=IC1_Ch1 Old Footprint=QFN50P300X300X100-17N New Footprint=QFN50P300X300X100-17N
Change Physical Footprint: Designator=IC1_Ch2 Old Footprint=QFN50P300X300X100-17N New Footprint=QFN50P300X300X100-17N
Change Physical Footprint: Designator=IC1_Ch3 Old Footprint=QFN50P300X300X100-17N New Footprint=QFN50P300X300X100-17N
Change Physical Footprint: Designator=IC2_Ch0 Old Footprint=QFN50P300X300X100-17N New Footprint=QFN50P300X300X100-17N
Change Physical Footprint: Designator=IC2_Ch1 Old Footprint=QFN50P300X300X100-17N New Footprint=QFN50P300X300X100-17N
Change Physical Footprint: Designator=IC2_Ch2 Old Footprint=QFN50P300X300X100-17N New Footprint=QFN50P300X300X100-17N
Change Physical Footprint: Designator=IC2_Ch3 Old Footprint=QFN50P300X300X100-17N New Footprint=QFN50P300X300X100-17N
Change Physical Footprint: Designator=IC3 Old Footprint=SON50P300X300X85-11N-D New Footprint=SON50P300X300X85-11N-D
Change Physical Footprint: Designator=IC4 Old Footprint=SON50P300X300X85-11N-D New Footprint=SON50P300X300X85-11N-D
Change Physical Footprint: Designator=IC5 Old Footprint=SON50P300X300X85-11N-D New Footprint=SON50P300X300X85-11N-D
Change Physical Footprint: Designator=IC6 Old Footprint=SON50P300X300X80-11N-R175X248 New Footprint=SON50P300X300X80-11N-R175X248
Change Physical Footprint: Designator=IC7 Old Footprint=SOIC127P600X175-8N New Footprint=SOIC127P600X175-8N
Change Physical Footprint: Designator=IC8 Old Footprint=QFN50P900X900X90-65N-D New Footprint=QFN50P900X900X90-65N-D
Change Physical Footprint: Designator=IC10 Old Footprint=DFN310X150X55-2N New Footprint=DFN310X150X55-2N
Change Physical Footprint: Designator=IC11 Old Footprint=SOP50P490X110-24N New Footprint=SOP50P490X110-24N
Change Physical Footprint: Designator=IC12 Old Footprint=SN65LVDS4RSER New Footprint=SN65LVDS4RSER
Change Physical Footprint: Designator=IC13_Ch0 Old Footprint=74LVC1G3157GS132 New Footprint=74LVC1G3157GS132
Change Physical Footprint: Designator=IC13_Ch1 Old Footprint=74LVC1G3157GS132 New Footprint=74LVC1G3157GS132
Change Physical Footprint: Designator=IC13_Ch2 Old Footprint=74LVC1G3157GS132 New Footprint=74LVC1G3157GS132
Change Physical Footprint: Designator=IC13_Ch3 Old Footprint=74LVC1G3157GS132 New Footprint=74LVC1G3157GS132
Change Physical Footprint: Designator=ICx Old Footprint=DCPS3-Large New Footprint=DCPS3-Large
Change Physical Footprint: Designator=J1 Old Footprint=20072631_NP New Footprint=20072631_NP
Change Physical Footprint: Designator=J2 Old Footprint=TYCO_1888247-1 New Footprint=TYCO_1888247-1
Change Physical Footprint: Designator=J3 Old Footprint=TYCO_1888247-1 New Footprint=TYCO_1888247-1
Change Physical Footprint: Designator=J4 Old Footprint=SAMTEC_SEAM-40-03.5-S-10-2-A-K-TR New Footprint=SAMTEC_SEAM-40-03.5-S-10-2-A-K-TR
Change Physical Footprint: Designator=J5 Old Footprint=13213410 New Footprint=13213410
Change Physical Footprint: Designator=J6 Old Footprint=13213410 New Footprint=13213410
Change Physical Footprint: Designator=J7 Old Footprint=13213410 New Footprint=13213410
Change Physical Footprint: Designator=J8 Old Footprint=13213410 New Footprint=13213410
Change Physical Footprint: Designator=J9 Old Footprint=13213410 New Footprint=13213410
Change Physical Footprint: Designator=J10 Old Footprint=13213410 New Footprint=13213410
Change Physical Footprint: Designator=LED1 Old Footprint=LED_APTD1608LSECKJ3-PF_KNB New Footprint=LED_APTD1608LSECKJ3-PF_KNB
Change Physical Footprint: Designator=LED2 Old Footprint=LED_APTD1608LSECKJ3-PF_KNB New Footprint=LED_APTD1608LSECKJ3-PF_KNB
Change Physical Footprint: Designator=LED3 Old Footprint=LED_APTD1608LSECKJ3-PF_KNB New Footprint=LED_APTD1608LSECKJ3-PF_KNB
Change Physical Footprint: Designator=LED4 Old Footprint=LED_APTD1608LSECKJ3-PF_KNB New Footprint=LED_APTD1608LSECKJ3-PF_KNB
Change Physical Footprint: Designator=LED5_Ch0 Old Footprint=LED_APTD1608LSECKJ3-PF_KNB New Footprint=LED_APTD1608LSECKJ3-PF_KNB
Change Physical Footprint: Designator=LED5_Ch1 Old Footprint=LED_APTD1608LSECKJ3-PF_KNB New Footprint=LED_APTD1608LSECKJ3-PF_KNB
Change Physical Footprint: Designator=LED5_Ch2 Old Footprint=LED_APTD1608LSECKJ3-PF_KNB New Footprint=LED_APTD1608LSECKJ3-PF_KNB
Change Physical Footprint: Designator=LED5_Ch3 Old Footprint=LED_APTD1608LSECKJ3-PF_KNB New Footprint=LED_APTD1608LSECKJ3-PF_KNB
Change Physical Footprint: Designator=Q2 Old Footprint=CSD15380F3 New Footprint=CSD15380F3
Change Physical Footprint: Designator=Q3 Old Footprint=CSD15380F3 New Footprint=CSD15380F3
Change Physical Footprint: Designator=Q4 Old Footprint=CSD15380F3 New Footprint=CSD15380F3
Change Physical Footprint: Designator=Q5 Old Footprint=CSD15380F3 New Footprint=CSD15380F3
Change Physical Footprint: Designator=Q6 Old Footprint=CSD15380F3 New Footprint=CSD15380F3
Change Physical Footprint: Designator=Q7 Old Footprint=CSD15380F3 New Footprint=CSD15380F3
Change Physical Footprint: Designator=Q8 Old Footprint=CSD15380F3 New Footprint=CSD15380F3
Change Physical Footprint: Designator=Q9 Old Footprint=XTAL_KYOCERA_CX3225SB New Footprint=XTAL_KYOCERA_CX3225SB
Change Physical Footprint: Designator=Q10 Old Footprint=CSD15380F3 New Footprint=CSD15380F3
Change Physical Footprint: Designator=Q11 Old Footprint=CSD15380F3 New Footprint=CSD15380F3
Change Physical Footprint: Designator=Q12 Old Footprint=CSD15380F3 New Footprint=CSD15380F3
Change Physical Footprint: Designator=Q13 Old Footprint=CSD15380F3 New Footprint=CSD15380F3
Change Physical Footprint: Designator=R1_Ch0 Old Footprint=MURATA_HI_DENSITY_0201 New Footprint=MURATA_HI_DENSITY_0201
Change Physical Footprint: Designator=R1_Ch1 Old Footprint=MURATA_HI_DENSITY_0201 New Footprint=MURATA_HI_DENSITY_0201
Change Physical Footprint: Designator=R1_Ch2 Old Footprint=MURATA_HI_DENSITY_0201 New Footprint=MURATA_HI_DENSITY_0201
Change Physical Footprint: Designator=R1_Ch3 Old Footprint=MURATA_HI_DENSITY_0201 New Footprint=MURATA_HI_DENSITY_0201
Change Physical Footprint: Designator=R2_Ch0 Old Footprint=MURATA_HI_DENSITY_0201 New Footprint=MURATA_HI_DENSITY_0201
Change Physical Footprint: Designator=R2_Ch1 Old Footprint=MURATA_HI_DENSITY_0201 New Footprint=MURATA_HI_DENSITY_0201
Change Physical Footprint: Designator=R2_Ch2 Old Footprint=MURATA_HI_DENSITY_0201 New Footprint=MURATA_HI_DENSITY_0201
Change Physical Footprint: Designator=R2_Ch3 Old Footprint=MURATA_HI_DENSITY_0201 New Footprint=MURATA_HI_DENSITY_0201
Change Physical Footprint: Designator=R3_Ch0 Old Footprint=MURATA_HI_DENSITY_0201 New Footprint=MURATA_HI_DENSITY_0201
Change Physical Footprint: Designator=R3_Ch1 Old Footprint=MURATA_HI_DENSITY_0201 New Footprint=MURATA_HI_DENSITY_0201
Change Physical Footprint: Designator=R3_Ch2 Old Footprint=MURATA_HI_DENSITY_0201 New Footprint=MURATA_HI_DENSITY_0201
Change Physical Footprint: Designator=R3_Ch3 Old Footprint=MURATA_HI_DENSITY_0201 New Footprint=MURATA_HI_DENSITY_0201
Change Physical Footprint: Designator=R4_Ch0 Old Footprint=MURATA_HI_DENSITY_0201 New Footprint=MURATA_HI_DENSITY_0201
Change Physical Footprint: Designator=R4_Ch1 Old Footprint=MURATA_HI_DENSITY_0201 New Footprint=MURATA_HI_DENSITY_0201
Change Physical Footprint: Designator=R4_Ch2 Old Footprint=MURATA_HI_DENSITY_0201 New Footprint=MURATA_HI_DENSITY_0201
Change Physical Footprint: Designator=R4_Ch3 Old Footprint=MURATA_HI_DENSITY_0201 New Footprint=MURATA_HI_DENSITY_0201
Change Physical Footprint: Designator=R5_Ch0 Old Footprint=RESC1005X40N New Footprint=RESC1005X40N
Change Physical Footprint: Designator=R5_Ch1 Old Footprint=RESC1005X40N New Footprint=RESC1005X40N
Change Physical Footprint: Designator=R5_Ch2 Old Footprint=RESC1005X40N New Footprint=RESC1005X40N
Change Physical Footprint: Designator=R5_Ch3 Old Footprint=RESC1005X40N New Footprint=RESC1005X40N
Change Physical Footprint: Designator=R6_Ch0 Old Footprint=MURATA_HI_DENSITY_0201 New Footprint=MURATA_HI_DENSITY_0201
Change Physical Footprint: Designator=R6_Ch1 Old Footprint=MURATA_HI_DENSITY_0201 New Footprint=MURATA_HI_DENSITY_0201
Change Physical Footprint: Designator=R6_Ch2 Old Footprint=MURATA_HI_DENSITY_0201 New Footprint=MURATA_HI_DENSITY_0201
Change Physical Footprint: Designator=R6_Ch3 Old Footprint=MURATA_HI_DENSITY_0201 New Footprint=MURATA_HI_DENSITY_0201
Change Physical Footprint: Designator=R9 Old Footprint=MURATA_HI_DENSITY_0201 New Footprint=MURATA_HI_DENSITY_0201
Change Physical Footprint: Designator=R10 Old Footprint=MURATA_HI_DENSITY_0201 New Footprint=MURATA_HI_DENSITY_0201
Change Physical Footprint: Designator=R11 Old Footprint=RESC1005X40N New Footprint=RESC1005X40N
Change Physical Footprint: Designator=R12 Old Footprint=MURATA_HI_DENSITY_0201 New Footprint=MURATA_HI_DENSITY_0201
Change Physical Footprint: Designator=R13 Old Footprint=RESC1005X40N New Footprint=RESC1005X40N
Change Physical Footprint: Designator=R14 Old Footprint=RESC1005X40N New Footprint=RESC1005X40N
Change Physical Footprint: Designator=R15 Old Footprint=RESC1005X40N New Footprint=RESC1005X40N
Change Physical Footprint: Designator=R16 Old Footprint=RESC1005X40N New Footprint=RESC1005X40N
Change Physical Footprint: Designator=R17 Old Footprint=RESC1005X40N New Footprint=RESC1005X40N
Change Physical Footprint: Designator=R18 Old Footprint=RESC1608X55N New Footprint=RESC1608X55N
Change Physical Footprint: Designator=R19 Old Footprint=RESC1005X40N New Footprint=RESC1005X40N
Change Physical Footprint: Designator=R20 Old Footprint=RESC1608X55N New Footprint=RESC1608X55N
Change Physical Footprint: Designator=R21 Old Footprint=RESC1005X40N New Footprint=RESC1005X40N
Change Physical Footprint: Designator=R22 Old Footprint=MURATA_HI_DENSITY_0201 New Footprint=MURATA_HI_DENSITY_0201
Change Physical Footprint: Designator=R23 Old Footprint=MURATA_HI_DENSITY_0201 New Footprint=MURATA_HI_DENSITY_0201
Change Physical Footprint: Designator=R24 Old Footprint=MURATA_HI_DENSITY_0201 New Footprint=MURATA_HI_DENSITY_0201
Change Physical Footprint: Designator=R25 Old Footprint=RESC1005X40N New Footprint=RESC1005X40N
Change Physical Footprint: Designator=R26 Old Footprint=MURATA_HI_DENSITY_0201 New Footprint=MURATA_HI_DENSITY_0201
Change Physical Footprint: Designator=R27 Old Footprint=RESC1005X40N New Footprint=RESC1005X40N
Change Physical Footprint: Designator=R28 Old Footprint=RESC1005X40N New Footprint=RESC1005X40N
Change Physical Footprint: Designator=R29 Old Footprint=MURATA_HI_DENSITY_0201 New Footprint=MURATA_HI_DENSITY_0201
Change Physical Footprint: Designator=R30 Old Footprint=MURATA_HI_DENSITY_0201 New Footprint=MURATA_HI_DENSITY_0201
Change Physical Footprint: Designator=R31 Old Footprint=MURATA_HI_DENSITY_0201 New Footprint=MURATA_HI_DENSITY_0201
Change Physical Footprint: Designator=R32 Old Footprint=RESC1005X40N New Footprint=RESC1005X40N
Change Physical Footprint: Designator=R33 Old Footprint=RESC1005X40N New Footprint=RESC1005X40N
Change Physical Footprint: Designator=R34 Old Footprint=MURATA_HI_DENSITY_0201 New Footprint=MURATA_HI_DENSITY_0201
Change Physical Footprint: Designator=R35 Old Footprint=RESC1005X40N New Footprint=RESC1005X40N
Change Physical Footprint: Designator=R36 Old Footprint=RESC1005X40N New Footprint=RESC1005X40N
Change Physical Footprint: Designator=R37 Old Footprint=MURATA_HI_DENSITY_0201 New Footprint=MURATA_HI_DENSITY_0201
Change Physical Footprint: Designator=R38 Old Footprint=MURATA_HI_DENSITY_0201 New Footprint=MURATA_HI_DENSITY_0201
Change Physical Footprint: Designator=R39 Old Footprint=MURATA_HI_DENSITY_0201 New Footprint=MURATA_HI_DENSITY_0201
Change Physical Footprint: Designator=R40 Old Footprint=RESC1005X40N New Footprint=RESC1005X40N
Change Physical Footprint: Designator=R41 Old Footprint=RESC1005X40N New Footprint=RESC1005X40N
Change Physical Footprint: Designator=R42 Old Footprint=MURATA_HI_DENSITY_0201 New Footprint=MURATA_HI_DENSITY_0201
Change Physical Footprint: Designator=R43 Old Footprint=RESC1005X40N New Footprint=RESC1005X40N
Change Physical Footprint: Designator=R44 Old Footprint=RESC1005X40N New Footprint=RESC1005X40N
Change Physical Footprint: Designator=R45 Old Footprint=MURATA_HI_DENSITY_0201 New Footprint=MURATA_HI_DENSITY_0201
Change Physical Footprint: Designator=R46 Old Footprint=RESC1005X40N New Footprint=RESC1005X40N
Change Physical Footprint: Designator=R47 Old Footprint=RESC1005X40N New Footprint=RESC1005X40N
Change Physical Footprint: Designator=R48 Old Footprint=MURATA_HI_DENSITY_0201 New Footprint=MURATA_HI_DENSITY_0201
Change Physical Footprint: Designator=R49 Old Footprint=MURATA_HI_DENSITY_0201 New Footprint=MURATA_HI_DENSITY_0201
Change Physical Footprint: Designator=R50 Old Footprint=RESC0603X28N New Footprint=RESC0603X28N
Change Physical Footprint: Designator=R51 Old Footprint=MURATA_HI_DENSITY_0201 New Footprint=MURATA_HI_DENSITY_0201
Change Physical Footprint: Designator=R52 Old Footprint=MURATA_HI_DENSITY_0201 New Footprint=MURATA_HI_DENSITY_0201
Change Physical Footprint: Designator=R54 Old Footprint=MURATA_HI_DENSITY_0201 New Footprint=MURATA_HI_DENSITY_0201
Change Physical Footprint: Designator=R56 Old Footprint=MURATA_HI_DENSITY_0201 New Footprint=MURATA_HI_DENSITY_0201
Change Physical Footprint: Designator=R57 Old Footprint=MURATA_HI_DENSITY_0201 New Footprint=MURATA_HI_DENSITY_0201
Change Physical Footprint: Designator=R58 Old Footprint=RESC1005X40N New Footprint=RESC1005X40N
Change Physical Footprint: Designator=R59 Old Footprint=RESC1005X40N New Footprint=RESC1005X40N
Change Physical Footprint: Designator=R60 Old Footprint=RESC1005X40N New Footprint=RESC1005X40N
Change Physical Footprint: Designator=R61 Old Footprint=RESC1005X40N New Footprint=RESC1005X40N
Change Physical Footprint: Designator=R62 Old Footprint=RESC1005X40N New Footprint=RESC1005X40N
Change Physical Footprint: Designator=R63 Old Footprint=RESC1005X40N New Footprint=RESC1005X40N
Change Physical Footprint: Designator=R64 Old Footprint=MURATA_HI_DENSITY_0201 New Footprint=MURATA_HI_DENSITY_0201
Change Physical Footprint: Designator=R65 Old Footprint=MURATA_HI_DENSITY_0201 New Footprint=MURATA_HI_DENSITY_0201
Change Physical Footprint: Designator=R66 Old Footprint=MURATA_HI_DENSITY_0201 New Footprint=MURATA_HI_DENSITY_0201
Change Physical Footprint: Designator=R67 Old Footprint=RESC0603X28N New Footprint=RESC0603X28N
Change Physical Footprint: Designator=R68 Old Footprint=MURATA_HI_DENSITY_0201 New Footprint=MURATA_HI_DENSITY_0201
Change Physical Footprint: Designator=R69 Old Footprint=MURATA_HI_DENSITY_0201 New Footprint=MURATA_HI_DENSITY_0201
Change Physical Footprint: Designator=R70 Old Footprint=MURATA_HI_DENSITY_0201 New Footprint=MURATA_HI_DENSITY_0201
Change Physical Footprint: Designator=R71 Old Footprint=MURATA_HI_DENSITY_0201 New Footprint=MURATA_HI_DENSITY_0201
Change Physical Footprint: Designator=R72 Old Footprint=MURATA_HI_DENSITY_0201 New Footprint=MURATA_HI_DENSITY_0201
Change Physical Footprint: Designator=R73 Old Footprint=MURATA_HI_DENSITY_0201 New Footprint=MURATA_HI_DENSITY_0201
Change Physical Footprint: Designator=R74 Old Footprint=RESC1005X40N New Footprint=RESC1005X40N
Change Physical Footprint: Designator=R76 Old Footprint=MURATA_HI_DENSITY_0201 New Footprint=MURATA_HI_DENSITY_0201
Change Physical Footprint: Designator=R78 Old Footprint=MURATA_HI_DENSITY_0201 New Footprint=MURATA_HI_DENSITY_0201
Change Physical Footprint: Designator=R79 Old Footprint=MURATA_HI_DENSITY_0201 New Footprint=MURATA_HI_DENSITY_0201
Change Physical Footprint: Designator=R80 Old Footprint=RESC1005X40N New Footprint=RESC1005X40N
Change Physical Footprint: Designator=R81 Old Footprint=MURATA_HI_DENSITY_0201 New Footprint=MURATA_HI_DENSITY_0201
Change Physical Footprint: Designator=R82 Old Footprint=RESC1005X40N New Footprint=RESC1005X40N
Change Physical Footprint: Designator=R83 Old Footprint=MURATA_HI_DENSITY_0201 New Footprint=MURATA_HI_DENSITY_0201
Change Physical Footprint: Designator=R84 Old Footprint=MURATA_HI_DENSITY_0201 New Footprint=MURATA_HI_DENSITY_0201
Change Physical Footprint: Designator=R85 Old Footprint=MURATA_HI_DENSITY_0201 New Footprint=MURATA_HI_DENSITY_0201
Change Physical Footprint: Designator=R86 Old Footprint=MURATA_HI_DENSITY_0201 New Footprint=MURATA_HI_DENSITY_0201
Change Physical Footprint: Designator=RN1 Old Footprint=EXBU18 New Footprint=EXBU18
Change Physical Footprint: Designator=RN2 Old Footprint=EXBU18 New Footprint=EXBU18
Change Physical Footprint: Designator=RN4 Old Footprint=EXBU18 New Footprint=EXBU18
Change Physical Footprint: Designator=U1_Ch0 Old Footprint=CP_32_11_ADI New Footprint=CP_32_11_ADI
Change Physical Footprint: Designator=U1_Ch1 Old Footprint=CP_32_11_ADI New Footprint=CP_32_11_ADI
Change Physical Footprint: Designator=U1_Ch2 Old Footprint=CP_32_11_ADI New Footprint=CP_32_11_ADI
Change Physical Footprint: Designator=U1_Ch3 Old Footprint=CP_32_11_ADI New Footprint=CP_32_11_ADI
Change Physical Footprint: Designator=U2 Old Footprint=SOT_07SDRLR_TEX New Footprint=SOT_07SDRLR_TEX
Change Physical Footprint: Designator=U3 Old Footprint=RUT12_TEX New Footprint=RUT12_TEX
Change Physical Footprint: Designator=U4 Old Footprint=RUT12_TEX New Footprint=RUT12_TEX
Change Physical Footprint: Designator=U5 Old Footprint=QFN-24_MCH-L New Footprint=QFN-24_MCH-L
Change Physical Footprint: Designator=U6 Old Footprint=YZP8 New Footprint=YZP8
Change Physical Footprint: Designator=U7 Old Footprint=RUT12_TEX New Footprint=RUT12_TEX
Change Physical Footprint: Designator=U8 Old Footprint=DTM0008A-MFG New Footprint=DTM0008A-MFG
Change Physical Footprint: Designator=U9 Old Footprint=X2SON_TEX New Footprint=X2SON_TEX
Change Physical Footprint: Designator=U? Old Footprint=RDJ0023A-MFG New Footprint=RDJ0023A-MFG
Change Physical Footprint: Designator=W2 Old Footprint=SAMTEC_HTSW-102-23-L-S New Footprint=SAMTEC_HTSW-102-23-L-S
Change Physical Footprint: Designator=W3 Old Footprint=SAMTEC_HTSW-102-23-L-S New Footprint=SAMTEC_HTSW-102-23-L-S
Change Physical Footprint: Designator=W5 Old Footprint=SAMTEC_HTSW-102-23-L-S New Footprint=SAMTEC_HTSW-102-23-L-S
Change Physical Footprint: Designator=W6 Old Footprint=SAMTEC_HTSW-102-23-L-S New Footprint=SAMTEC_HTSW-102-23-L-S
Change Physical Footprint: Designator=W7 Old Footprint=SAMTEC_HTSW-101-23-L-S New Footprint=SAMTEC_HTSW-101-23-L-S
Change Physical Footprint: Designator=W9 Old Footprint=SAMTEC_HTSW-104-23-L-S New Footprint=SAMTEC_HTSW-104-23-L-S
