Added Component: Designator=TP6(TP+195X110)
Add component (AddParameter): Name = "Availability"; Value = "Unavailable"; VariantName = "[No Variations]"
Add component (AddParameter): Name = "MF"; Value = "{'manufacturer': u'TE Connectivity AMP Connectors'}"; VariantName = "[No Variations]"
Add component (AddParameter): Name = "MP"; Value = "RCU-0C"; VariantName = "[No Variations]"
Add component (AddParameter): Name = "Package"; Value = "None"; VariantName = "[No Variations]"
Add component (AddParameter): Name = "Price"; Value = "None"; VariantName = "[No Variations]"
Add component (AddParameter): Name = "Value"; Value = ""; VariantName = "[No Variations]"
Added Component: Designator=TP7(TP+195X110)
Add component (AddParameter): Name = "Availability"; Value = "Unavailable"; VariantName = "[No Variations]"
Add component (AddParameter): Name = "MF"; Value = "{'manufacturer': u'TE Connectivity AMP Connectors'}"; VariantName = "[No Variations]"
Add component (AddParameter): Name = "MP"; Value = "RCU-0C"; VariantName = "[No Variations]"
Add component (AddParameter): Name = "Package"; Value = "None"; VariantName = "[No Variations]"
Add component (AddParameter): Name = "Price"; Value = "None"; VariantName = "[No Variations]"
Add component (AddParameter): Name = "Value"; Value = ""; VariantName = "[No Variations]"
Added Component: Designator=TP8(TP+195X110)
Add component (AddParameter): Name = "Availability"; Value = "Unavailable"; VariantName = "[No Variations]"
Add component (AddParameter): Name = "MF"; Value = "{'manufacturer': u'TE Connectivity AMP Connectors'}"; VariantName = "[No Variations]"
Add component (AddParameter): Name = "MP"; Value = "RCU-0C"; VariantName = "[No Variations]"
Add component (AddParameter): Name = "Package"; Value = "None"; VariantName = "[No Variations]"
Add component (AddParameter): Name = "Price"; Value = "None"; VariantName = "[No Variations]"
Add component (AddParameter): Name = "Value"; Value = ""; VariantName = "[No Variations]"
Added Component: Designator=TP9(TP+195X110)
Add component (AddParameter): Name = "Availability"; Value = "Unavailable"; VariantName = "[No Variations]"
Add component (AddParameter): Name = "MF"; Value = "{'manufacturer': u'TE Connectivity AMP Connectors'}"; VariantName = "[No Variations]"
Add component (AddParameter): Name = "MP"; Value = "RCU-0C"; VariantName = "[No Variations]"
Add component (AddParameter): Name = "Package"; Value = "None"; VariantName = "[No Variations]"
Add component (AddParameter): Name = "Price"; Value = "None"; VariantName = "[No Variations]"
Add component (AddParameter): Name = "Value"; Value = ""; VariantName = "[No Variations]"
Added Component: Designator=TP10(TP+195X110)
Add component (AddParameter): Name = "Availability"; Value = "Unavailable"; VariantName = "[No Variations]"
Add component (AddParameter): Name = "MF"; Value = "{'manufacturer': u'TE Connectivity AMP Connectors'}"; VariantName = "[No Variations]"
Add component (AddParameter): Name = "MP"; Value = "RCU-0C"; VariantName = "[No Variations]"
Add component (AddParameter): Name = "Package"; Value = "None"; VariantName = "[No Variations]"
Add component (AddParameter): Name = "Price"; Value = "None"; VariantName = "[No Variations]"
Add component (AddParameter): Name = "Value"; Value = ""; VariantName = "[No Variations]"
Added Component: Designator=TP11(TP+195X110)
Add component (AddParameter): Name = "Availability"; Value = "Unavailable"; VariantName = "[No Variations]"
Add component (AddParameter): Name = "MF"; Value = "{'manufacturer': u'TE Connectivity AMP Connectors'}"; VariantName = "[No Variations]"
Add component (AddParameter): Name = "MP"; Value = "RCU-0C"; VariantName = "[No Variations]"
Add component (AddParameter): Name = "Package"; Value = "None"; VariantName = "[No Variations]"
Add component (AddParameter): Name = "Price"; Value = "None"; VariantName = "[No Variations]"
Add component (AddParameter): Name = "Value"; Value = ""; VariantName = "[No Variations]"
Added Component: Designator=TP12(TP+195X110)
Add component (AddParameter): Name = "Availability"; Value = "Unavailable"; VariantName = "[No Variations]"
Add component (AddParameter): Name = "MF"; Value = "{'manufacturer': u'TE Connectivity AMP Connectors'}"; VariantName = "[No Variations]"
Add component (AddParameter): Name = "MP"; Value = "RCU-0C"; VariantName = "[No Variations]"
Add component (AddParameter): Name = "Package"; Value = "None"; VariantName = "[No Variations]"
Add component (AddParameter): Name = "Price"; Value = "None"; VariantName = "[No Variations]"
Add component (AddParameter): Name = "Value"; Value = ""; VariantName = "[No Variations]"
Added Component: Designator=TP13(TP+195X110)
Add component (AddParameter): Name = "Availability"; Value = "Unavailable"; VariantName = "[No Variations]"
Add component (AddParameter): Name = "MF"; Value = "{'manufacturer': u'TE Connectivity AMP Connectors'}"; VariantName = "[No Variations]"
Add component (AddParameter): Name = "MP"; Value = "RCU-0C"; VariantName = "[No Variations]"
Add component (AddParameter): Name = "Package"; Value = "None"; VariantName = "[No Variations]"
Add component (AddParameter): Name = "Price"; Value = "None"; VariantName = "[No Variations]"
Add component (AddParameter): Name = "Value"; Value = ""; VariantName = "[No Variations]"
Added Component: Designator=TP14(TP+195X110)
Add component (AddParameter): Name = "Availability"; Value = "Unavailable"; VariantName = "[No Variations]"
Add component (AddParameter): Name = "MF"; Value = "{'manufacturer': u'TE Connectivity AMP Connectors'}"; VariantName = "[No Variations]"
Add component (AddParameter): Name = "MP"; Value = "RCU-0C"; VariantName = "[No Variations]"
Add component (AddParameter): Name = "Package"; Value = "None"; VariantName = "[No Variations]"
Add component (AddParameter): Name = "Price"; Value = "None"; VariantName = "[No Variations]"
Add component (AddParameter): Name = "Value"; Value = ""; VariantName = "[No Variations]"
Added Component: Designator=TP15(TP+195X110)
Add component (AddParameter): Name = "Availability"; Value = "Unavailable"; VariantName = "[No Variations]"
Add component (AddParameter): Name = "MF"; Value = "{'manufacturer': u'TE Connectivity AMP Connectors'}"; VariantName = "[No Variations]"
Add component (AddParameter): Name = "MP"; Value = "RCU-0C"; VariantName = "[No Variations]"
Add component (AddParameter): Name = "Package"; Value = "None"; VariantName = "[No Variations]"
Add component (AddParameter): Name = "Price"; Value = "None"; VariantName = "[No Variations]"
Add component (AddParameter): Name = "Value"; Value = ""; VariantName = "[No Variations]"
Added Component: Designator=TP16(TP+195X110)
Add component (AddParameter): Name = "Availability"; Value = "Unavailable"; VariantName = "[No Variations]"
Add component (AddParameter): Name = "MF"; Value = "{'manufacturer': u'TE Connectivity AMP Connectors'}"; VariantName = "[No Variations]"
Add component (AddParameter): Name = "MP"; Value = "RCU-0C"; VariantName = "[No Variations]"
Add component (AddParameter): Name = "Package"; Value = "None"; VariantName = "[No Variations]"
Add component (AddParameter): Name = "Price"; Value = "None"; VariantName = "[No Variations]"
Add component (AddParameter): Name = "Value"; Value = ""; VariantName = "[No Variations]"
Added Pin To Net: NetName=P12V Pin=TP6-1
Added Pin To Net: NetName=P3V3 Pin=TP7-1
Added Pin To Net: NetName=VADJ Pin=TP8-1
Added Pin To Net: NetName=SLOAD_PSC_3V3 Pin=TP9-1
Added Pin To Net: NetName=CLK40_1V Pin=TP10-1
Added Pin To Net: NetName=SCL_PSC_3V3 Pin=TP11-1
Added Pin To Net: NetName=SDA_1V Pin=TP12-1
Added Pin To Net: NetName=SDA_PSC_3V3 Pin=TP13-1
Added Pin To Net: NetName=SCL_1V Pin=TP14-1
Added Pin To Net: NetName=SOUT_PSC_3V3 Pin=TP15-1
Added Pin To Net: NetName=*RST_1V Pin=TP16-1
Added Member To Class: ClassName=U_FMC Member=Component TP6 RCU-0C
Added Member To Class: ClassName=U_FMC Member=Component TP7 RCU-0C
Added Member To Class: ClassName=U_FMC Member=Component TP8 RCU-0C
Added Member To Class: ClassName=U_phase-shifters Member=Component TP9 RCU-0C
Added Member To Class: ClassName=U_phase-shifters Member=Component TP10 RCU-0C
Added Member To Class: ClassName=U_phase-shifters Member=Component TP11 RCU-0C
Added Member To Class: ClassName=U_phase-shifters Member=Component TP12 RCU-0C
Added Member To Class: ClassName=U_phase-shifters Member=Component TP13 RCU-0C
Added Member To Class: ClassName=U_phase-shifters Member=Component TP14 RCU-0C
Added Member To Class: ClassName=U_phase-shifters Member=Component TP15 RCU-0C
Added Member To Class: ClassName=U_phase-shifters Member=Component TP16 RCU-0C
