Removed Member From Class: ClassName=Match_CDR_DFF Member=CLOCK_OUT_C_Ch0_N
Removed Member From Class: ClassName=Match_CDR_DFF Member=CLOCK_OUT_C_Ch0_P
Removed Member From Class: ClassName=Match_CDR_DFF Member=CLOCK_OUT_C_Ch1_N
Removed Member From Class: ClassName=Match_CDR_DFF Member=CLOCK_OUT_C_Ch1_P
Removed Member From Class: ClassName=Match_CDR_DFF Member=CLOCK_OUT_C_Ch2_N
Removed Member From Class: ClassName=Match_CDR_DFF Member=CLOCK_OUT_C_Ch2_P
Removed Member From Class: ClassName=Match_CDR_DFF Member=CLOCK_OUT_C_Ch3_N
Removed Member From Class: ClassName=Match_CDR_DFF Member=CLOCK_OUT_C_Ch3_P
Removed Member From Class: ClassName=Match_CDR_DFF Member=CLOCK_OUT_Ch0_N
Removed Member From Class: ClassName=Match_CDR_DFF Member=CLOCK_OUT_Ch0_P
Removed Member From Class: ClassName=Match_CDR_DFF Member=CLOCK_OUT_Ch1_N
Removed Member From Class: ClassName=Match_CDR_DFF Member=CLOCK_OUT_Ch1_P
Removed Member From Class: ClassName=Match_CDR_DFF Member=CLOCK_OUT_Ch2_N
Removed Member From Class: ClassName=Match_CDR_DFF Member=CLOCK_OUT_Ch2_P
Removed Member From Class: ClassName=Match_CDR_DFF Member=CLOCK_OUT_Ch3_N
Removed Member From Class: ClassName=Match_CDR_DFF Member=CLOCK_OUT_Ch3_P
Removed Member From Class: ClassName=Match_FAN_CDR Member=DATA_IN_C_Ch0_N
Removed Member From Class: ClassName=Match_FAN_CDR Member=DATA_IN_C_Ch0_P
Removed Member From Class: ClassName=Match_FAN_CDR Member=DATA_IN_C_Ch1_N
Removed Member From Class: ClassName=Match_FAN_CDR Member=DATA_IN_C_Ch1_P
Removed Member From Class: ClassName=Match_FAN_CDR Member=DATA_IN_C_Ch2_N
Removed Member From Class: ClassName=Match_FAN_CDR Member=DATA_IN_C_Ch2_P
Removed Member From Class: ClassName=Match_FAN_CDR Member=DATA_IN_C_Ch3_N
Removed Member From Class: ClassName=Match_FAN_CDR Member=DATA_IN_C_Ch3_P
Removed Member From Class: ClassName=Match_FAN_CDR Member=IN_Ch0_N
Removed Member From Class: ClassName=Match_FAN_CDR Member=IN_Ch0_P
Removed Member From Class: ClassName=Match_FAN_CDR Member=IN_Ch1_N
Removed Member From Class: ClassName=Match_FAN_CDR Member=IN_Ch1_P
Removed Member From Class: ClassName=Match_FAN_CDR Member=IN_Ch2_N
Removed Member From Class: ClassName=Match_FAN_CDR Member=IN_Ch2_P
Removed Member From Class: ClassName=Match_FAN_CDR Member=IN_Ch3_N
Removed Member From Class: ClassName=Match_FAN_CDR Member=IN_Ch3_P
Remove Class Member: Failed to remove class member
Remove Class Member: Failed to remove class member
Remove Class Member: Failed to remove class member
Remove Class Member: Failed to remove class member
Change Component Designator: OldDesignator=C1_Ch0 NewDesignator=C1_l0
Change Component Designator: OldDesignator=C1_Ch1 NewDesignator=C1_l1
Change Component Designator: OldDesignator=C1_Ch2 NewDesignator=C1_l2
Change Component Designator: OldDesignator=C1_Ch3 NewDesignator=C1_l3
Change Component Designator: OldDesignator=C2_Ch0 NewDesignator=C2_l0
Change Component Designator: OldDesignator=C2_Ch1 NewDesignator=C2_l1
Change Component Designator: OldDesignator=C2_Ch2 NewDesignator=C2_l2
Change Component Designator: OldDesignator=C2_Ch3 NewDesignator=C2_l3
Change Component Designator: OldDesignator=C3_Ch0 NewDesignator=C3_l0
Change Component Designator: OldDesignator=C3_Ch1 NewDesignator=C3_l1
Change Component Designator: OldDesignator=C3_Ch2 NewDesignator=C3_l2
Change Component Designator: OldDesignator=C3_Ch3 NewDesignator=C3_l3
Change Component Designator: OldDesignator=C4_Ch0 NewDesignator=C4_l0
Change Component Designator: OldDesignator=C4_Ch1 NewDesignator=C4_l1
Change Component Designator: OldDesignator=C4_Ch2 NewDesignator=C4_l2
Change Component Designator: OldDesignator=C4_Ch3 NewDesignator=C4_l3
Change Component Designator: OldDesignator=C5_Ch0 NewDesignator=C5_l0
Change Component Designator: OldDesignator=C5_Ch1 NewDesignator=C5_l1
Change Component Designator: OldDesignator=C5_Ch2 NewDesignator=C5_l2
Change Component Designator: OldDesignator=C5_Ch3 NewDesignator=C5_l3
Change Component Designator: OldDesignator=C6_Ch0 NewDesignator=C6_l0
Change Component Designator: OldDesignator=C6_Ch1 NewDesignator=C6_l1
Change Component Designator: OldDesignator=C6_Ch2 NewDesignator=C6_l2
Change Component Designator: OldDesignator=C6_Ch3 NewDesignator=C6_l3
Change Component Designator: OldDesignator=C7_Ch0 NewDesignator=C7_l0
Change Component Designator: OldDesignator=C7_Ch1 NewDesignator=C7_l1
Change Component Designator: OldDesignator=C7_Ch2 NewDesignator=C7_l2
Change Component Designator: OldDesignator=C7_Ch3 NewDesignator=C7_l3
Change Component Designator: OldDesignator=C8_Ch0 NewDesignator=C8_l0
Change Component Designator: OldDesignator=C8_Ch1 NewDesignator=C8_l1
Change Component Designator: OldDesignator=C8_Ch2 NewDesignator=C8_l2
Change Component Designator: OldDesignator=C8_Ch3 NewDesignator=C8_l3
Change Component Designator: OldDesignator=C9_Ch0 NewDesignator=C9_l0
Change Component Designator: OldDesignator=C9_Ch1 NewDesignator=C9_l1
Change Component Designator: OldDesignator=C9_Ch2 NewDesignator=C9_l2
Change Component Designator: OldDesignator=C9_Ch3 NewDesignator=C9_l3
Change Component Designator: OldDesignator=C10_Ch0 NewDesignator=C10_l0
Change Component Designator: OldDesignator=C10_Ch1 NewDesignator=C10_l1
Change Component Designator: OldDesignator=C10_Ch2 NewDesignator=C10_l2
Change Component Designator: OldDesignator=C10_Ch3 NewDesignator=C10_l3
Change Component Designator: OldDesignator=C11_Ch0 NewDesignator=C11_l0
Change Component Designator: OldDesignator=C11_Ch1 NewDesignator=C11_l1
Change Component Designator: OldDesignator=C11_Ch2 NewDesignator=C11_l2
Change Component Designator: OldDesignator=C11_Ch3 NewDesignator=C11_l3
Change Component Designator: OldDesignator=C12_Ch0 NewDesignator=C12_l0
Change Component Designator: OldDesignator=C12_Ch1 NewDesignator=C12_l1
Change Component Designator: OldDesignator=C12_Ch2 NewDesignator=C12_l2
Change Component Designator: OldDesignator=C12_Ch3 NewDesignator=C12_l3
Change Component Designator: OldDesignator=C13_Ch0 NewDesignator=C13_l0
Change Component Designator: OldDesignator=C13_Ch1 NewDesignator=C13_l1
Change Component Designator: OldDesignator=C13_Ch2 NewDesignator=C13_l2
Change Component Designator: OldDesignator=C13_Ch3 NewDesignator=C13_l3
Change Component Designator: OldDesignator=C14_Ch0 NewDesignator=C14_l0
Change Component Designator: OldDesignator=C14_Ch1 NewDesignator=C14_l1
Change Component Designator: OldDesignator=C14_Ch2 NewDesignator=C14_l2
Change Component Designator: OldDesignator=C14_Ch3 NewDesignator=C14_l3
Change Component Designator: OldDesignator=C15_Ch0 NewDesignator=C15_l0
Change Component Designator: OldDesignator=C15_Ch1 NewDesignator=C15_l1
Change Component Designator: OldDesignator=C15_Ch2 NewDesignator=C15_l2
Change Component Designator: OldDesignator=C15_Ch3 NewDesignator=C15_l3
Change Component Designator: OldDesignator=C16_Ch0 NewDesignator=C16_l0
Change Component Designator: OldDesignator=C16_Ch1 NewDesignator=C16_l1
Change Component Designator: OldDesignator=C16_Ch2 NewDesignator=C16_l2
Change Component Designator: OldDesignator=C16_Ch3 NewDesignator=C16_l3
Change Component Designator: OldDesignator=C17_Ch0 NewDesignator=C17_l0
Change Component Designator: OldDesignator=C17_Ch1 NewDesignator=C17_l1
Change Component Designator: OldDesignator=C17_Ch2 NewDesignator=C17_l2
Change Component Designator: OldDesignator=C17_Ch3 NewDesignator=C17_l3
Change Component Designator: OldDesignator=C18_Ch0 NewDesignator=C18_l0
Change Component Designator: OldDesignator=C18_Ch1 NewDesignator=C18_l1
Change Component Designator: OldDesignator=C18_Ch2 NewDesignator=C18_l2
Change Component Designator: OldDesignator=C18_Ch3 NewDesignator=C18_l3
Change Component Designator: OldDesignator=C19_Ch0 NewDesignator=C19_l0
Change Component Designator: OldDesignator=C19_Ch1 NewDesignator=C19_l1
Change Component Designator: OldDesignator=C19_Ch2 NewDesignator=C19_l2
Change Component Designator: OldDesignator=C19_Ch3 NewDesignator=C19_l3
Change Component Designator: OldDesignator=C20_Ch0 NewDesignator=C20_l0
Change Component Designator: OldDesignator=C20_Ch1 NewDesignator=C20_l1
Change Component Designator: OldDesignator=C20_Ch2 NewDesignator=C20_l2
Change Component Designator: OldDesignator=C20_Ch3 NewDesignator=C20_l3
Change Component Designator: OldDesignator=C21_Ch0 NewDesignator=C21_l0
Change Component Designator: OldDesignator=C21_Ch1 NewDesignator=C21_l1
Change Component Designator: OldDesignator=C21_Ch2 NewDesignator=C21_l2
Change Component Designator: OldDesignator=C21_Ch3 NewDesignator=C21_l3
Change Component Designator: OldDesignator=C22_Ch0 NewDesignator=C22_l0
Change Component Designator: OldDesignator=C22_Ch1 NewDesignator=C22_l1
Change Component Designator: OldDesignator=C22_Ch2 NewDesignator=C22_l2
Change Component Designator: OldDesignator=C22_Ch3 NewDesignator=C22_l3
Change Component Designator: OldDesignator=C23_Ch0 NewDesignator=C23_l0
Change Component Designator: OldDesignator=C23_Ch1 NewDesignator=C23_l1
Change Component Designator: OldDesignator=C23_Ch2 NewDesignator=C23_l2
Change Component Designator: OldDesignator=C23_Ch3 NewDesignator=C23_l3
Change Component Designator: OldDesignator=C24_Ch0 NewDesignator=C24_l0
Change Component Designator: OldDesignator=C24_Ch1 NewDesignator=C24_l1
Change Component Designator: OldDesignator=C24_Ch2 NewDesignator=C24_l2
Change Component Designator: OldDesignator=C24_Ch3 NewDesignator=C24_l3
Change Component Designator: OldDesignator=C25_Ch0 NewDesignator=C25_l0
Change Component Designator: OldDesignator=C25_Ch1 NewDesignator=C25_l1
Change Component Designator: OldDesignator=C25_Ch2 NewDesignator=C25_l2
Change Component Designator: OldDesignator=C25_Ch3 NewDesignator=C25_l3
Change Component Designator: OldDesignator=C26_Ch0 NewDesignator=C26_l0
Change Component Designator: OldDesignator=C26_Ch1 NewDesignator=C26_l1
Change Component Designator: OldDesignator=C26_Ch2 NewDesignator=C26_l2
Change Component Designator: OldDesignator=C26_Ch3 NewDesignator=C26_l3
Change Component Designator: OldDesignator=C27_Ch0 NewDesignator=C27_l0
Change Component Designator: OldDesignator=C27_Ch1 NewDesignator=C27_l1
Change Component Designator: OldDesignator=C27_Ch2 NewDesignator=C27_l2
Change Component Designator: OldDesignator=C27_Ch3 NewDesignator=C27_l3
Change Component Designator: OldDesignator=C28_Ch0 NewDesignator=C28_l0
Change Component Designator: OldDesignator=C28_Ch1 NewDesignator=C28_l1
Change Component Designator: OldDesignator=C28_Ch2 NewDesignator=C28_l2
Change Component Designator: OldDesignator=C28_Ch3 NewDesignator=C28_l3
Change Component Designator: OldDesignator=C29_Ch0 NewDesignator=C29_l0
Change Component Designator: OldDesignator=C29_Ch1 NewDesignator=C29_l1
Change Component Designator: OldDesignator=C29_Ch2 NewDesignator=C29_l2
Change Component Designator: OldDesignator=C29_Ch3 NewDesignator=C29_l3
Change Component Designator: OldDesignator=C30_Ch0 NewDesignator=C30_l0
Change Component Designator: OldDesignator=C30_Ch1 NewDesignator=C30_l1
Change Component Designator: OldDesignator=C30_Ch2 NewDesignator=C30_l2
Change Component Designator: OldDesignator=C30_Ch3 NewDesignator=C30_l3
Change Component Designator: OldDesignator=C31_Ch0 NewDesignator=C31_l0
Change Component Designator: OldDesignator=C31_Ch1 NewDesignator=C31_l1
Change Component Designator: OldDesignator=C31_Ch2 NewDesignator=C31_l2
Change Component Designator: OldDesignator=C31_Ch3 NewDesignator=C31_l3
Change Component Designator: OldDesignator=C32_Ch0 NewDesignator=C32_l0
Change Component Designator: OldDesignator=C32_Ch1 NewDesignator=C32_l1
Change Component Designator: OldDesignator=C32_Ch2 NewDesignator=C32_l2
Change Component Designator: OldDesignator=C32_Ch3 NewDesignator=C32_l3
Change Component Designator: OldDesignator=IC1_Ch0 NewDesignator=IC1_l0
Change Component Designator: OldDesignator=IC1_Ch1 NewDesignator=IC1_l1
Change Component Designator: OldDesignator=IC1_Ch2 NewDesignator=IC1_l2
Change Component Designator: OldDesignator=IC1_Ch3 NewDesignator=IC1_l3
Change Component Designator: OldDesignator=IC2_Ch0 NewDesignator=IC2_l0
Change Component Designator: OldDesignator=IC2_Ch1 NewDesignator=IC2_l1
Change Component Designator: OldDesignator=IC2_Ch2 NewDesignator=IC2_l2
Change Component Designator: OldDesignator=IC2_Ch3 NewDesignator=IC2_l3
Change Component Designator: OldDesignator=IC3_Ch0 NewDesignator=IC3_l0
Change Component Designator: OldDesignator=IC3_Ch1 NewDesignator=IC3_l1
Change Component Designator: OldDesignator=IC3_Ch2 NewDesignator=IC3_l2
Change Component Designator: OldDesignator=IC3_Ch3 NewDesignator=IC3_l3
Change Component Designator: OldDesignator=LED1_Ch0 NewDesignator=LED1_l0
Change Component Designator: OldDesignator=LED1_Ch1 NewDesignator=LED1_l1
Change Component Designator: OldDesignator=LED1_Ch2 NewDesignator=LED1_l2
Change Component Designator: OldDesignator=LED1_Ch3 NewDesignator=LED1_l3
Change Component Designator: OldDesignator=R1_Ch0 NewDesignator=R1_l0
Change Component Designator: OldDesignator=R1_Ch1 NewDesignator=R1_l1
Change Component Designator: OldDesignator=R1_Ch2 NewDesignator=R1_l2
Change Component Designator: OldDesignator=R1_Ch3 NewDesignator=R1_l3
Change Component Designator: OldDesignator=R2_Ch0 NewDesignator=R2_l0
Change Component Designator: OldDesignator=R2_Ch1 NewDesignator=R2_l1
Change Component Designator: OldDesignator=R2_Ch2 NewDesignator=R2_l2
Change Component Designator: OldDesignator=R2_Ch3 NewDesignator=R2_l3
Change Component Designator: OldDesignator=R3_Ch0 NewDesignator=R3_l0
Change Component Designator: OldDesignator=R3_Ch1 NewDesignator=R3_l1
Change Component Designator: OldDesignator=R3_Ch2 NewDesignator=R3_l2
Change Component Designator: OldDesignator=R3_Ch3 NewDesignator=R3_l3
Change Component Designator: OldDesignator=R4_Ch0 NewDesignator=R4_l0
Change Component Designator: OldDesignator=R4_Ch1 NewDesignator=R4_l1
Change Component Designator: OldDesignator=R4_Ch2 NewDesignator=R4_l2
Change Component Designator: OldDesignator=R4_Ch3 NewDesignator=R4_l3
Change Component Designator: OldDesignator=R5_Ch0 NewDesignator=R5_l0
Change Component Designator: OldDesignator=R5_Ch1 NewDesignator=R5_l1
Change Component Designator: OldDesignator=R5_Ch2 NewDesignator=R5_l2
Change Component Designator: OldDesignator=R5_Ch3 NewDesignator=R5_l3
Change Component Designator: OldDesignator=R6_Ch0 NewDesignator=R6_l0
Change Component Designator: OldDesignator=R6_Ch1 NewDesignator=R6_l1
Change Component Designator: OldDesignator=R6_Ch2 NewDesignator=R6_l2
Change Component Designator: OldDesignator=R6_Ch3 NewDesignator=R6_l3
Change Component Designator: OldDesignator=U1_Ch0 NewDesignator=U1_l0
Change Component Designator: OldDesignator=U1_Ch1 NewDesignator=U1_l1
Change Component Designator: OldDesignator=U1_Ch2 NewDesignator=U1_l2
Change Component Designator: OldDesignator=U1_Ch3 NewDesignator=U1_l3
Change Net Name : Old Net Name=BEAT_Ch0_N New Net Name=BEAT_l0_N
Change Net Name : Old Net Name=BEAT_Ch0_P New Net Name=BEAT_l0_P
Change Net Name : Old Net Name=BEAT_Ch1_N New Net Name=BEAT_l1_N
Change Net Name : Old Net Name=BEAT_Ch1_P New Net Name=BEAT_l1_P
Change Net Name : Old Net Name=BEAT_Ch2_N New Net Name=BEAT_l2_N
Change Net Name : Old Net Name=BEAT_Ch2_P New Net Name=BEAT_l2_P
Change Net Name : Old Net Name=BEAT_Ch3_N New Net Name=BEAT_l3_N
Change Net Name : Old Net Name=BEAT_Ch3_P New Net Name=BEAT_l3_P
Change Net Name : Old Net Name=CLOCK_OUT_C_Ch0_N New Net Name=CLOCK_OUT_C_l0_N
Change Net Name : Old Net Name=CLOCK_OUT_C_Ch0_P New Net Name=CLOCK_OUT_C_l0_P
Change Net Name : Old Net Name=CLOCK_OUT_C_Ch1_N New Net Name=CLOCK_OUT_C_l1_N
Change Net Name : Old Net Name=CLOCK_OUT_C_Ch1_P New Net Name=CLOCK_OUT_C_l1_P
Change Net Name : Old Net Name=CLOCK_OUT_C_Ch2_N New Net Name=CLOCK_OUT_C_l2_N
Change Net Name : Old Net Name=CLOCK_OUT_C_Ch2_P New Net Name=CLOCK_OUT_C_l2_P
Change Net Name : Old Net Name=CLOCK_OUT_C_Ch3_N New Net Name=CLOCK_OUT_C_l3_N
Change Net Name : Old Net Name=CLOCK_OUT_C_Ch3_P New Net Name=CLOCK_OUT_C_l3_P
Change Net Name : Old Net Name=CLOCK_OUT_Ch0_N New Net Name=CLOCK_OUT_l0_N
Change Net Name : Old Net Name=CLOCK_OUT_Ch0_P New Net Name=CLOCK_OUT_l0_P
Change Net Name : Old Net Name=CLOCK_OUT_Ch1_N New Net Name=CLOCK_OUT_l1_N
Change Net Name : Old Net Name=CLOCK_OUT_Ch1_P New Net Name=CLOCK_OUT_l1_P
Change Net Name : Old Net Name=CLOCK_OUT_Ch2_N New Net Name=CLOCK_OUT_l2_N
Change Net Name : Old Net Name=CLOCK_OUT_Ch2_P New Net Name=CLOCK_OUT_l2_P
Change Net Name : Old Net Name=CLOCK_OUT_Ch3_N New Net Name=CLOCK_OUT_l3_N
Change Net Name : Old Net Name=CLOCK_OUT_Ch3_P New Net Name=CLOCK_OUT_l3_P
Change Net Name : Old Net Name=DATA_IN_C_Ch0_N New Net Name=DATA_IN_C_l0_N
Change Net Name : Old Net Name=DATA_IN_C_Ch0_P New Net Name=DATA_IN_C_l0_P
Change Net Name : Old Net Name=DATA_IN_C_Ch1_N New Net Name=DATA_IN_C_l1_N
Change Net Name : Old Net Name=DATA_IN_C_Ch1_P New Net Name=DATA_IN_C_l1_P
Change Net Name : Old Net Name=DATA_IN_C_Ch2_N New Net Name=DATA_IN_C_l2_N
Change Net Name : Old Net Name=DATA_IN_C_Ch2_P New Net Name=DATA_IN_C_l2_P
Change Net Name : Old Net Name=DATA_IN_C_Ch3_N New Net Name=DATA_IN_C_l3_N
Change Net Name : Old Net Name=DATA_IN_C_Ch3_P New Net Name=DATA_IN_C_l3_P
Change Net Name : Old Net Name=IN_Ch0_N New Net Name=IN_l0_N
Change Net Name : Old Net Name=IN_Ch0_P New Net Name=IN_l0_P
Change Net Name : Old Net Name=IN_Ch1_N New Net Name=IN_l1_N
Change Net Name : Old Net Name=IN_Ch1_P New Net Name=IN_l1_P
Change Net Name : Old Net Name=IN_Ch2_N New Net Name=IN_l2_N
Change Net Name : Old Net Name=IN_Ch2_P New Net Name=IN_l2_P
Change Net Name : Old Net Name=IN_Ch3_N New Net Name=IN_l3_N
Change Net Name : Old Net Name=IN_Ch3_P New Net Name=IN_l3_P
Change Net Name : Old Net Name=NetC28_Ch0_2 New Net Name=NetC28_l0_2
Change Net Name : Old Net Name=NetC28_Ch1_2 New Net Name=NetC28_l1_2
Change Net Name : Old Net Name=NetC28_Ch2_2 New Net Name=NetC28_l2_2
Change Net Name : Old Net Name=NetC28_Ch3_2 New Net Name=NetC28_l3_2
Change Net Name : Old Net Name=NetC31_Ch0_2 New Net Name=NetC31_l0_2
Change Net Name : Old Net Name=NetC31_Ch1_2 New Net Name=NetC31_l1_2
Change Net Name : Old Net Name=NetC31_Ch2_2 New Net Name=NetC31_l2_2
Change Net Name : Old Net Name=NetC31_Ch3_2 New Net Name=NetC31_l3_2
Change Net Name : Old Net Name=NetC32_Ch0_1 New Net Name=NetC32_l0_1
Change Net Name : Old Net Name=NetC32_Ch0_2 New Net Name=NetC32_l0_2
Change Net Name : Old Net Name=NetC32_Ch1_1 New Net Name=NetC32_l1_1
Change Net Name : Old Net Name=NetC32_Ch1_2 New Net Name=NetC32_l1_2
Change Net Name : Old Net Name=NetC32_Ch2_1 New Net Name=NetC32_l2_1
Change Net Name : Old Net Name=NetC32_Ch2_2 New Net Name=NetC32_l2_2
Change Net Name : Old Net Name=NetC32_Ch3_1 New Net Name=NetC32_l3_1
Change Net Name : Old Net Name=NetC32_Ch3_2 New Net Name=NetC32_l3_2
Change Net Name : Old Net Name=NetIC3_Ch0_4 New Net Name=NetIC3_l0_4
Change Net Name : Old Net Name=NetIC3_Ch1_4 New Net Name=NetIC3_l1_4
Change Net Name : Old Net Name=NetIC3_Ch2_4 New Net Name=NetIC3_l2_4
Change Net Name : Old Net Name=NetIC3_Ch3_4 New Net Name=NetIC3_l3_4
Change Net Name : Old Net Name=NetLED1_Ch0_2 New Net Name=NetLED1_l0_2
Change Net Name : Old Net Name=NetLED1_Ch1_2 New Net Name=NetLED1_l1_2
Change Net Name : Old Net Name=NetLED1_Ch2_2 New Net Name=NetLED1_l2_2
Change Net Name : Old Net Name=NetLED1_Ch3_2 New Net Name=NetLED1_l3_2
Change Net Name : Old Net Name=NetR3_Ch0_1 New Net Name=NetR3_l0_1
Change Net Name : Old Net Name=NetR3_Ch1_1 New Net Name=NetR3_l1_1
Change Net Name : Old Net Name=NetR3_Ch2_1 New Net Name=NetR3_l2_1
Change Net Name : Old Net Name=NetR3_Ch3_1 New Net Name=NetR3_l3_1
Change Net Name : Old Net Name=NetR4_Ch0_1 New Net Name=NetR4_l0_1
Change Net Name : Old Net Name=NetR4_Ch1_1 New Net Name=NetR4_l1_1
Change Net Name : Old Net Name=NetR4_Ch2_1 New Net Name=NetR4_l2_1
Change Net Name : Old Net Name=NetR4_Ch3_1 New Net Name=NetR4_l3_1
Change Net Name : Old Net Name=NetR5_Ch0_2 New Net Name=NetR5_l0_2
Change Net Name : Old Net Name=NetR5_Ch1_2 New Net Name=NetR5_l1_2
Change Net Name : Old Net Name=NetR5_Ch2_2 New Net Name=NetR5_l2_2
Change Net Name : Old Net Name=NetR5_Ch3_2 New Net Name=NetR5_l3_2
Added Differential Pair: Name=BEAT_l0
Added Differential Pair: Name=BEAT_l1
Added Differential Pair: Name=BEAT_l2
Added Differential Pair: Name=BEAT_l3
Added Differential Pair: Name=CLOCK_OUT_C_l0
Added Differential Pair: Name=CLOCK_OUT_C_l1
Added Differential Pair: Name=CLOCK_OUT_C_l2
Added Differential Pair: Name=CLOCK_OUT_C_l3
Added Differential Pair: Name=CLOCK_OUT_l0
Added Differential Pair: Name=CLOCK_OUT_l1
Added Differential Pair: Name=CLOCK_OUT_l2
Added Differential Pair: Name=CLOCK_OUT_l3
Added Differential Pair: Name=DATA_IN_C_l0
Added Differential Pair: Name=DATA_IN_C_l1
Added Differential Pair: Name=DATA_IN_C_l2
Added Differential Pair: Name=DATA_IN_C_l3
Added Differential Pair: Name=IN_l0
Added Differential Pair: Name=IN_l1
Added Differential Pair: Name=IN_l2
Added Differential Pair: Name=IN_l3
Added Member To Class: ClassName=Match_CDR_DFF Member=Wire CLOCK_OUT_C_l0_N
Added Member To Class: ClassName=Match_CDR_DFF Member=Wire CLOCK_OUT_C_l0_P
Added Member To Class: ClassName=Match_CDR_DFF Member=Wire CLOCK_OUT_C_l1_N
Added Member To Class: ClassName=Match_CDR_DFF Member=Wire CLOCK_OUT_C_l1_P
Added Member To Class: ClassName=Match_CDR_DFF Member=Wire CLOCK_OUT_C_l2_N
Added Member To Class: ClassName=Match_CDR_DFF Member=Wire CLOCK_OUT_C_l2_P
Added Member To Class: ClassName=Match_CDR_DFF Member=Wire CLOCK_OUT_C_l3_N
Added Member To Class: ClassName=Match_CDR_DFF Member=Wire CLOCK_OUT_C_l3_P
Added Member To Class: ClassName=Match_CDR_DFF Member=Wire CLOCK_OUT_l0_N
Added Member To Class: ClassName=Match_CDR_DFF Member=Wire CLOCK_OUT_l0_P
Added Member To Class: ClassName=Match_CDR_DFF Member=Wire CLOCK_OUT_l1_N
Added Member To Class: ClassName=Match_CDR_DFF Member=Wire CLOCK_OUT_l1_P
Added Member To Class: ClassName=Match_CDR_DFF Member=Wire CLOCK_OUT_l2_N
Added Member To Class: ClassName=Match_CDR_DFF Member=Wire CLOCK_OUT_l2_P
Added Member To Class: ClassName=Match_CDR_DFF Member=Wire CLOCK_OUT_l3_N
Added Member To Class: ClassName=Match_CDR_DFF Member=Wire CLOCK_OUT_l3_P
Added Member To Class: ClassName=Match_FAN_CDR Member=Wire DATA_IN_C_l0_N
Added Member To Class: ClassName=Match_FAN_CDR Member=Wire DATA_IN_C_l0_P
Added Member To Class: ClassName=Match_FAN_CDR Member=Wire DATA_IN_C_l1_N
Added Member To Class: ClassName=Match_FAN_CDR Member=Wire DATA_IN_C_l1_P
Added Member To Class: ClassName=Match_FAN_CDR Member=Wire DATA_IN_C_l2_N
Added Member To Class: ClassName=Match_FAN_CDR Member=Wire DATA_IN_C_l2_P
Added Member To Class: ClassName=Match_FAN_CDR Member=Wire DATA_IN_C_l3_N
Added Member To Class: ClassName=Match_FAN_CDR Member=Wire DATA_IN_C_l3_P
Added Member To Class: ClassName=Match_FAN_CDR Member=Wire IN_l0_N
Added Member To Class: ClassName=Match_FAN_CDR Member=Wire IN_l0_P
Added Member To Class: ClassName=Match_FAN_CDR Member=Wire IN_l1_N
Added Member To Class: ClassName=Match_FAN_CDR Member=Wire IN_l1_P
Added Member To Class: ClassName=Match_FAN_CDR Member=Wire IN_l2_N
Added Member To Class: ClassName=Match_FAN_CDR Member=Wire IN_l2_P
Added Member To Class: ClassName=Match_FAN_CDR Member=Wire IN_l3_N
Added Member To Class: ClassName=Match_FAN_CDR Member=Wire IN_l3_P
Add Class Member: Failed to add class member : l0 (Channel.SchDoc)
Add Class Member: Failed to add class member : l1 (Channel.SchDoc)
Add Class Member: Failed to add class member : l2 (Channel.SchDoc)
Add Class Member: Failed to add class member : l3 (Channel.SchDoc)
