Change Component Designator: OldDesignator=D6 NewDesignator=D5
Change Component Designator: OldDesignator=R38 NewDesignator=R64
Change Component Designator: OldDesignator=R39 NewDesignator=R79
Change Component Designator: OldDesignator=R40 NewDesignator=R38
Change Component Designator: OldDesignator=R41 NewDesignator=R39
Change Component Designator: OldDesignator=R42 NewDesignator=R40
Change Component Designator: OldDesignator=R43 NewDesignator=R41
Change Component Designator: OldDesignator=R44 NewDesignator=R42
Change Component Designator: OldDesignator=R45 NewDesignator=R43
Change Component Designator: OldDesignator=R46 NewDesignator=R44
Change Component Designator: OldDesignator=R47 NewDesignator=R45
Change Component Designator: OldDesignator=R48 NewDesignator=R46
Change Component Designator: OldDesignator=R49 NewDesignator=R47
Change Component Designator: OldDesignator=R50 NewDesignator=R48
Change Component Designator: OldDesignator=R51 NewDesignator=R49
Change Component Designator: OldDesignator=R52 NewDesignator=R50
Change Component Designator: OldDesignator=R53 NewDesignator=R51
Change Component Designator: OldDesignator=R54 NewDesignator=R52
Change Component Designator: OldDesignator=R55 NewDesignator=R53
Change Component Designator: OldDesignator=R56 NewDesignator=R54
Change Component Designator: OldDesignator=R57 NewDesignator=R55
Change Component Designator: OldDesignator=R58 NewDesignator=R56
Change Component Designator: OldDesignator=R59 NewDesignator=R57
Change Component Designator: OldDesignator=R60 NewDesignator=R58
Change Component Designator: OldDesignator=R61 NewDesignator=R59
Change Component Designator: OldDesignator=R64 NewDesignator=R60
Change Component Designator: OldDesignator=R78 NewDesignator=R61
Change Component Designator: OldDesignator=R79 NewDesignator=R78
Change Component Designator: OldDesignator=TP1 NewDesignator=TP2
Change Component Designator: OldDesignator=TP2 NewDesignator=TP3
Change Component Designator: OldDesignator=TP3 NewDesignator=TP4
Change Component Designator: OldDesignator=TP4 NewDesignator=TP5
Change Component Designator: OldDesignator=TP5 NewDesignator=TP7
Change Component Designator: OldDesignator=TP6 NewDesignator=TP8
Change Component Designator: OldDesignator=TP7 NewDesignator=TP9
Change Component Designator: OldDesignator=TP8 NewDesignator=TP10
Change Component Designator: OldDesignator=TP9 NewDesignator=TP12
Change Component Designator: OldDesignator=TP10 NewDesignator=TP13
Change Component Designator: OldDesignator=TP11 NewDesignator=TP14
Change Component Designator: OldDesignator=TP12 NewDesignator=TP15
Change Component Designator: OldDesignator=TP13 NewDesignator=TP16
Change Component Designator: OldDesignator=TP14 NewDesignator=TP17
Change Component Designator: OldDesignator=TP15 NewDesignator=TP18
Change Component Designator: OldDesignator=TP16 NewDesignator=TP19
Change Component Designator: OldDesignator=TP17_l0 NewDesignator=TP1_l0
Change Component Designator: OldDesignator=TP17_l1 NewDesignator=TP1_l1
Change Component Designator: OldDesignator=TP17_l2 NewDesignator=TP1_l2
Change Component Designator: OldDesignator=TP17_l3 NewDesignator=TP1_l3
Change Component Designator: OldDesignator=TP18 NewDesignator=TP11
Change Component Designator: OldDesignator=TP19 NewDesignator=TP6
Change Net Name : Old Net Name=NetD6_1 New Net Name=NetD5_1
Change Net Name : Old Net Name=NetD6_2 New Net Name=NetD5_2
Change Net Name : Old Net Name=NetR40_1 New Net Name=NetR38_1
