Removed Pin From Net: NetName=FPGA_TX1_C_P Pin=*1-2
Removed Pin From Net: NetName=FPGA_TX1_C_N Pin=*1-4
Removed Pin From Net: NetName=FPGA_TX1_PS_P Pin=C127-2
Removed Pin From Net: NetName=FPGA_TX1_PS_N Pin=C129-2
Removed Member From Class: ClassName=U_phase-shifters Member=C127
Removed Member From Class: ClassName=U_phase-shifters Member=C129
Remove Class Member: Failed to remove class member
Remove Class Member: Failed to remove class member
Remove Class Member: Failed to remove class member
Remove Class Member: Failed to remove class member
Added Pin To Net: NetName=FPGA_TX1_PS_N Pin=*1-7
Added Pin To Net: NetName=FPGA_TX1_PS_P Pin=*1-9
Added Pin To Net: NetName=FPGA_TX1_C_P Pin=U5-1
Added Pin To Net: NetName=FPGA_TX1_C_N Pin=U5-2
Added Pin To Net: NetName=PSF_IN_C_N Pin=*1-4
Added Pin To Net: NetName=PSF_IN_C_N Pin=C128-2
Added Net: Name=PSF_IN_C_N
Added Pin To Net: NetName=PSF_IN_C_P Pin=*1-2
Added Pin To Net: NetName=PSF_IN_C_P Pin=C126-2
Added Net: Name=PSF_IN_C_P
Added Pin To Net: NetName=PSF_IN_N Pin=C128-1
Added Pin To Net: NetName=PSF_IN_N Pin=U5-17
Added Net: Name=PSF_IN_N
Added Pin To Net: NetName=PSF_IN_P Pin=C126-1
Added Pin To Net: NetName=PSF_IN_P Pin=U5-18
Added Net: Name=PSF_IN_P
Added Differential Pair: Name=PSF_IN_C
Added Differential Pair: Name=PSF_IN
Add Class Member: Failed to add class member : Ch0 (Channel.SchDoc)
Add Class Member: Failed to add class member : Ch1 (Channel.SchDoc)
Add Class Member: Failed to add class member : Ch2 (Channel.SchDoc)
Add Class Member: Failed to add class member : Ch3 (Channel.SchDoc)
