Remove Class Member: Failed to remove class member
Remove Class Member: Failed to remove class member
Remove Class Member: Failed to remove class member
Remove Class Member: Failed to remove class member
Added Component: Designator=J5(13213410)
Add component (AddParameter): Name = "Arrow Part Number"; Value = "132134-10"; VariantName = "[No Variations]"
Add component (AddParameter): Name = "Arrow Price/Stock"; Value = "https://www.arrow.com/en/products/132134-10/amphenol-rf?region=nac"; VariantName = "[No Variations]"
Add component (AddParameter): Name = "Datasheet Link"; Value = "https://datasheet.datasheetarchive.com/originals/distributors/Datasheets-DGA16/766804.pdf"; VariantName = "[No Variations]"
Add component (AddParameter): Name = "Height"; Value = "9.24mm"; VariantName = "[No Variations]"
Add component (AddParameter): Name = "Manufacturer_Name"; Value = "Amphenol"; VariantName = "[No Variations]"
Add component (AddParameter): Name = "Manufacturer_Part_Number"; Value = "132134-10"; VariantName = "[No Variations]"
Add component (AddParameter): Name = "Mouser Part Number"; Value = "523-132134-10"; VariantName = "[No Variations]"
Add component (AddParameter): Name = "Mouser Price/Stock"; Value = "https://www.mouser.co.uk/ProductDetail/Amphenol-RF/132134-10?qs=dJbzCyn%252BCFaB5sHVsOUgUQ%3D%3D"; VariantName = "[No Variations]"
Added Component: Designator=J6(13213410)
Add component (AddParameter): Name = "Arrow Part Number"; Value = "132134-10"; VariantName = "[No Variations]"
Add component (AddParameter): Name = "Arrow Price/Stock"; Value = "https://www.arrow.com/en/products/132134-10/amphenol-rf?region=nac"; VariantName = "[No Variations]"
Add component (AddParameter): Name = "Datasheet Link"; Value = "https://datasheet.datasheetarchive.com/originals/distributors/Datasheets-DGA16/766804.pdf"; VariantName = "[No Variations]"
Add component (AddParameter): Name = "Height"; Value = "9.24mm"; VariantName = "[No Variations]"
Add component (AddParameter): Name = "Manufacturer_Name"; Value = "Amphenol"; VariantName = "[No Variations]"
Add component (AddParameter): Name = "Manufacturer_Part_Number"; Value = "132134-10"; VariantName = "[No Variations]"
Add component (AddParameter): Name = "Mouser Part Number"; Value = "523-132134-10"; VariantName = "[No Variations]"
Add component (AddParameter): Name = "Mouser Price/Stock"; Value = "https://www.mouser.co.uk/ProductDetail/Amphenol-RF/132134-10?qs=dJbzCyn%252BCFaB5sHVsOUgUQ%3D%3D"; VariantName = "[No Variations]"
Added Component: Designator=J7(13213410)
Add component (AddParameter): Name = "Arrow Part Number"; Value = "132134-10"; VariantName = "[No Variations]"
Add component (AddParameter): Name = "Arrow Price/Stock"; Value = "https://www.arrow.com/en/products/132134-10/amphenol-rf?region=nac"; VariantName = "[No Variations]"
Add component (AddParameter): Name = "Datasheet Link"; Value = "https://datasheet.datasheetarchive.com/originals/distributors/Datasheets-DGA16/766804.pdf"; VariantName = "[No Variations]"
Add component (AddParameter): Name = "Height"; Value = "9.24mm"; VariantName = "[No Variations]"
Add component (AddParameter): Name = "Manufacturer_Name"; Value = "Amphenol"; VariantName = "[No Variations]"
Add component (AddParameter): Name = "Manufacturer_Part_Number"; Value = "132134-10"; VariantName = "[No Variations]"
Add component (AddParameter): Name = "Mouser Part Number"; Value = "523-132134-10"; VariantName = "[No Variations]"
Add component (AddParameter): Name = "Mouser Price/Stock"; Value = "https://www.mouser.co.uk/ProductDetail/Amphenol-RF/132134-10?qs=dJbzCyn%252BCFaB5sHVsOUgUQ%3D%3D"; VariantName = "[No Variations]"
Added Component: Designator=J8(13213410)
Add component (AddParameter): Name = "Arrow Part Number"; Value = "132134-10"; VariantName = "[No Variations]"
Add component (AddParameter): Name = "Arrow Price/Stock"; Value = "https://www.arrow.com/en/products/132134-10/amphenol-rf?region=nac"; VariantName = "[No Variations]"
Add component (AddParameter): Name = "Datasheet Link"; Value = "https://datasheet.datasheetarchive.com/originals/distributors/Datasheets-DGA16/766804.pdf"; VariantName = "[No Variations]"
Add component (AddParameter): Name = "Height"; Value = "9.24mm"; VariantName = "[No Variations]"
Add component (AddParameter): Name = "Manufacturer_Name"; Value = "Amphenol"; VariantName = "[No Variations]"
Add component (AddParameter): Name = "Manufacturer_Part_Number"; Value = "132134-10"; VariantName = "[No Variations]"
Add component (AddParameter): Name = "Mouser Part Number"; Value = "523-132134-10"; VariantName = "[No Variations]"
Add component (AddParameter): Name = "Mouser Price/Stock"; Value = "https://www.mouser.co.uk/ProductDetail/Amphenol-RF/132134-10?qs=dJbzCyn%252BCFaB5sHVsOUgUQ%3D%3D"; VariantName = "[No Variations]"
Added Component: Designator=J9(13213410)
Add component (AddParameter): Name = "Arrow Part Number"; Value = "132134-10"; VariantName = "[No Variations]"
Add component (AddParameter): Name = "Arrow Price/Stock"; Value = "https://www.arrow.com/en/products/132134-10/amphenol-rf?region=nac"; VariantName = "[No Variations]"
Add component (AddParameter): Name = "Datasheet Link"; Value = "https://datasheet.datasheetarchive.com/originals/distributors/Datasheets-DGA16/766804.pdf"; VariantName = "[No Variations]"
Add component (AddParameter): Name = "Height"; Value = "9.24mm"; VariantName = "[No Variations]"
Add component (AddParameter): Name = "Manufacturer_Name"; Value = "Amphenol"; VariantName = "[No Variations]"
Add component (AddParameter): Name = "Manufacturer_Part_Number"; Value = "132134-10"; VariantName = "[No Variations]"
Add component (AddParameter): Name = "Mouser Part Number"; Value = "523-132134-10"; VariantName = "[No Variations]"
Add component (AddParameter): Name = "Mouser Price/Stock"; Value = "https://www.mouser.co.uk/ProductDetail/Amphenol-RF/132134-10?qs=dJbzCyn%252BCFaB5sHVsOUgUQ%3D%3D"; VariantName = "[No Variations]"
Added Component: Designator=J10(13213410)
Add component (AddParameter): Name = "Arrow Part Number"; Value = "132134-10"; VariantName = "[No Variations]"
Add component (AddParameter): Name = "Arrow Price/Stock"; Value = "https://www.arrow.com/en/products/132134-10/amphenol-rf?region=nac"; VariantName = "[No Variations]"
Add component (AddParameter): Name = "Datasheet Link"; Value = "https://datasheet.datasheetarchive.com/originals/distributors/Datasheets-DGA16/766804.pdf"; VariantName = "[No Variations]"
Add component (AddParameter): Name = "Height"; Value = "9.24mm"; VariantName = "[No Variations]"
Add component (AddParameter): Name = "Manufacturer_Name"; Value = "Amphenol"; VariantName = "[No Variations]"
Add component (AddParameter): Name = "Manufacturer_Part_Number"; Value = "132134-10"; VariantName = "[No Variations]"
Add component (AddParameter): Name = "Mouser Part Number"; Value = "523-132134-10"; VariantName = "[No Variations]"
Add component (AddParameter): Name = "Mouser Price/Stock"; Value = "https://www.mouser.co.uk/ProductDetail/Amphenol-RF/132134-10?qs=dJbzCyn%252BCFaB5sHVsOUgUQ%3D%3D"; VariantName = "[No Variations]"
Added Pin To Net: NetName=GND Pin=J5-1
Added Pin To Net: NetName=GND Pin=J5-2
Added Pin To Net: NetName=NetC111_2 Pin=J5-3
Added Pin To Net: NetName=GND Pin=J6-1
Added Pin To Net: NetName=GND Pin=J6-2
Added Pin To Net: NetName=NetC116_2 Pin=J6-3
Added Pin To Net: NetName=GND Pin=J7-1
Added Pin To Net: NetName=GND Pin=J7-2
Added Pin To Net: NetName=PLL_IN_AUX_P Pin=J7-3
Added Pin To Net: NetName=GND Pin=J8-1
Added Pin To Net: NetName=GND Pin=J8-2
Added Pin To Net: NetName=PLL_SMA_OUT_P Pin=J8-3
Added Pin To Net: NetName=GND Pin=J9-1
Added Pin To Net: NetName=GND Pin=J9-2
Added Pin To Net: NetName=PLL_IN_AUX_N Pin=J9-3
Added Pin To Net: NetName=GND Pin=J10-1
Added Pin To Net: NetName=GND Pin=J10-2
Added Pin To Net: NetName=PLL_SMA_OUT_N Pin=J10-3
Added Member To Class: ClassName=U_FMC Member=Component J5 132134-10
Added Member To Class: ClassName=U_FMC Member=Component J6 132134-10
Added Member To Class: ClassName=U_PLL Member=Component J7 132134-10
Added Member To Class: ClassName=U_PLL Member=Component J8 132134-10
Added Member To Class: ClassName=U_PLL Member=Component J9 132134-10
Added Member To Class: ClassName=U_PLL Member=Component J10 132134-10
Add Class Member: Failed to add class member : Ch0 (Channel.SchDoc)
Add Class Member: Failed to add class member : Ch1 (Channel.SchDoc)
Add Class Member: Failed to add class member : Ch2 (Channel.SchDoc)
Add Class Member: Failed to add class member : Ch3 (Channel.SchDoc)
