Remove Class Member: Failed to remove class member
Remove Class Member: Failed to remove class member
Remove Class Member: Failed to remove class member
Remove Class Member: Failed to remove class member
Change Footprint: Cannot match pads with new footprint in component :L1 Footprint:WE-LHMI_7050
Change Footprint: Cannot match pads with new footprint in component :L2 Footprint:WE-LHMI_7050
Change Footprint: Cannot match pads with new footprint in component :L3 Footprint:WE-LHMI_7050
Change Footprint: Cannot match pads with new footprint in component :L4 Footprint:WE-LHMI_7050
Change Footprint: Cannot match pads with new footprint in component :L5 Footprint:WE-LHMI_7050
Change Component Comment : Designator=L1 Old Comment=4.7uH New Comment=4.7µH
Change Component Comment : Designator=L2 Old Comment=4.7uH New Comment=4.7µH
Change Component Comment : Designator=L3 Old Comment=4.7uH New Comment=4.7µH
Change Component Comment : Designator=L4 Old Comment=4.7uH New Comment=4.7µH
Change Component Comment : Designator=L5 Old Comment=4.7uH New Comment=4.7µH
Change component parameters: Designator = "L1" ("L1"); Footprint = "IND_MURATA_LQH32C"; UniqueID = "\KQHXEXVH\JULOSJXE" ("\KQHXEXVH\JULOSJXE")
Change component parameters (AddParameter): Name = "Case/Size Code"; Value = "7050"; VariantName = "[No Variations]"
Change component parameters (AddParameter): Name = "Category"; Value = "Power Inductors"; VariantName = "[No Variations]"
Change component parameters (AddParameter): Name = "ComponentLink1Description"; Value = "Website Link"; VariantName = "[No Variations]"
Change component parameters (AddParameter): Name = "ComponentLink1URL"; Value = "https://www.we-online.com/redexpert/article/74437349047?ad"; VariantName = "[No Variations]"
Change component parameters (AddParameter): Name = "ComponentLink2Description"; Value = "Datasheet Link"; VariantName = "[No Variations]"
Change component parameters (AddParameter): Name = "ComponentLink2URL"; Value = "https://www.we-online.com/redexpert/spec/74437349047?ad"; VariantName = "[No Variations]"
Change component parameters (AddParameter): Name = "DC Resistance Max"; Value = "30.8mO"; VariantName = "[No Variations]"
Change component parameters (AddParameter): Name = "Height"; Value = "4.8mm"; VariantName = "[No Variations]"
Change component parameters (AddParameter): Name = "Inductance"; Value = "4.7µH"; VariantName = "[No Variations]"
Change component parameters (AddParameter): Name = "Length"; Value = "7.3mm"; VariantName = "[No Variations]"
Change component parameters (AddParameter): Name = "Manufacturer"; Value = "Wurth Elektronik"; VariantName = "[No Variations]"
Change component parameters (AddParameter): Name = "Manufacturer Part Number"; Value = "74437349047"; VariantName = "[No Variations]"
Change component parameters (AddParameter): Name = "Match Code"; Value = "WE-LHMI"; VariantName = "[No Variations]"
Change component parameters (AddParameter): Name = "Max Operating Temperature"; Value = "125°C"; VariantName = "[No Variations]"
Change component parameters (AddParameter): Name = "Min Operating Temperature"; Value = "-40°C"; VariantName = "[No Variations]"
Change component parameters (AddParameter): Name = "Mount"; Value = "Surface Mount"; VariantName = "[No Variations]"
Change component parameters (AddParameter): Name = "Packaging"; Value = "Tape and Reel"; VariantName = "[No Variations]"
Change component parameters (AddParameter): Name = "Performance Rated Current"; Value = "6.2A"; VariantName = "[No Variations]"
Change component parameters (AddParameter): Name = "Saturation Current @ 10%"; Value = "7.5A"; VariantName = "[No Variations]"
Change component parameters (AddParameter): Name = "Saturation Current @ 30%"; Value = "14.6A"; VariantName = "[No Variations]"
Change component parameters (AddParameter): Name = "Self Resonant Frequency"; Value = "24MHz"; VariantName = "[No Variations]"
Change component parameters (AddParameter): Name = "Width"; Value = "6.6mm"; VariantName = "[No Variations]"
Change component parameters: Designator = "L2" ("L2"); Footprint = "IND_MURATA_LQH32C"; UniqueID = "\ASHKZGXP\WDKHNECQ" ("\ASHKZGXP\WDKHNECQ")
Change component parameters (AddParameter): Name = "Case/Size Code"; Value = "7050"; VariantName = "[No Variations]"
Change component parameters (AddParameter): Name = "Category"; Value = "Power Inductors"; VariantName = "[No Variations]"
Change component parameters (AddParameter): Name = "ComponentLink1Description"; Value = "Website Link"; VariantName = "[No Variations]"
Change component parameters (AddParameter): Name = "ComponentLink1URL"; Value = "https://www.we-online.com/redexpert/article/74437349047?ad"; VariantName = "[No Variations]"
Change component parameters (AddParameter): Name = "ComponentLink2Description"; Value = "Datasheet Link"; VariantName = "[No Variations]"
Change component parameters (AddParameter): Name = "ComponentLink2URL"; Value = "https://www.we-online.com/redexpert/spec/74437349047?ad"; VariantName = "[No Variations]"
Change component parameters (AddParameter): Name = "DC Resistance Max"; Value = "30.8mO"; VariantName = "[No Variations]"
Change component parameters (AddParameter): Name = "Height"; Value = "4.8mm"; VariantName = "[No Variations]"
Change component parameters (AddParameter): Name = "Inductance"; Value = "4.7µH"; VariantName = "[No Variations]"
Change component parameters (AddParameter): Name = "Length"; Value = "7.3mm"; VariantName = "[No Variations]"
Change component parameters (AddParameter): Name = "Manufacturer"; Value = "Wurth Elektronik"; VariantName = "[No Variations]"
Change component parameters (AddParameter): Name = "Manufacturer Part Number"; Value = "74437349047"; VariantName = "[No Variations]"
Change component parameters (AddParameter): Name = "Match Code"; Value = "WE-LHMI"; VariantName = "[No Variations]"
Change component parameters (AddParameter): Name = "Max Operating Temperature"; Value = "125°C"; VariantName = "[No Variations]"
Change component parameters (AddParameter): Name = "Min Operating Temperature"; Value = "-40°C"; VariantName = "[No Variations]"
Change component parameters (AddParameter): Name = "Mount"; Value = "Surface Mount"; VariantName = "[No Variations]"
Change component parameters (AddParameter): Name = "Packaging"; Value = "Tape and Reel"; VariantName = "[No Variations]"
Change component parameters (AddParameter): Name = "Performance Rated Current"; Value = "6.2A"; VariantName = "[No Variations]"
Change component parameters (AddParameter): Name = "Saturation Current @ 10%"; Value = "7.5A"; VariantName = "[No Variations]"
Change component parameters (AddParameter): Name = "Saturation Current @ 30%"; Value = "14.6A"; VariantName = "[No Variations]"
Change component parameters (AddParameter): Name = "Self Resonant Frequency"; Value = "24MHz"; VariantName = "[No Variations]"
Change component parameters (AddParameter): Name = "Width"; Value = "6.6mm"; VariantName = "[No Variations]"
Change component parameters: Designator = "L3" ("L3"); Footprint = "IND_MURATA_LQH32C"; UniqueID = "\ASHKZGXP\EACDAWPR" ("\ASHKZGXP\EACDAWPR")
Change component parameters (AddParameter): Name = "Case/Size Code"; Value = "7050"; VariantName = "[No Variations]"
Change component parameters (AddParameter): Name = "Category"; Value = "Power Inductors"; VariantName = "[No Variations]"
Change component parameters (AddParameter): Name = "ComponentLink1Description"; Value = "Website Link"; VariantName = "[No Variations]"
Change component parameters (AddParameter): Name = "ComponentLink1URL"; Value = "https://www.we-online.com/redexpert/article/74437349047?ad"; VariantName = "[No Variations]"
Change component parameters (AddParameter): Name = "ComponentLink2Description"; Value = "Datasheet Link"; VariantName = "[No Variations]"
Change component parameters (AddParameter): Name = "ComponentLink2URL"; Value = "https://www.we-online.com/redexpert/spec/74437349047?ad"; VariantName = "[No Variations]"
Change component parameters (AddParameter): Name = "DC Resistance Max"; Value = "30.8mO"; VariantName = "[No Variations]"
Change component parameters (AddParameter): Name = "Height"; Value = "4.8mm"; VariantName = "[No Variations]"
Change component parameters (AddParameter): Name = "Inductance"; Value = "4.7µH"; VariantName = "[No Variations]"
Change component parameters (AddParameter): Name = "Length"; Value = "7.3mm"; VariantName = "[No Variations]"
Change component parameters (AddParameter): Name = "Manufacturer"; Value = "Wurth Elektronik"; VariantName = "[No Variations]"
Change component parameters (AddParameter): Name = "Manufacturer Part Number"; Value = "74437349047"; VariantName = "[No Variations]"
Change component parameters (AddParameter): Name = "Match Code"; Value = "WE-LHMI"; VariantName = "[No Variations]"
Change component parameters (AddParameter): Name = "Max Operating Temperature"; Value = "125°C"; VariantName = "[No Variations]"
Change component parameters (AddParameter): Name = "Min Operating Temperature"; Value = "-40°C"; VariantName = "[No Variations]"
Change component parameters (AddParameter): Name = "Mount"; Value = "Surface Mount"; VariantName = "[No Variations]"
Change component parameters (AddParameter): Name = "Packaging"; Value = "Tape and Reel"; VariantName = "[No Variations]"
Change component parameters (AddParameter): Name = "Performance Rated Current"; Value = "6.2A"; VariantName = "[No Variations]"
Change component parameters (AddParameter): Name = "Saturation Current @ 10%"; Value = "7.5A"; VariantName = "[No Variations]"
Change component parameters (AddParameter): Name = "Saturation Current @ 30%"; Value = "14.6A"; VariantName = "[No Variations]"
Change component parameters (AddParameter): Name = "Self Resonant Frequency"; Value = "24MHz"; VariantName = "[No Variations]"
Change component parameters (AddParameter): Name = "Width"; Value = "6.6mm"; VariantName = "[No Variations]"
Change component parameters: Designator = "L4" ("L4"); Footprint = "IND_MURATA_LQH32C"; UniqueID = "\ASHKZGXP\KKVDMVVZ" ("\ASHKZGXP\KKVDMVVZ")
Change component parameters (AddParameter): Name = "Case/Size Code"; Value = "7050"; VariantName = "[No Variations]"
Change component parameters (AddParameter): Name = "Category"; Value = "Power Inductors"; VariantName = "[No Variations]"
Change component parameters (AddParameter): Name = "ComponentLink1Description"; Value = "Website Link"; VariantName = "[No Variations]"
Change component parameters (AddParameter): Name = "ComponentLink1URL"; Value = "https://www.we-online.com/redexpert/article/74437349047?ad"; VariantName = "[No Variations]"
Change component parameters (AddParameter): Name = "ComponentLink2Description"; Value = "Datasheet Link"; VariantName = "[No Variations]"
Change component parameters (AddParameter): Name = "ComponentLink2URL"; Value = "https://www.we-online.com/redexpert/spec/74437349047?ad"; VariantName = "[No Variations]"
Change component parameters (AddParameter): Name = "DC Resistance Max"; Value = "30.8mO"; VariantName = "[No Variations]"
Change component parameters (AddParameter): Name = "Height"; Value = "4.8mm"; VariantName = "[No Variations]"
Change component parameters (AddParameter): Name = "Inductance"; Value = "4.7µH"; VariantName = "[No Variations]"
Change component parameters (AddParameter): Name = "Length"; Value = "7.3mm"; VariantName = "[No Variations]"
Change component parameters (AddParameter): Name = "Manufacturer"; Value = "Wurth Elektronik"; VariantName = "[No Variations]"
Change component parameters (AddParameter): Name = "Manufacturer Part Number"; Value = "74437349047"; VariantName = "[No Variations]"
Change component parameters (AddParameter): Name = "Match Code"; Value = "WE-LHMI"; VariantName = "[No Variations]"
Change component parameters (AddParameter): Name = "Max Operating Temperature"; Value = "125°C"; VariantName = "[No Variations]"
Change component parameters (AddParameter): Name = "Min Operating Temperature"; Value = "-40°C"; VariantName = "[No Variations]"
Change component parameters (AddParameter): Name = "Mount"; Value = "Surface Mount"; VariantName = "[No Variations]"
Change component parameters (AddParameter): Name = "Packaging"; Value = "Tape and Reel"; VariantName = "[No Variations]"
Change component parameters (AddParameter): Name = "Performance Rated Current"; Value = "6.2A"; VariantName = "[No Variations]"
Change component parameters (AddParameter): Name = "Saturation Current @ 10%"; Value = "7.5A"; VariantName = "[No Variations]"
Change component parameters (AddParameter): Name = "Saturation Current @ 30%"; Value = "14.6A"; VariantName = "[No Variations]"
Change component parameters (AddParameter): Name = "Self Resonant Frequency"; Value = "24MHz"; VariantName = "[No Variations]"
Change component parameters (AddParameter): Name = "Width"; Value = "6.6mm"; VariantName = "[No Variations]"
Change component parameters: Designator = "L5" ("L5"); Footprint = "IND_MURATA_LQH32C"; UniqueID = "\ASHKZGXP\SANWRDKW" ("\ASHKZGXP\SANWRDKW")
Change component parameters (AddParameter): Name = "Case/Size Code"; Value = "7050"; VariantName = "[No Variations]"
Change component parameters (AddParameter): Name = "Category"; Value = "Power Inductors"; VariantName = "[No Variations]"
Change component parameters (AddParameter): Name = "ComponentLink1Description"; Value = "Website Link"; VariantName = "[No Variations]"
Change component parameters (AddParameter): Name = "ComponentLink1URL"; Value = "https://www.we-online.com/redexpert/article/74437349047?ad"; VariantName = "[No Variations]"
Change component parameters (AddParameter): Name = "ComponentLink2Description"; Value = "Datasheet Link"; VariantName = "[No Variations]"
Change component parameters (AddParameter): Name = "ComponentLink2URL"; Value = "https://www.we-online.com/redexpert/spec/74437349047?ad"; VariantName = "[No Variations]"
Change component parameters (AddParameter): Name = "DC Resistance Max"; Value = "30.8mO"; VariantName = "[No Variations]"
Change component parameters (AddParameter): Name = "Height"; Value = "4.8mm"; VariantName = "[No Variations]"
Change component parameters (AddParameter): Name = "Inductance"; Value = "4.7µH"; VariantName = "[No Variations]"
Change component parameters (AddParameter): Name = "Length"; Value = "7.3mm"; VariantName = "[No Variations]"
Change component parameters (AddParameter): Name = "Manufacturer"; Value = "Wurth Elektronik"; VariantName = "[No Variations]"
Change component parameters (AddParameter): Name = "Manufacturer Part Number"; Value = "74437349047"; VariantName = "[No Variations]"
Change component parameters (AddParameter): Name = "Match Code"; Value = "WE-LHMI"; VariantName = "[No Variations]"
Change component parameters (AddParameter): Name = "Max Operating Temperature"; Value = "125°C"; VariantName = "[No Variations]"
Change component parameters (AddParameter): Name = "Min Operating Temperature"; Value = "-40°C"; VariantName = "[No Variations]"
Change component parameters (AddParameter): Name = "Mount"; Value = "Surface Mount"; VariantName = "[No Variations]"
Change component parameters (AddParameter): Name = "Packaging"; Value = "Tape and Reel"; VariantName = "[No Variations]"
Change component parameters (AddParameter): Name = "Performance Rated Current"; Value = "6.2A"; VariantName = "[No Variations]"
Change component parameters (AddParameter): Name = "Saturation Current @ 10%"; Value = "7.5A"; VariantName = "[No Variations]"
Change component parameters (AddParameter): Name = "Saturation Current @ 30%"; Value = "14.6A"; VariantName = "[No Variations]"
Change component parameters (AddParameter): Name = "Self Resonant Frequency"; Value = "24MHz"; VariantName = "[No Variations]"
Change component parameters (AddParameter): Name = "Width"; Value = "6.6mm"; VariantName = "[No Variations]"
Add Class Member: Failed to add class member : Ch0 (Channel.SchDoc)
Add Class Member: Failed to add class member : Ch1 (Channel.SchDoc)
Add Class Member: Failed to add class member : Ch2 (Channel.SchDoc)
Add Class Member: Failed to add class member : Ch3 (Channel.SchDoc)
