Removed Pin From Net: NetName=SDA_PSC Pin=RN3-5
Removed Pin From Net: NetName=SCL_PSC Pin=RN3-6
Removed Pin From Net: NetName=SLOAD_PSC Pin=RN3-7
Removed Pin From Net: NetName=SOUT_PSC Pin=RN3-8
Removed Pin From Net: NetName=SDA_PSC Pin=U7-2
Removed Pin From Net: NetName=SCL_PSC Pin=U7-3
Removed Pin From Net: NetName=SLOAD_PSC Pin=U7-4
Removed Pin From Net: NetName=SOUT_PSC Pin=U7-5
Removed Pin From Net: NetName=SOUT_PSC_3V3 Pin=U7-7
Removed Pin From Net: NetName=SLOAD_PSC_3V3 Pin=U7-8
Removed Pin From Net: NetName=SCL_PSC_3V3 Pin=U7-9
Removed Pin From Net: NetName=SDA_PSC_3V3 Pin=U7-10
Remove Class Member: Failed to remove class member
Remove Class Member: Failed to remove class member
Remove Class Member: Failed to remove class member
Remove Class Member: Failed to remove class member
Added Pin To Net: NetName=SOUT_PSC Pin=RN3-5
Added Pin To Net: NetName=SDA_PSC Pin=RN3-6
Added Pin To Net: NetName=SCL_PSC Pin=RN3-7
Added Pin To Net: NetName=SLOAD_PSC Pin=RN3-8
Added Pin To Net: NetName=SOUT_PSC Pin=U7-2
Added Pin To Net: NetName=SDA_PSC Pin=U7-3
Added Pin To Net: NetName=SCL_PSC Pin=U7-4
Added Pin To Net: NetName=SLOAD_PSC Pin=U7-5
Added Pin To Net: NetName=SLOAD_PSC_3V3 Pin=U7-7
Added Pin To Net: NetName=SCL_PSC_3V3 Pin=U7-8
Added Pin To Net: NetName=SDA_PSC_3V3 Pin=U7-9
Added Pin To Net: NetName=SOUT_PSC_3V3 Pin=U7-10
Add Class Member: Failed to add class member : Ch0 (Channel.SchDoc)
Add Class Member: Failed to add class member : Ch1 (Channel.SchDoc)
Add Class Member: Failed to add class member : Ch2 (Channel.SchDoc)
Add Class Member: Failed to add class member : Ch3 (Channel.SchDoc)
