Removed Member From Class: ClassName=U_SFP Member=R40
Removed Member From Class: ClassName=U_FMC Member=R56
Removed Member From Class: ClassName=U_phase-shifters Member=TP6
Removed Member From Class: ClassName=U_FMC Member=TP12
Removed Member From Class: ClassName=U_PLL Member=TP17
Added Component: Designator=U9(DTM0008A-MFG)
Add component (AddParameter): Name = "Mfr_Name"; Value = "Texas Instruments"; VariantName = "[No Variations]"
Add component (AddParameter): Name = "RefDes"; Value = "RefDes"; VariantName = "[No Variations]"
Add component (AddParameter): Name = "TYPE"; Value = "TYPE"; VariantName = "[No Variations]"
Added Pin To Net: NetName=GND Pin=U9-1
Added Pin To Net: NetName=1VPSF Pin=U9-2
Added Pin To Net: NetName=SCL_1V Pin=U9-3
Added Pin To Net: NetName=SDA_1V Pin=U9-4
Added Pin To Net: NetName=SDA_PSF Pin=U9-5
Added Pin To Net: NetName=SCL_PSF Pin=U9-6
Added Pin To Net: NetName=NetC150_2 Pin=U9-7
Added Pin To Net: NetName=OE_LS Pin=U9-8
Added Member To Class: ClassName=U_SFP Member=Component R42 1k5
Added Member To Class: ClassName=U_SFP Member=Component R43 10k
Added Member To Class: ClassName=U_SFP Member=Component R46 200k
Added Member To Class: ClassName=U_SFP Member=Component R47 200k
Added Member To Class: ClassName=U_SFP Member=Component R50 1k5
Added Member To Class: ClassName=U_SFP Member=Component R53 10k
Added Member To Class: ClassName=U_FMC Member=Component R58 10k
Added Member To Class: ClassName=U_FMC Member=Component R60 10k
Added Member To Class: ClassName=U_FMC Member=Component R61 10k
Added Member To Class: ClassName=U_phase-shifters Member=Component R79 1M
Added Member To Class: ClassName=U_FMC Member=Component TP8 RCU-0C
Added Member To Class: ClassName=U_FMC Member=Component TP9 RCU-0C
Added Member To Class: ClassName=U_PLL Member=Component TP11 RCU-0C
Added Member To Class: ClassName=U_phase-shifters Member=Component TP13 RCU-0C
Added Member To Class: ClassName=U_phase-shifters Member=Component TP14 RCU-0C
Added Member To Class: ClassName=U_phase-shifters Member=Component TP15 RCU-0C
Added Member To Class: ClassName=U_phase-shifters Member=Component TP19 RCU-0C
Added Member To Class: ClassName=U_phase-shifters Member=Component U9 TCA39306DTMR
