Change Component Designator: Old Designator=C117 New Designator=C134
Change Component Designator: Old Designator=C118 New Designator=C135
Change Component Designator: Old Designator=C119 New Designator=C136
Change Component Designator: Old Designator=C120 New Designator=C137
Change Component Designator: Old Designator=C121 New Designator=C138
Change Component Designator: Old Designator=C122 New Designator=C139
Change Component Designator: Old Designator=C123 New Designator=C131
Change Component Designator: Old Designator=C124 New Designator=C132
Change Component Designator: Old Designator=C125 New Designator=C133
Change Component Designator: Old Designator=C126 New Designator=C140
Change Component Designator: Old Designator=C128 New Designator=C141
Change Component Designator: Old Designator=C130 New Designator=C142
Change Component Designator: Old Designator=C131 New Designator=C143
Change Component Designator: Old Designator=C132 New Designator=C144
Change Component Designator: Old Designator=C133 New Designator=C145
Change Component Designator: Old Designator=C134 New Designator=C146
Change Component Designator: Old Designator=C135 New Designator=C147
Change Component Designator: Old Designator=C136 New Designator=C148
Change Component Designator: Old Designator=C137 New Designator=C149
Change Component Designator: Old Designator=C138 New Designator=C150
Change Component Designator: Old Designator=C139 New Designator=C151
Change Component Designator: Old Designator=ICx New Designator=ICx1
Change Component Designator: Old Designator=Q13 New Designator=Q12
Change Component Designator: Old Designator=R76 New Designator=R75
Change Component Designator: Old Designator=R78 New Designator=R76
Change Component Designator: Old Designator=R79 New Designator=R77
Change Component Designator: Old Designator=R80 New Designator=R78
Change Component Designator: Old Designator=R81 New Designator=R79
Change Component Designator: Old Designator=R82 New Designator=R80
Change Component Designator: Old Designator=R83 New Designator=R81
Change Component Designator: Old Designator=R84 New Designator=R82
Change Component Designator: Old Designator=R85 New Designator=R83
Change Component Designator: Old Designator=R86 New Designator=R84
Change Component Designator: Old Designator=U5 New Designator=U6
Change Component Designator: Old Designator=U6 New Designator=U8
Change Component Designator: Old Designator=U8 New Designator=U9
Change Component Designator: Old Designator=U9 New Designator=U10
