Change Component Designator: Old Designator=C66 New Designator=C97
Change Component Designator: Old Designator=C67 New Designator=C98
Change Component Designator: Old Designator=C68 New Designator=C99
Change Component Designator: Old Designator=C69 New Designator=C100
Change Component Designator: Old Designator=C70 New Designator=C101
Change Component Designator: Old Designator=C71 New Designator=C102
Change Component Designator: Old Designator=C72 New Designator=C103
Change Component Designator: Old Designator=C73 New Designator=C104
Change Component Designator: Old Designator=C74 New Designator=C105
Change Component Designator: Old Designator=C75 New Designator=C107
Change Component Designator: Old Designator=C76 New Designator=C106
Change Component Designator: Old Designator=C77 New Designator=C108
Change Component Designator: Old Designator=C78 New Designator=C109
Change Component Designator: Old Designator=C79 New Designator=C115
Change Component Designator: Old Designator=C80 New Designator=C116
Change Component Designator: Old Designator=C81 New Designator=C117
Change Component Designator: Old Designator=C82 New Designator=C118
Change Component Designator: Old Designator=C83 New Designator=C119
Change Component Designator: Old Designator=C84 New Designator=C120
Change Component Designator: Old Designator=C85 New Designator=C121
Change Component Designator: Old Designator=C86 New Designator=C122
Change Component Designator: Old Designator=C87 New Designator=C123
Change Component Designator: Old Designator=C88 New Designator=C124
Change Component Designator: Old Designator=C89 New Designator=C125
Change Component Designator: Old Designator=C90 New Designator=C129
Change Component Designator: Old Designator=C91 New Designator=C110
Change Component Designator: Old Designator=C92 New Designator=C111
Change Component Designator: Old Designator=C93 New Designator=C130
Change Component Designator: Old Designator=C94 New Designator=C112
Change Component Designator: Old Designator=C95 New Designator=C113
Change Component Designator: Old Designator=C127 New Designator=C114
Change Component Designator: Old Designator=C129 New Designator=C126
Change Component Designator: Old Designator=C146 New Designator=C127
Change Component Designator: Old Designator=C147 New Designator=C128
Change Component Designator: Old Designator=D5 New Designator=D6
Change Component Designator: Old Designator=IC8 New Designator=IC11
Change Component Designator: Old Designator=Q9 New Designator=Q10
Change Component Designator: Old Designator=Q10 New Designator=Q11
Change Component Designator: Old Designator=R51 New Designator=R65
Change Component Designator: Old Designator=R52 New Designator=R66
Change Component Designator: Old Designator=R54 New Designator=R67
Change Component Designator: Old Designator=R56 New Designator=R68
Change Component Designator: Old Designator=R57 New Designator=R69
Change Component Designator: Old Designator=R58 New Designator=R70
Change Component Designator: Old Designator=R59 New Designator=R71
Change Component Designator: Old Designator=R60 New Designator=R72
Change Component Designator: Old Designator=R61 New Designator=R73
Change Component Designator: Old Designator=W1 New Designator=W4
Change Component Designator: Old Designator=W1 New Designator=W4
Change Component Designator: Old Designator=W1 New Designator=W4
