Change Component Designator: Old Designator=C26 New Designator=C33
Change Component Designator: Old Designator=C27 New Designator=C34
Change Component Designator: Old Designator=C28 New Designator=C35
Change Component Designator: Old Designator=C29 New Designator=C36
Change Component Designator: Old Designator=C30 New Designator=C37
Change Component Designator: Old Designator=C31 New Designator=C38
Change Component Designator: Old Designator=C32 New Designator=C39
Change Component Designator: Old Designator=C33 New Designator=C41
Change Component Designator: Old Designator=C34 New Designator=C43
Change Component Designator: Old Designator=C35 New Designator=C40
Change Component Designator: Old Designator=C36 New Designator=C42
Change Component Designator: Old Designator=C37 New Designator=C44
Change Component Designator: Old Designator=C38 New Designator=C45
Change Component Designator: Old Designator=C39 New Designator=C46
Change Component Designator: Old Designator=C40 New Designator=C47
Change Component Designator: Old Designator=C41 New Designator=C49
Change Component Designator: Old Designator=C54 New Designator=C50
Change Component Designator: Old Designator=C55 New Designator=C51
Change Component Designator: Old Designator=C56 New Designator=C52
Change Component Designator: Old Designator=C57 New Designator=C48
Change Component Designator: Old Designator=C58 New Designator=C56
Change Component Designator: Old Designator=C59 New Designator=C57
Change Component Designator: Old Designator=C60 New Designator=C58
Change Component Designator: Old Designator=C61 New Designator=C59
Change Component Designator: Old Designator=C62 New Designator=C60
Change Component Designator: Old Designator=C63 New Designator=C61
Change Component Designator: Old Designator=C64 New Designator=C63
Change Component Designator: Old Designator=C65 New Designator=C62
Change Component Designator: Old Designator=C96 New Designator=C64
Change Component Designator: Old Designator=C97 New Designator=C65
Change Component Designator: Old Designator=C98 New Designator=C68
Change Component Designator: Old Designator=C99 New Designator=C66
Change Component Designator: Old Designator=C100 New Designator=C67
Change Component Designator: Old Designator=C149 New Designator=C53
Change Component Designator: Old Designator=C150 New Designator=C54
Change Component Designator: Old Designator=C151 New Designator=C55
Change Component Designator: Old Designator=D6 New Designator=D5
Change Component Designator: Old Designator=IC3 New Designator=IC4
Change Component Designator: Old Designator=IC4 New Designator=IC5
Change Component Designator: Old Designator=IC5 New Designator=IC6
Change Component Designator: Old Designator=IC6 New Designator=IC7
Change Component Designator: Old Designator=Q2 New Designator=Q1
Change Component Designator: Old Designator=Q3 New Designator=Q2
Change Component Designator: Old Designator=Q4 New Designator=Q3
Change Component Designator: Old Designator=Q11 New Designator=Q5
Change Component Designator: Old Designator=Q12 New Designator=Q4
Change Component Designator: Old Designator=R7 New Designator=R19
Change Component Designator: Old Designator=R8 New Designator=R20
Change Component Designator: Old Designator=R9 New Designator=R7
Change Component Designator: Old Designator=R10 New Designator=R8
Change Component Designator: Old Designator=R11 New Designator=R9
Change Component Designator: Old Designator=R12 New Designator=R10
Change Component Designator: Old Designator=R13 New Designator=R11
Change Component Designator: Old Designator=R14 New Designator=R12
Change Component Designator: Old Designator=R15 New Designator=R13
Change Component Designator: Old Designator=R16 New Designator=R14
Change Component Designator: Old Designator=R18 New Designator=R15
Change Component Designator: Old Designator=R19 New Designator=R18
Change Component Designator: Old Designator=R20 New Designator=R16
Change Component Designator: Old Designator=R22 New Designator=R27
Change Component Designator: Old Designator=R23 New Designator=R28
Change Component Designator: Old Designator=R24 New Designator=R29
Change Component Designator: Old Designator=R26 New Designator=R23
Change Component Designator: Old Designator=R43 New Designator=R24
Change Component Designator: Old Designator=R44 New Designator=R26
Change Component Designator: Old Designator=R45 New Designator=R32
Change Component Designator: Old Designator=R46 New Designator=R30
Change Component Designator: Old Designator=R47 New Designator=R31
Change Component Designator: Old Designator=R48 New Designator=R36
Change Component Designator: Old Designator=R49 New Designator=R37
Change Component Designator: Old Designator=R50 New Designator=R35
Change Component Designator: Old Designator=R53 New Designator=R22
Change Component Designator: Old Designator=R55 New Designator=R40
Change Component Designator: Old Designator=R62 New Designator=R34
Change Component Designator: Old Designator=R63 New Designator=R33
Change Component Designator: Old Designator=R64 New Designator=R42
Change Component Designator: Old Designator=R65 New Designator=R38
Change Component Designator: Old Designator=R66 New Designator=R39
Change Component Designator: Old Designator=R67 New Designator=R41
Change Component Designator: Old Designator=U10 New Designator=U3
