Change Component Designator: Old Designator=C42 New Designator=C69
Change Component Designator: Old Designator=C43 New Designator=C70
Change Component Designator: Old Designator=C44 New Designator=C71
Change Component Designator: Old Designator=C45 New Designator=C72
Change Component Designator: Old Designator=C46 New Designator=C73
Change Component Designator: Old Designator=C47 New Designator=C74
Change Component Designator: Old Designator=C48 New Designator=C75
Change Component Designator: Old Designator=C49 New Designator=C76
Change Component Designator: Old Designator=C50 New Designator=C77
Change Component Designator: Old Designator=C51 New Designator=C78
Change Component Designator: Old Designator=C52 New Designator=C79
Change Component Designator: Old Designator=C53 New Designator=C80
Change Component Designator: Old Designator=IC10 New Designator=IC8
Change Component Designator: Old Designator=LED1 New Designator=LED2
Change Component Designator: Old Designator=LED2 New Designator=LED3
Change Component Designator: Old Designator=LED3 New Designator=LED4
Change Component Designator: Old Designator=LED4 New Designator=LED5
Change Component Designator: Old Designator=Q5 New Designator=Q6
Change Component Designator: Old Designator=Q6 New Designator=Q7
Change Component Designator: Old Designator=Q7 New Designator=Q8
Change Component Designator: Old Designator=Q8 New Designator=Q9
Change Component Designator: Old Designator=R27 New Designator=R43
Change Component Designator: Old Designator=R28 New Designator=R44
Change Component Designator: Old Designator=R29 New Designator=R45
Change Component Designator: Old Designator=R30 New Designator=R46
Change Component Designator: Old Designator=R31 New Designator=R47
Change Component Designator: Old Designator=R32 New Designator=R48
Change Component Designator: Old Designator=R33 New Designator=R49
Change Component Designator: Old Designator=R34 New Designator=R50
Change Component Designator: Old Designator=R35 New Designator=R51
Change Component Designator: Old Designator=R36 New Designator=R52
Change Component Designator: Old Designator=R37 New Designator=R53
Change Component Designator: Old Designator=R38 New Designator=R54
Change Component Designator: Old Designator=R39 New Designator=R55
Change Component Designator: Old Designator=R40 New Designator=R56
Change Component Designator: Old Designator=R41 New Designator=R57
Change Component Designator: Old Designator=R42 New Designator=R58
Change Component Designator: Old Designator=W2 New Designator=W1
Change Component Designator: Old Designator=W2 New Designator=W1
Change Component Designator: Old Designator=W3 New Designator=W2
Change Component Designator: Old Designator=W3 New Designator=W2
Change Component Designator: Old Designator=W9 New Designator=W3
Change Component Designator: Old Designator=W9 New Designator=W3
Change Component Designator: Old Designator=W9 New Designator=W3
Change Component Designator: Old Designator=W9 New Designator=W3
